RegisterNatives is at  0x79cf983e18 _ZN3art12_GLOBAL__N_18CheckJNI15RegisterNativesEP7_JNIEnvP7_jclassPK15JNINativeMethodi.llvm.13036589948386079409
RegisterNatives is at  0x79cf8526d0 _ZN3art3JNIILb0EE15RegisterNativesEP7_JNIEnvP7_jclassPK15JNINativeMethodi
RegisterNatives is at  0x79cfa4bf50 _ZN3art3JNIILb1EE15RegisterNativesEP7_JNIEnvP7_jclassPK15JNINativeMethodi
[RegisterNatives] method_count: 0x3
[RegisterNatives] java_class: com.tencent.bugly.crashreport.crash.jni.NativeCrashHandler name: regist sig: (Ljava/lang/String;ZI)Ljava/lang/String; fnPtr: 0x79bc18f5c8  fnOffset: 0x95c8  callee: 0x79bc1906b8 libBugly_Native.so!JNI_OnLoad+0x1c0 path: /data/app/~~U3surGAUUL2AUMBQNNpEcg==/com.qq.e.union.demo.union-i4wn7CdWFRy9Y_WCpYlhEQ==/lib/arm64/libBugly_Native.so
[RegisterNatives] java_class: com.tencent.bugly.crashreport.crash.jni.NativeCrashHandler name: unregist sig: ()Ljava/lang/String; fnPtr: 0x79bc18fad4  fnOffset: 0x9ad4  callee: 0x79bc1906b8 libBugly_Native.so!JNI_OnLoad+0x1c0 path: /data/app/~~U3surGAUUL2AUMBQNNpEcg==/com.qq.e.union.demo.union-i4wn7CdWFRy9Y_WCpYlhEQ==/lib/arm64/libBugly_Native.so
[RegisterNatives] java_class: com.tencent.bugly.crashreport.crash.jni.NativeCrashHandler name: testCrash sig: ()V fnPtr: 0x79bc18fd44  fnOffset: 0x9d44  callee: 0x79bc1906b8 libBugly_Native.so!JNI_OnLoad+0x1c0 path: /data/app/~~U3surGAUUL2AUMBQNNpEcg==/com.qq.e.union.demo.union-i4wn7CdWFRy9Y_WCpYlhEQ==/lib/arm64/libBugly_Native.so
[RegisterNatives] method_count: 0x3
[RegisterNatives] java_class: com.tencent.bugly.crashreport.crash.jni.NativeCrashHandler name: appendNativeLog sig: (Ljava/lang/String;Ljava/lang/String;Ljava/lang/String;)Z fnPtr: 0x79bc18fd58  fnOffset: 0x9d58  callee: 0x79bc190bfc libBugly_Native.so!JNI_OnLoad+0x704 path: /data/app/~~U3surGAUUL2AUMBQNNpEcg==/com.qq.e.union.demo.union-i4wn7CdWFRy9Y_WCpYlhEQ==/lib/arm64/libBugly_Native.so
[RegisterNatives] java_class: com.tencent.bugly.crashreport.crash.jni.NativeCrashHandler name: getNativeLog sig: ()Ljava/lang/String; fnPtr: 0x79bc18ff44  fnOffset: 0x9f44  callee: 0x79bc190bfc libBugly_Native.so!JNI_OnLoad+0x704 path: /data/app/~~U3surGAUUL2AUMBQNNpEcg==/com.qq.e.union.demo.union-i4wn7CdWFRy9Y_WCpYlhEQ==/lib/arm64/libBugly_Native.so
[RegisterNatives] java_class: com.tencent.bugly.crashreport.crash.jni.NativeCrashHandler name: appendWholeNativeLog sig: (Ljava/lang/String;)Z fnPtr: 0x79bc18feb0  fnOffset: 0x9eb0  callee: 0x79bc190bfc libBugly_Native.so!JNI_OnLoad+0x704 path: /data/app/~~U3surGAUUL2AUMBQNNpEcg==/com.qq.e.union.demo.union-i4wn7CdWFRy9Y_WCpYlhEQ==/lib/arm64/libBugly_Native.so
[RegisterNatives] method_count: 0x3
[RegisterNatives] java_class: com.tencent.bugly.crashreport.crash.jni.NativeCrashHandler name: putNativeKeyValue sig: (Ljava/lang/String;Ljava/lang/String;)Z fnPtr: 0x79bc18ffb0  fnOffset: 0x9fb0  callee: 0x79bc190c20 libBugly_Native.so!JNI_OnLoad+0x728 path: /data/app/~~U3surGAUUL2AUMBQNNpEcg==/com.qq.e.union.demo.union-i4wn7CdWFRy9Y_WCpYlhEQ==/lib/arm64/libBugly_Native.so
[RegisterNatives] java_class: com.tencent.bugly.crashreport.crash.jni.NativeCrashHandler name: getNativeKeyValueList sig: ()Ljava/lang/String; fnPtr: 0x79bc1900b0  fnOffset: 0xa0b0  callee: 0x79bc190c20 libBugly_Native.so!JNI_OnLoad+0x728 path: /data/app/~~U3surGAUUL2AUMBQNNpEcg==/com.qq.e.union.demo.union-i4wn7CdWFRy9Y_WCpYlhEQ==/lib/arm64/libBugly_Native.so
[RegisterNatives] java_class: com.tencent.bugly.crashreport.crash.jni.NativeCrashHandler name: removeNativeKeyValue sig: (Ljava/lang/String;)Ljava/lang/String; fnPtr: 0x79bc1900b8  fnOffset: 0xa0b8  callee: 0x79bc190c20 libBugly_Native.so!JNI_OnLoad+0x728 path: /data/app/~~U3surGAUUL2AUMBQNNpEcg==/com.qq.e.union.demo.union-i4wn7CdWFRy9Y_WCpYlhEQ==/lib/arm64/libBugly_Native.so
[RegisterNatives] method_count: 0x1
[RegisterNatives] java_class: com.tencent.bugly.crashreport.crash.jni.NativeCrashHandler name: setNativeInfo sig: (ILjava/lang/String;)V fnPtr: 0x79bc1900c0  fnOffset: 0xa0c0  callee: 0x79bc190c5c libBugly_Native.so!JNI_OnLoad+0x764 path: /data/app/~~U3surGAUUL2AUMBQNNpEcg==/com.qq.e.union.demo.union-i4wn7CdWFRy9Y_WCpYlhEQ==/lib/arm64/libBugly_Native.so
[RegisterNatives] method_count: 0x2
[RegisterNatives] java_class: com.tencent.bugly.crashreport.crash.jni.NativeCrashHandler name: getSoCpuAbi sig: ()Ljava/lang/String; fnPtr: 0x79bc1903fc  fnOffset: 0xa3fc  callee: 0x79bc190784 libBugly_Native.so!JNI_OnLoad+0x28c path: /data/app/~~U3surGAUUL2AUMBQNNpEcg==/com.qq.e.union.demo.union-i4wn7CdWFRy9Y_WCpYlhEQ==/lib/arm64/libBugly_Native.so
[RegisterNatives] java_class: com.tencent.bugly.crashreport.crash.jni.NativeCrashHandler name: getProperties sig: (Ljava/lang/String;)Ljava/lang/String; fnPtr: 0x79bc190448  fnOffset: 0xa448  callee: 0x79bc190784 libBugly_Native.so!JNI_OnLoad+0x28c path: /data/app/~~U3surGAUUL2AUMBQNNpEcg==/com.qq.e.union.demo.union-i4wn7CdWFRy9Y_WCpYlhEQ==/lib/arm64/libBugly_Native.so
[RegisterNatives] method_count: 0xa
[RegisterNatives] java_class: yaq.pro name: getVresult sig: (II[Ljava/lang/Object;)V fnPtr: 0x793cb65a6c  fnOffset: 0xa6c  callee: 0x793cb65da4 libyaqbasic.3e364a2a.so!0xda4 path: /data/data/com.qq.e.union.demo.union/app_e_qq_com_plugin_0f50a4d217c8538245ee2d99f71e9f37/libyaqbasic.3e364a2a.so
[RegisterNatives] java_class: yaq.pro name: getobjresult sig: (II[Ljava/lang/Object;)Ljava/lang/Object; fnPtr: 0x793cb65a8c  fnOffset: 0xa8c  callee: 0x793cb65da4 libyaqbasic.3e364a2a.so!0xda4 path: /data/data/com.qq.e.union.demo.union/app_e_qq_com_plugin_0f50a4d217c8538245ee2d99f71e9f37/libyaqbasic.3e364a2a.so
[RegisterNatives] java_class: yaq.pro name: getZresult sig: (II[Ljava/lang/Object;)Z fnPtr: 0x793cb65aac  fnOffset: 0xaac  callee: 0x793cb65da4 libyaqbasic.3e364a2a.so!0xda4 path: /data/data/com.qq.e.union.demo.union/app_e_qq_com_plugin_0f50a4d217c8538245ee2d99f71e9f37/libyaqbasic.3e364a2a.so
[RegisterNatives] java_class: yaq.pro name: getBresult sig: (II[Ljava/lang/Object;)B fnPtr: 0x793cb65acc  fnOffset: 0xacc  callee: 0x793cb65da4 libyaqbasic.3e364a2a.so!0xda4 path: /data/data/com.qq.e.union.demo.union/app_e_qq_com_plugin_0f50a4d217c8538245ee2d99f71e9f37/libyaqbasic.3e364a2a.so
[RegisterNatives] java_class: yaq.pro name: getCresult sig: (II[Ljava/lang/Object;)C fnPtr: 0x793cb65aec  fnOffset: 0xaec  callee: 0x793cb65da4 libyaqbasic.3e364a2a.so!0xda4 path: /data/data/com.qq.e.union.demo.union/app_e_qq_com_plugin_0f50a4d217c8538245ee2d99f71e9f37/libyaqbasic.3e364a2a.so
[RegisterNatives] java_class: yaq.pro name: getSresult sig: (II[Ljava/lang/Object;)S fnPtr: 0x793cb65b0c  fnOffset: 0xb0c  callee: 0x793cb65da4 libyaqbasic.3e364a2a.so!0xda4 path: /data/data/com.qq.e.union.demo.union/app_e_qq_com_plugin_0f50a4d217c8538245ee2d99f71e9f37/libyaqbasic.3e364a2a.so
[RegisterNatives] java_class: yaq.pro name: getIresult sig: (II[Ljava/lang/Object;)I fnPtr: 0x793cb65b2c  fnOffset: 0xb2c  callee: 0x793cb65da4 libyaqbasic.3e364a2a.so!0xda4 path: /data/data/com.qq.e.union.demo.union/app_e_qq_com_plugin_0f50a4d217c8538245ee2d99f71e9f37/libyaqbasic.3e364a2a.so
[RegisterNatives] java_class: yaq.pro name: getJresult sig: (II[Ljava/lang/Object;)J fnPtr: 0x793cb65b4c  fnOffset: 0xb4c  callee: 0x793cb65da4 libyaqbasic.3e364a2a.so!0xda4 path: /data/data/com.qq.e.union.demo.union/app_e_qq_com_plugin_0f50a4d217c8538245ee2d99f71e9f37/libyaqbasic.3e364a2a.so
[RegisterNatives] java_class: yaq.pro name: getFresult sig: (II[Ljava/lang/Object;)F fnPtr: 0x793cb65b6c  fnOffset: 0xb6c  callee: 0x793cb65da4 libyaqbasic.3e364a2a.so!0xda4 path: /data/data/com.qq.e.union.demo.union/app_e_qq_com_plugin_0f50a4d217c8538245ee2d99f71e9f37/libyaqbasic.3e364a2a.so
[RegisterNatives] java_class: yaq.pro name: getDresult sig: (II[Ljava/lang/Object;)D fnPtr: 0x793cb65b94  fnOffset: 0xb94  callee: 0x793cb65da4 libyaqbasic.3e364a2a.so!0xda4 path: /data/data/com.qq.e.union.demo.union/app_e_qq_com_plugin_0f50a4d217c8538245ee2d99f71e9f37/libyaqbasic.3e364a2a.so
[RegisterNatives] method_count: 0x1
[RegisterNatives] java_class: com.qq.e.comm.plugin.ju name: a sig: (I[Ljava/lang/Object;)Lorg/json/JSONObject; fnPtr: 0x793cb65bbc  fnOffset: 0xbbc  callee: 0x793cb65e5c libyaqbasic.3e364a2a.so!0xe5c path: /data/data/com.qq.e.union.demo.union/app_e_qq_com_plugin_0f50a4d217c8538245ee2d99f71e9f37/libyaqbasic.3e364a2a.so
[RegisterNatives] method_count: 0x2
[RegisterNatives] java_class: com.qq.e.comm.plugin.xx name: a sig: ([B)[B fnPtr: 0x793cb65be4  fnOffset: 0xbe4  callee: 0x793cb65e84 libyaqbasic.3e364a2a.so!0xe84 path: /data/data/com.qq.e.union.demo.union/app_e_qq_com_plugin_0f50a4d217c8538245ee2d99f71e9f37/libyaqbasic.3e364a2a.so
[RegisterNatives] java_class: com.qq.e.comm.plugin.xx name: a sig: ([BJ)[B fnPtr: 0x793cb65c08  fnOffset: 0xc08  callee: 0x793cb65e84 libyaqbasic.3e364a2a.so!0xe84 path: /data/data/com.qq.e.union.demo.union/app_e_qq_com_plugin_0f50a4d217c8538245ee2d99f71e9f37/libyaqbasic.3e364a2a.so
[RegisterNatives] method_count: 0xd
[RegisterNatives] java_class: com.tencent.turingfd.sdk.ams.au.TNative$aa name: a90_BD4FE23C352252DC sig: (Landroid/util/SparseArray;Landroid/content/Context;Ljava/util/Map;Ljava/util/Map;I)Landroid/util/SparseArray; fnPtr: 0x7930198984  fnOffset: 0x1f984  callee: 0x79301988c8 libturingau.3e364a2a.so!0x1f8c8 path: /data/data/com.qq.e.union.demo.union/app_e_qq_com_plugin_0f50a4d217c8538245ee2d99f71e9f37/libturingau.3e364a2a.so
[RegisterNatives] java_class: com.tencent.turingfd.sdk.ams.au.TNative$aa name: b90_BD4FE23C352252DC sig: (Landroid/util/SparseArray;[BLjava/util/Map;I)Landroid/util/SparseArray; fnPtr: 0x7930198ddc  fnOffset: 0x1fddc  callee: 0x79301988c8 libturingau.3e364a2a.so!0x1f8c8 path: /data/data/com.qq.e.union.demo.union/app_e_qq_com_plugin_0f50a4d217c8538245ee2d99f71e9f37/libturingau.3e364a2a.so
[RegisterNatives] java_class: com.tencent.turingfd.sdk.ams.au.TNative$aa name: c90_BD4FE23C352252DC sig: (Landroid/util/SparseArray;Landroid/content/Context;)Landroid/util/SparseArray; fnPtr: 0x7930199278  fnOffset: 0x20278  callee: 0x79301988c8 libturingau.3e364a2a.so!0x1f8c8 path: /data/data/com.qq.e.union.demo.union/app_e_qq_com_plugin_0f50a4d217c8538245ee2d99f71e9f37/libturingau.3e364a2a.so
[RegisterNatives] java_class: com.tencent.turingfd.sdk.ams.au.TNative$aa name: d90_BD4FE23C352252DC sig: (Landroid/util/SparseArray;Landroid/content/Context;I)Landroid/util/SparseArray; fnPtr: 0x793019938c  fnOffset: 0x2038c  callee: 0x79301988c8 libturingau.3e364a2a.so!0x1f8c8 path: /data/data/com.qq.e.union.demo.union/app_e_qq_com_plugin_0f50a4d217c8538245ee2d99f71e9f37/libturingau.3e364a2a.so
[RegisterNatives] java_class: com.tencent.turingfd.sdk.ams.au.TNative$aa name: e90_BD4FE23C352252DC sig: (Landroid/util/SparseArray;Landroid/content/Context;Ljava/util/Map;I)Landroid/util/SparseArray; fnPtr: 0x7930199688  fnOffset: 0x20688  callee: 0x79301988c8 libturingau.3e364a2a.so!0x1f8c8 path: /data/data/com.qq.e.union.demo.union/app_e_qq_com_plugin_0f50a4d217c8538245ee2d99f71e9f37/libturingau.3e364a2a.so
[RegisterNatives] java_class: com.tencent.turingfd.sdk.ams.au.TNative$aa name: f90_BD4FE23C352252DC sig: (Landroid/util/SparseArray;[BI)Landroid/util/SparseArray; fnPtr: 0x7930199cc8  fnOffset: 0x20cc8  callee: 0x79301988c8 libturingau.3e364a2a.so!0x1f8c8 path: /data/data/com.qq.e.union.demo.union/app_e_qq_com_plugin_0f50a4d217c8538245ee2d99f71e9f37/libturingau.3e364a2a.so
[RegisterNatives] java_class: com.tencent.turingfd.sdk.ams.au.TNative$aa name: g90_BD4FE23C352252DC sig: (Landroid/util/SparseArray;Landroid/content/Context;Ljava/util/Map;I)Landroid/util/SparseArray; fnPtr: 0x7930199eec  fnOffset: 0x20eec  callee: 0x79301988c8 libturingau.3e364a2a.so!0x1f8c8 path: /data/data/com.qq.e.union.demo.union/app_e_qq_com_plugin_0f50a4d217c8538245ee2d99f71e9f37/libturingau.3e364a2a.so
[RegisterNatives] java_class: com.tencent.turingfd.sdk.ams.au.TNative$aa name: h90_BD4FE23C352252DC sig: (Landroid/util/SparseArray;Landroid/content/Context;Ljava/util/Map;I)Landroid/util/SparseArray; fnPtr: 0x793019a16c  fnOffset: 0x2116c  callee: 0x79301988c8 libturingau.3e364a2a.so!0x1f8c8 path: /data/data/com.qq.e.union.demo.union/app_e_qq_com_plugin_0f50a4d217c8538245ee2d99f71e9f37/libturingau.3e364a2a.so
[RegisterNatives] java_class: com.tencent.turingfd.sdk.ams.au.TNative$aa name: i90_BD4FE23C352252DC sig: (Landroid/util/SparseArray;Landroid/content/Context;Ljava/util/Map;Ljava/lang/Object;Ljava/lang/Object;Ljava/lang/Object;)Landroid/util/SparseArray; fnPtr: 0x793019a328  fnOffset: 0x21328  callee: 0x79301988c8 libturingau.3e364a2a.so!0x1f8c8 path: /data/data/com.qq.e.union.demo.union/app_e_qq_com_plugin_0f50a4d217c8538245ee2d99f71e9f37/libturingau.3e364a2a.so
[RegisterNatives] java_class: com.tencent.turingfd.sdk.ams.au.TNative$aa name: j90_BD4FE23C352252DC sig: ()Ljava/lang/String; fnPtr: 0x793019a64c  fnOffset: 0x2164c  callee: 0x79301988c8 libturingau.3e364a2a.so!JNI_OnLoad+0x138 path: /data/data/com.qq.e.union.demo.union/app_e_qq_com_plugin_0f50a4d217c8538245ee2d99f71e9f37/libturingau.3e364a2a.so
[RegisterNatives] java_class: com.tencent.turingfd.sdk.ams.au.TNative$aa name: k90_BD4FE23C352252DC sig: ([B)[B fnPtr: 0x793019a6dc  fnOffset: 0x216dc  callee: 0x79301988c8 libturingau.3e364a2a.so!JNI_OnLoad+0x138 path: /data/data/com.qq.e.union.demo.union/app_e_qq_com_plugin_0f50a4d217c8538245ee2d99f71e9f37/libturingau.3e364a2a.so
[RegisterNatives] java_class: com.tencent.turingfd.sdk.ams.au.TNative$aa name: l90_BD4FE23C352252DC sig: (Ljava/lang/reflect/InvocationHandler;Ljava/util/concurrent/atomic/AtomicReference;Ljava/lang/ClassLoader;)V fnPtr: 0x79301bb130  fnOffset: 0x42130  callee: 0x79301988c8 libturingau.3e364a2a.so!JNI_OnLoad+0x138 path: /data/data/com.qq.e.union.demo.union/app_e_qq_com_plugin_0f50a4d217c8538245ee2d99f71e9f37/libturingau.3e364a2a.so
[RegisterNatives] java_class: com.tencent.turingfd.sdk.ams.au.TNative$aa name: m90_BD4FE23C352252DC sig: (Landroid/util/SparseArray;Landroid/content/Context;Ljava/util/Map;)Landroid/util/SparseArray; fnPtr: 0x793019a8e0  fnOffset: 0x218e0  callee: 0x79301988c8 libturingau.3e364a2a.so!JNI_OnLoad+0x138 path: /data/data/com.qq.e.union.demo.union/app_e_qq_com_plugin_0f50a4d217c8538245ee2d99f71e9f37/libturingau.3e364a2a.so
[RegisterNatives] method_count: 0x1
[RegisterNatives] java_class: com.tencent.turingfd.sdk.ams.au.TNative$aa$bb name: onServiceConnected sig: (Landroid/content/ComponentName;Landroid/os/IBinder;)V fnPtr: 0x79301a9e08  fnOffset: 0x30e08  callee: 0x7930198900 libturingau.3e364a2a.so!JNI_OnLoad+0x170 path: /data/data/com.qq.e.union.demo.union/app_e_qq_com_plugin_0f50a4d217c8538245ee2d99f71e9f37/libturingau.3e364a2a.so
[RegisterNatives] method_count: 0x1
[RegisterNatives] java_class: com.android.gdt.qone.uin.U name: r sig: (ZIILjava/lang/String;I[Ljava/lang/String;Ljava/lang/String;)Ljava/lang/String; fnPtr: 0x793c3c4a20  fnOffset: 0x3aa20  callee: 0x793c3a0b10 libgdtqone.so!0x16b10 path: /data/data/com.qq.e.union.demo.union/app_adnet/dynamic/libgdtqone.so
[RegisterNatives] method_count: 0x1
[RegisterNatives] method_count: 0x1
[RegisterNatives] java_class: com.android.gdt.qone.uin.U name: d sig: (Ljava/lang/String;)[B fnPtr: 0x793c3c4a0c  fnOffset: 0x3aa0c  callee: 0x793c3a0b10 libgdtqone.so!0x16b10 path: /data/data/com.qq.e.union.demo.union/app_adnet/dynamic/libgdtqone.so
[RegisterNatives] method_count: 0x1
[RegisterNatives] java_class: android.view.MotionEvent name: nativeIsTouchEvent sig: (J)Z fnPtr: 0x793cc87b48  fnOffset: 0x7b48  callee: 0x793cc871e0 libyaqpro.3e364a2a.so!0x71e0 path: /data/data/com.qq.e.union.demo.union/app_e_qq_com_plugin_0f50a4d217c8538245ee2d99f71e9f37/libyaqpro.3e364a2a.so
[RegisterNatives] method_count: 0x1
[RegisterNatives] java_class: com.android.gdt.qone.uin.U name: e sig: (Ljava/lang/String;Ljava/lang/String;)B fnPtr: 0x793c3c4a14  fnOffset: 0x3aa14  callee: 0x793c3a0b10 libgdtqone.so!0x16b10 path: /data/data/com.qq.e.union.demo.union/app_adnet/dynamic/libgdtqone.so
[RegisterNatives] method_count: 0x1
[RegisterNatives] java_class: android.view.MotionEvent name: nativeInitialize sig: (JIIIIIIIIIFFFFJJI[Landroid/view/MotionEvent$PointerProperties;[Landroid/view/MotionEvent$PointerCoords;)J fnPtr: 0x793cc895c0  fnOffset: 0x95c0  callee: 0x793cc871a8 libyaqpro.3e364a2a.so!0x71a8 path: /data/data/com.qq.e.union.demo.union/app_e_qq_com_plugin_0f50a4d217c8538245ee2d99f71e9f37/libyaqpro.3e364a2a.so
[RegisterNatives] java_class: com.android.gdt.qone.uin.U name: n sig: (Landroid/content/Context;Ljava/lang/String;[Ljava/lang/Object;Z)V fnPtr: 0x793c3c38ac  fnOffset: 0x398ac  callee: 0x793c3a0b10 libgdtqone.so!0x16b10 path: /data/data/com.qq.e.union.demo.union/app_adnet/dynamic/libgdtqone.so
[RegisterNatives] method_count: 0x1
[RegisterNatives] java_class: com.android.gdt.qone.uin.U name: m sig: (I)Ljava/lang/String; fnPtr: 0x793c3c4b68  fnOffset: 0x3ab68  callee: 0x793c3a0b10 libgdtqone.so!0x16b10 path: /data/data/com.qq.e.union.demo.union/app_adnet/dynamic/libgdtqone.so
[RegisterNatives] method_count: 0x1
[RegisterNatives] java_class: com.android.gdt.qone.uin.U name: z sig: (Landroid/content/Context;)Ljava/lang/String; fnPtr: 0x793c3c48dc  fnOffset: 0x3a8dc  callee: 0x793c3a0b10 libgdtqone.so!0x16b10 path: /data/data/com.qq.e.union.demo.union/app_adnet/dynamic/libgdtqone.so
[RegisterNatives] method_count: 0x1
[RegisterNatives] java_class: com.android.gdt.qone.uin.U name: z2 sig: (Landroid/content/Context;I)Ljava/lang/String; fnPtr: 0x793c3c4974  fnOffset: 0x3a974  callee: 0x793c3a0b10 libgdtqone.so!0x16b10 path: /data/data/com.qq.e.union.demo.union/app_adnet/dynamic/libgdtqone.so
[RegisterNatives] method_count: 0x1
[RegisterNatives] java_class: com.android.gdt.qone.uin.U name: o sig: ()Ljava/lang/String; fnPtr: 0x793c3c4840  fnOffset: 0x3a840  callee: 0x793c3a0b10 libgdtqone.so!0x16b10 path: /data/data/com.qq.e.union.demo.union/app_adnet/dynamic/libgdtqone.so
[RegisterNatives] method_count: 0x1
[RegisterNatives] java_class: com.android.gdt.qone.uin.U name: x sig: (Ljava/lang/String;)Ljava/lang/String; fnPtr: 0x793c3c44b8  fnOffset: 0x3a4b8  callee: 0x793c3a0b10 libgdtqone.so!0x16b10 path: /data/data/com.qq.e.union.demo.union/app_adnet/dynamic/libgdtqone.so
[RegisterNatives] method_count: 0x1
[RegisterNatives] java_class: com.android.gdt.qone.uin.U name: u sig: ()Ljava/lang/String; fnPtr: 0x793c3c43a8  fnOffset: 0x3a3a8  callee: 0x793c3a0b10 libgdtqone.so!0x16b10 path: /data/data/com.qq.e.union.demo.union/app_adnet/dynamic/libgdtqone.so
[RegisterNatives] method_count: 0x1
[RegisterNatives] java_class: com.android.gdt.qone.uin.U name: a sig: (I[B[B[B)[B fnPtr: 0x793c3c3918  fnOffset: 0x39918  callee: 0x793c3a0b10 libgdtqone.so!0x16b10 path: /data/data/com.qq.e.union.demo.union/app_adnet/dynamic/libgdtqone.so
[RegisterNatives] method_count: 0x1
[RegisterNatives] java_class: com.android.gdt.qone.uin.U name: p sig: ()Ljava/lang/String; fnPtr: 0x793c3c45b4  fnOffset: 0x3a5b4  callee: 0x793c3a0b10 libgdtqone.so!0x16b10 path: /data/data/com.qq.e.union.demo.union/app_adnet/dynamic/libgdtqone.so
[RegisterNatives] method_count: 0x1
[RegisterNatives] java_class: com.android.gdt.qone.uin.U name: b sig: ()Z fnPtr: 0x793c3c4828  fnOffset: 0x3a828  callee: 0x793c3a0b10 libgdtqone.so!0x16b10 path: /data/data/com.qq.e.union.demo.union/app_adnet/dynamic/libgdtqone.so
[RegisterNatives] method_count: 0x1
[RegisterNatives] java_class: com.android.gdt.qone.uin.U name: r4 sig: ([BI[BI)[B fnPtr: 0x793c3c3ee4  fnOffset: 0x39ee4  callee: 0x793c3a0b10 libgdtqone.so!0x16b10 path: /data/data/com.qq.e.union.demo.union/app_adnet/dynamic/libgdtqone.so
[RegisterNatives] method_count: 0x1
[RegisterNatives] java_class: com.android.gdt.qone.uin.U name: w sig: (Ljava/lang/String;)Z fnPtr: 0x793c3d2f14  fnOffset: 0x48f14  callee: 0x793c3a0b10 libgdtqone.so!0x16b10 path: /data/data/com.qq.e.union.demo.union/app_adnet/dynamic/libgdtqone.so
[RegisterNatives] method_count: 0x1
[RegisterNatives] java_class: com.android.gdt.qone.uin.U name: y sig: (Ljava/lang/String;)V fnPtr: 0x793c3c4c8c  fnOffset: 0x3ac8c  callee: 0x793c3a0b10 libgdtqone.so!0x16b10 path: /data/data/com.qq.e.union.demo.union/app_adnet/dynamic/libgdtqone.so
[RegisterNatives] method_count: 0x1
[RegisterNatives] java_class: com.android.gdt.qone.uin.U name: s sig: (Ljava/lang/String;)Z fnPtr: 0x793c3c4c90  fnOffset: 0x3ac90  callee: 0x793c3a0b10 libgdtqone.so!0x16b10 path: /data/data/com.qq.e.union.demo.union/app_adnet/dynamic/libgdtqone.so
[RegisterNatives] method_count: 0xa
[RegisterNatives] java_class: com.tencent.qqlive.modules.vb.tquic.impl.TnetQuicRequest name: nativeCreateTnetQuicAdapter sig: (Lcom/tencent/qqlive/modules/vb/tquic/impl/TnetConfig;I)J fnPtr: 0x791d9b6c44  fnOffset: 0x138c44  callee: 0x791d9b8828 libtquic_jni.so!0x13a828 path: /data/data/com.qq.e.union.demo.union/app_adnet/dynamic/libtquic_jni.so
[RegisterNatives] java_class: com.tencent.qqlive.modules.vb.tquic.impl.TnetQuicRequest name: nativeSetExpid sig: (I)V fnPtr: 0x791d9b6ca0  fnOffset: 0x138ca0  callee: 0x791d9b8828 libtquic_jni.so!0x13a828 path: /data/data/com.qq.e.union.demo.union/app_adnet/dynamic/libtquic_jni.so
[RegisterNatives] java_class: com.tencent.qqlive.modules.vb.tquic.impl.TnetQuicRequest name: nativeConnect sig: (JLjava/lang/String;Ljava/lang/String;)V fnPtr: 0x791d9b6ca8  fnOffset: 0x138ca8  callee: 0x791d9b8828 libtquic_jni.so!0x13a828 path: /data/data/com.qq.e.union.demo.union/app_adnet/dynamic/libtquic_jni.so
[RegisterNatives] java_class: com.tencent.qqlive.modules.vb.tquic.impl.TnetQuicRequest name: nativeAddHeaders sig: (JLjava/lang/String;Ljava/lang/String;)V fnPtr: 0x791d9b6dec  fnOffset: 0x138dec  callee: 0x791d9b8828 libtquic_jni.so!0x13a828 path: /data/data/com.qq.e.union.demo.union/app_adnet/dynamic/libtquic_jni.so
[RegisterNatives] java_class: com.tencent.qqlive.modules.vb.tquic.impl.TnetQuicRequest name: nativeIsConnectCompleted sig: (J)Z fnPtr: 0x791d9b6f30  fnOffset: 0x138f30  callee: 0x791d9b8828 libtquic_jni.so!0x13a828 path: /data/data/com.qq.e.union.demo.union/app_adnet/dynamic/libtquic_jni.so
[RegisterNatives] java_class: com.tencent.qqlive.modules.vb.tquic.impl.TnetQuicRequest name: nativeSendRequest sig: (J[BIZ)Z fnPtr: 0x791d9b6f4c  fnOffset: 0x138f4c  callee: 0x791d9b8828 libtquic_jni.so!0x13a828 path: /data/data/com.qq.e.union.demo.union/app_adnet/dynamic/libtquic_jni.so
[RegisterNatives] java_class: com.tencent.qqlive.modules.vb.tquic.impl.TnetQuicRequest name: nativeRequestFinished sig: (J)Z fnPtr: 0x791d9b7174  fnOffset: 0x139174  callee: 0x791d9b8828 libtquic_jni.so!0x13a828 path: /data/data/com.qq.e.union.demo.union/app_adnet/dynamic/libtquic_jni.so
[RegisterNatives] java_class: com.tencent.qqlive.modules.vb.tquic.impl.TnetQuicRequest name: nativeCancelRequest sig: (J)V fnPtr: 0x791d9b717c  fnOffset: 0x13917c  callee: 0x791d9b8828 libtquic_jni.so!0x13a828 path: /data/data/com.qq.e.union.demo.union/app_adnet/dynamic/libtquic_jni.so
[RegisterNatives] java_class: com.tencent.qqlive.modules.vb.tquic.impl.TnetQuicRequest name: nativeDestroy sig: (J)V fnPtr: 0x791d9b7184  fnOffset: 0x139184  callee: 0x791d9b8828 libtquic_jni.so!0x13a828 path: /data/data/com.qq.e.union.demo.union/app_adnet/dynamic/libtquic_jni.so
[RegisterNatives] java_class: com.tencent.qqlive.modules.vb.tquic.impl.TnetQuicRequest name: nativeGetTnetStates sig: (JLcom/tencent/qqlive/modules/vb/tquic/impl/TnetStats;)V fnPtr: 0x791d9b719c  fnOffset: 0x13919c  callee: 0x791d9b8828 libtquic_jni.so!0x13a828 path: /data/data/com.qq.e.union.demo.union/app_adnet/dynamic/libtquic_jni.so
[RegisterNatives] method_count: 0x5f
[RegisterNatives] java_class: com.qq.e.lib.yoga.YogaNative name: jni_YGConfigNewJNI sig: ()J fnPtr: 0x7912819720  fnOffset: 0x19720  callee: 0x791281b9e0 libgdtflex.so!0x1b9e0 path: /data/data/com.qq.e.union.demo.union/app_adnet/dynamic/libgdtflex.so
[RegisterNatives] java_class: com.qq.e.lib.yoga.YogaNative name: jni_YGConfigFreeJNI sig: (J)V fnPtr: 0x7912819724  fnOffset: 0x19724  callee: 0x791281b9e0 libgdtflex.so!0x1b9e0 path: /data/data/com.qq.e.union.demo.union/app_adnet/dynamic/libgdtflex.so
[RegisterNatives] java_class: com.qq.e.lib.yoga.YogaNative name: jni_YGConfigSetExperimentalFeatureEnabledJNI sig: (JIZ)V fnPtr: 0x79128197c0  fnOffset: 0x197c0  callee: 0x791281b9e0 libgdtflex.so!0x1b9e0 path: /data/data/com.qq.e.union.demo.union/app_adnet/dynamic/libgdtflex.so
[RegisterNatives] java_class: com.qq.e.lib.yoga.YogaNative name: jni_YGConfigSetUseWebDefaultsJNI sig: (JZ)V fnPtr: 0x79128197d8  fnOffset: 0x197d8  callee: 0x791281b9e0 libgdtflex.so!0x1b9e0 path: /data/data/com.qq.e.union.demo.union/app_adnet/dynamic/libgdtflex.so
[RegisterNatives] java_class: com.qq.e.lib.yoga.YogaNative name: jni_YGConfigSetPrintTreeFlagJNI sig: (JZ)V fnPtr: 0x79128197e8  fnOffset: 0x197e8  callee: 0x791281b9e0 libgdtflex.so!0x1b9e0 path: /data/data/com.qq.e.union.demo.union/app_adnet/dynamic/libgdtflex.so
[RegisterNatives] java_class: com.qq.e.lib.yoga.YogaNative name: jni_YGConfigSetPointScaleFactorJNI sig: (JF)V fnPtr: 0x79128197f8  fnOffset: 0x197f8  callee: 0x791281b9e0 libgdtflex.so!0x1b9e0 path: /data/data/com.qq.e.union.demo.union/app_adnet/dynamic/libgdtflex.so
[RegisterNatives] java_class: com.qq.e.lib.yoga.YogaNative name: jni_YGConfigSetUseLegacyStretchBehaviourJNI sig: (JZ)V fnPtr: 0x7912819800  fnOffset: 0x19800  callee: 0x791281b9e0 libgdtflex.so!0x1b9e0 path: /data/data/com.qq.e.union.demo.union/app_adnet/dynamic/libgdtflex.so
[RegisterNatives] java_class: com.qq.e.lib.yoga.YogaNative name: jni_YGConfigSetErrataJNI sig: (JI)V fnPtr: 0x7912819810  fnOffset: 0x19810  callee: 0x791281b9e0 libgdtflex.so!0x1b9e0 path: /data/data/com.qq.e.union.demo.union/app_adnet/dynamic/libgdtflex.so
[RegisterNatives] java_class: com.qq.e.lib.yoga.YogaNative name: jni_YGConfigGetErrataJNI sig: (J)I fnPtr: 0x791281981c  fnOffset: 0x1981c  callee: 0x791281b9e0 libgdtflex.so!0x1b9e0 path: /data/data/com.qq.e.union.demo.union/app_adnet/dynamic/libgdtflex.so
[RegisterNatives] java_class: com.qq.e.lib.yoga.YogaNative name: jni_YGConfigSetLoggerJNI sig: (JLcom/qq/e/lib/yoga/YogaLogger;)V fnPtr: 0x7912819824  fnOffset: 0x19824  callee: 0x791281b9e0 libgdtflex.so!0x1b9e0 path: /data/data/com.qq.e.union.demo.union/app_adnet/dynamic/libgdtflex.so
[RegisterNatives] java_class: com.qq.e.lib.yoga.YogaNative name: jni_YGNodeNewJNI sig: ()J fnPtr: 0x791281999c  fnOffset: 0x1999c  callee: 0x791281b9e0 libgdtflex.so!0x1b9e0 path: /data/data/com.qq.e.union.demo.union/app_adnet/dynamic/libgdtflex.so
[RegisterNatives] java_class: com.qq.e.lib.yoga.YogaNative name: jni_YGNodeNewWithConfigJNI sig: (J)J fnPtr: 0x79128199c8  fnOffset: 0x199c8  callee: 0x791281b9e0 libgdtflex.so!0x1b9e0 path: /data/data/com.qq.e.union.demo.union/app_adnet/dynamic/libgdtflex.so
[RegisterNatives] java_class: com.qq.e.lib.yoga.YogaNative name: jni_YGNodeDeallocateJNI sig: (J)V fnPtr: 0x79128199f8  fnOffset: 0x199f8  callee: 0x791281b9e0 libgdtflex.so!0x1b9e0 path: /data/data/com.qq.e.union.demo.union/app_adnet/dynamic/libgdtflex.so
[RegisterNatives] java_class: com.qq.e.lib.yoga.YogaNative name: jni_YGNodeResetJNI sig: (J)V fnPtr: 0x7912819a08  fnOffset: 0x19a08  callee: 0x791281b9e0 libgdtflex.so!0x1b9e0 path: /data/data/com.qq.e.union.demo.union/app_adnet/dynamic/libgdtflex.so
[RegisterNatives] java_class: com.qq.e.lib.yoga.YogaNative name: jni_YGNodeInsertChildJNI sig: (JJI)V fnPtr: 0x7912819a40  fnOffset: 0x19a40  callee: 0x791281b9e0 libgdtflex.so!0x1b9e0 path: /data/data/com.qq.e.union.demo.union/app_adnet/dynamic/libgdtflex.so
[RegisterNatives] java_class: com.qq.e.lib.yoga.YogaNative name: jni_YGNodeSwapChildJNI sig: (JJI)V fnPtr: 0x7912819a50  fnOffset: 0x19a50  callee: 0x791281b9e0 libgdtflex.so!0x1b9e0 path: /data/data/com.qq.e.union.demo.union/app_adnet/dynamic/libgdtflex.so
[RegisterNatives] java_class: com.qq.e.lib.yoga.YogaNative name: jni_YGNodeSetIsReferenceBaselineJNI sig: (JZ)V fnPtr: 0x7912819a60  fnOffset: 0x19a60  callee: 0x791281b9e0 libgdtflex.so!0x1b9e0 path: /data/data/com.qq.e.union.demo.union/app_adnet/dynamic/libgdtflex.so
[RegisterNatives] java_class: com.qq.e.lib.yoga.YogaNative name: jni_YGNodeIsReferenceBaselineJNI sig: (J)Z fnPtr: 0x7912819a70  fnOffset: 0x19a70  callee: 0x791281b9e0 libgdtflex.so!0x1b9e0 path: /data/data/com.qq.e.union.demo.union/app_adnet/dynamic/libgdtflex.so
[RegisterNatives] java_class: com.qq.e.lib.yoga.YogaNative name: jni_YGNodeRemoveAllChildrenJNI sig: (J)V fnPtr: 0x7912819a8c  fnOffset: 0x19a8c  callee: 0x791281b9e0 libgdtflex.so!0x1b9e0 path: /data/data/com.qq.e.union.demo.union/app_adnet/dynamic/libgdtflex.so
[RegisterNatives] java_class: com.qq.e.lib.yoga.YogaNative name: jni_YGNodeRemoveChildJNI sig: (JJ)V fnPtr: 0x7912819a94  fnOffset: 0x19a94  callee: 0x791281b9e0 libgdtflex.so!0x1b9e0 path: /data/data/com.qq.e.union.demo.union/app_adnet/dynamic/libgdtflex.so
[RegisterNatives] java_class: com.qq.e.lib.yoga.YogaNative name: jni_YGNodeCalculateLayoutJNI sig: (JFF[J[Lcom/qq/e/lib/yoga/YogaNodeJNIBase;)V fnPtr: 0x7912819aa0  fnOffset: 0x19aa0  callee: 0x791281b9e0 libgdtflex.so!0x1b9e0 path: /data/data/com.qq.e.union.demo.union/app_adnet/dynamic/libgdtflex.so
[RegisterNatives] java_class: com.qq.e.lib.yoga.YogaNative name: jni_YGNodeMarkDirtyJNI sig: (J)V fnPtr: 0x7912819d84  fnOffset: 0x19d84  callee: 0x791281b9e0 libgdtflex.so!0x1b9e0 path: /data/data/com.qq.e.union.demo.union/app_adnet/dynamic/libgdtflex.so
[RegisterNatives] java_class: com.qq.e.lib.yoga.YogaNative name: jni_YGNodeMarkDirtyAndPropagateToDescendantsJNI sig: (J)V fnPtr: 0x7912819d8c  fnOffset: 0x19d8c  callee: 0x791281b9e0 libgdtflex.so!0x1b9e0 path: /data/data/com.qq.e.union.demo.union/app_adnet/dynamic/libgdtflex.so
[RegisterNatives] java_class: com.qq.e.lib.yoga.YogaNative name: jni_YGNodeIsDirtyJNI sig: (J)Z fnPtr: 0x7912819d94  fnOffset: 0x19d94  callee: 0x791281b9e0 libgdtflex.so!0x1b9e0 path: /data/data/com.qq.e.union.demo.union/app_adnet/dynamic/libgdtflex.so
[RegisterNatives] java_class: com.qq.e.lib.yoga.YogaNative name: jni_YGNodeCopyStyleJNI sig: (JJ)V fnPtr: 0x7912819db0  fnOffset: 0x19db0  callee: 0x791281b9e0 libgdtflex.so!0x1b9e0 path: /data/data/com.qq.e.union.demo.union/app_adnet/dynamic/libgdtflex.so
[RegisterNatives] java_class: com.qq.e.lib.yoga.YogaNative name: jni_YGNodeStyleGetDirectionJNI sig: (J)I fnPtr: 0x7912819dbc  fnOffset: 0x19dbc  callee: 0x791281b9e0 libgdtflex.so!0x1b9e0 path: /data/data/com.qq.e.union.demo.union/app_adnet/dynamic/libgdtflex.so
[RegisterNatives] java_class: com.qq.e.lib.yoga.YogaNative name: jni_YGNodeStyleSetDirectionJNI sig: (JI)V fnPtr: 0x7912819dc4  fnOffset: 0x19dc4  callee: 0x791281b9e0 libgdtflex.so!0x1b9e0 path: /data/data/com.qq.e.union.demo.union/app_adnet/dynamic/libgdtflex.so
[RegisterNatives] java_class: com.qq.e.lib.yoga.YogaNative name: jni_YGNodeStyleGetFlexDirectionJNI sig: (J)I fnPtr: 0x7912819dd0  fnOffset: 0x19dd0  callee: 0x791281b9e0 libgdtflex.so!0x1b9e0 path: /data/data/com.qq.e.union.demo.union/app_adnet/dynamic/libgdtflex.so
[RegisterNatives] java_class: com.qq.e.lib.yoga.YogaNative name: jni_YGNodeStyleSetFlexDirectionJNI sig: (JI)V fnPtr: 0x7912819dd8  fnOffset: 0x19dd8  callee: 0x791281b9e0 libgdtflex.so!0x1b9e0 path: /data/data/com.qq.e.union.demo.union/app_adnet/dynamic/libgdtflex.so
[RegisterNatives] java_class: com.qq.e.lib.yoga.YogaNative name: jni_YGNodeStyleGetJustifyContentJNI sig: (J)I fnPtr: 0x7912819de4  fnOffset: 0x19de4  callee: 0x791281b9e0 libgdtflex.so!0x1b9e0 path: /data/data/com.qq.e.union.demo.union/app_adnet/dynamic/libgdtflex.so
[RegisterNatives] java_class: com.qq.e.lib.yoga.YogaNative name: jni_YGNodeStyleSetJustifyContentJNI sig: (JI)V fnPtr: 0x7912819dec  fnOffset: 0x19dec  callee: 0x791281b9e0 libgdtflex.so!0x1b9e0 path: /data/data/com.qq.e.union.demo.union/app_adnet/dynamic/libgdtflex.so
[RegisterNatives] java_class: com.qq.e.lib.yoga.YogaNative name: jni_YGNodeStyleGetAlignItemsJNI sig: (J)I fnPtr: 0x7912819df8  fnOffset: 0x19df8  callee: 0x791281b9e0 libgdtflex.so!0x1b9e0 path: /data/data/com.qq.e.union.demo.union/app_adnet/dynamic/libgdtflex.so
[RegisterNatives] java_class: com.qq.e.lib.yoga.YogaNative name: jni_YGNodeStyleSetAlignItemsJNI sig: (JI)V fnPtr: 0x7912819e00  fnOffset: 0x19e00  callee: 0x791281b9e0 libgdtflex.so!0x1b9e0 path: /data/data/com.qq.e.union.demo.union/app_adnet/dynamic/libgdtflex.so
[RegisterNatives] java_class: com.qq.e.lib.yoga.YogaNative name: jni_YGNodeStyleGetAlignSelfJNI sig: (J)I fnPtr: 0x7912819e0c  fnOffset: 0x19e0c  callee: 0x791281b9e0 libgdtflex.so!0x1b9e0 path: /data/data/com.qq.e.union.demo.union/app_adnet/dynamic/libgdtflex.so
[RegisterNatives] java_class: com.qq.e.lib.yoga.YogaNative name: jni_YGNodeStyleSetAlignSelfJNI sig: (JI)V fnPtr: 0x7912819e14  fnOffset: 0x19e14  callee: 0x791281b9e0 libgdtflex.so!0x1b9e0 path: /data/data/com.qq.e.union.demo.union/app_adnet/dynamic/libgdtflex.so
[RegisterNatives] java_class: com.qq.e.lib.yoga.YogaNative name: jni_YGNodeStyleGetAlignContentJNI sig: (J)I fnPtr: 0x7912819e20  fnOffset: 0x19e20  callee: 0x791281b9e0 libgdtflex.so!0x1b9e0 path: /data/data/com.qq.e.union.demo.union/app_adnet/dynamic/libgdtflex.so
[RegisterNatives] java_class: com.qq.e.lib.yoga.YogaNative name: jni_YGNodeStyleSetAlignContentJNI sig: (JI)V fnPtr: 0x7912819e28  fnOffset: 0x19e28  callee: 0x791281b9e0 libgdtflex.so!0x1b9e0 path: /data/data/com.qq.e.union.demo.union/app_adnet/dynamic/libgdtflex.so
[RegisterNatives] java_class: com.qq.e.lib.yoga.YogaNative name: jni_YGNodeStyleGetPositionTypeJNI sig: (J)I fnPtr: 0x7912819e34  fnOffset: 0x19e34  callee: 0x791281b9e0 libgdtflex.so!0x1b9e0 path: /data/data/com.qq.e.union.demo.union/app_adnet/dynamic/libgdtflex.so
[RegisterNatives] java_class: com.qq.e.lib.yoga.YogaNative name: jni_YGNodeStyleSetPositionTypeJNI sig: (JI)V fnPtr: 0x7912819e3c  fnOffset: 0x19e3c  callee: 0x791281b9e0 libgdtflex.so!0x1b9e0 path: /data/data/com.qq.e.union.demo.union/app_adnet/dynamic/libgdtflex.so
[RegisterNatives] java_class: com.qq.e.lib.yoga.YogaNative name: jni_YGNodeStyleGetFlexWrapJNI sig: (J)I fnPtr: 0x7912819e48  fnOffset: 0x19e48  callee: 0x791281b9e0 libgdtflex.so!0x1b9e0 path: /data/data/com.qq.e.union.demo.union/app_adnet/dynamic/libgdtflex.so
[RegisterNatives] java_class: com.qq.e.lib.yoga.YogaNative name: jni_YGNodeStyleSetFlexWrapJNI sig: (JI)V fnPtr: 0x7912819e50  fnOffset: 0x19e50  callee: 0x791281b9e0 libgdtflex.so!0x1b9e0 path: /data/data/com.qq.e.union.demo.union/app_adnet/dynamic/libgdtflex.so
[RegisterNatives] java_class: com.qq.e.lib.yoga.YogaNative name: jni_YGNodeStyleGetOverflowJNI sig: (J)I fnPtr: 0x7912819e5c  fnOffset: 0x19e5c  callee: 0x791281b9e0 libgdtflex.so!0x1b9e0 path: /data/data/com.qq.e.union.demo.union/app_adnet/dynamic/libgdtflex.so
[RegisterNatives] java_class: com.qq.e.lib.yoga.YogaNative name: jni_YGNodeStyleSetOverflowJNI sig: (JI)V fnPtr: 0x7912819e64  fnOffset: 0x19e64  callee: 0x791281b9e0 libgdtflex.so!0x1b9e0 path: /data/data/com.qq.e.union.demo.union/app_adnet/dynamic/libgdtflex.so
[RegisterNatives] java_class: com.qq.e.lib.yoga.YogaNative name: jni_YGNodeStyleGetDisplayJNI sig: (J)I fnPtr: 0x7912819e70  fnOffset: 0x19e70  callee: 0x791281b9e0 libgdtflex.so!0x1b9e0 path: /data/data/com.qq.e.union.demo.union/app_adnet/dynamic/libgdtflex.so
[RegisterNatives] java_class: com.qq.e.lib.yoga.YogaNative name: jni_YGNodeStyleSetDisplayJNI sig: (JI)V fnPtr: 0x7912819e78  fnOffset: 0x19e78  callee: 0x791281b9e0 libgdtflex.so!0x1b9e0 path: /data/data/com.qq.e.union.demo.union/app_adnet/dynamic/libgdtflex.so
[RegisterNatives] java_class: com.qq.e.lib.yoga.YogaNative name: jni_YGNodeStyleGetFlexJNI sig: (J)F fnPtr: 0x7912819e84  fnOffset: 0x19e84  callee: 0x791281b9e0 libgdtflex.so!0x1b9e0 path: /data/data/com.qq.e.union.demo.union/app_adnet/dynamic/libgdtflex.so
[RegisterNatives] java_class: com.qq.e.lib.yoga.YogaNative name: jni_YGNodeStyleSetFlexJNI sig: (JF)V fnPtr: 0x7912819e8c  fnOffset: 0x19e8c  callee: 0x791281b9e0 libgdtflex.so!0x1b9e0 path: /data/data/com.qq.e.union.demo.union/app_adnet/dynamic/libgdtflex.so
[RegisterNatives] java_class: com.qq.e.lib.yoga.YogaNative name: jni_YGNodeStyleGetFlexGrowJNI sig: (J)F fnPtr: 0x7912819e94  fnOffset: 0x19e94  callee: 0x791281b9e0 libgdtflex.so!0x1b9e0 path: /data/data/com.qq.e.union.demo.union/app_adnet/dynamic/libgdtflex.so
[RegisterNatives] java_class: com.qq.e.lib.yoga.YogaNative name: jni_YGNodeStyleSetFlexGrowJNI sig: (JF)V fnPtr: 0x7912819e9c  fnOffset: 0x19e9c  callee: 0x791281b9e0 libgdtflex.so!0x1b9e0 path: /data/data/com.qq.e.union.demo.union/app_adnet/dynamic/libgdtflex.so
[RegisterNatives] java_class: com.qq.e.lib.yoga.YogaNative name: jni_YGNodeStyleGetFlexShrinkJNI sig: (J)F fnPtr: 0x7912819ea4  fnOffset: 0x19ea4  callee: 0x791281b9e0 libgdtflex.so!0x1b9e0 path: /data/data/com.qq.e.union.demo.union/app_adnet/dynamic/libgdtflex.so
[RegisterNatives] java_class: com.qq.e.lib.yoga.YogaNative name: jni_YGNodeStyleSetFlexShrinkJNI sig: (JF)V fnPtr: 0x7912819eac  fnOffset: 0x19eac  callee: 0x791281b9e0 libgdtflex.so!0x1b9e0 path: /data/data/com.qq.e.union.demo.union/app_adnet/dynamic/libgdtflex.so
[RegisterNatives] java_class: com.qq.e.lib.yoga.YogaNative name: jni_YGNodeStyleGetFlexBasisJNI sig: (J)J fnPtr: 0x7912819eb4  fnOffset: 0x19eb4  callee: 0x791281b9e0 libgdtflex.so!0x1b9e0 path: /data/data/com.qq.e.union.demo.union/app_adnet/dynamic/libgdtflex.so
[RegisterNatives] java_class: com.qq.e.lib.yoga.YogaNative name: jni_YGNodeStyleSetFlexBasisJNI sig: (JF)V fnPtr: 0x7912819ebc  fnOffset: 0x19ebc  callee: 0x791281b9e0 libgdtflex.so!0x1b9e0 path: /data/data/com.qq.e.union.demo.union/app_adnet/dynamic/libgdtflex.so
[RegisterNatives] java_class: com.qq.e.lib.yoga.YogaNative name: jni_YGNodeStyleSetFlexBasisPercentJNI sig: (JF)V fnPtr: 0x7912819ec4  fnOffset: 0x19ec4  callee: 0x791281b9e0 libgdtflex.so!0x1b9e0 path: /data/data/com.qq.e.union.demo.union/app_adnet/dynamic/libgdtflex.so
[RegisterNatives] java_class: com.qq.e.lib.yoga.YogaNative name: jni_YGNodeStyleSetFlexBasisAutoJNI sig: (J)V fnPtr: 0x7912819ecc  fnOffset: 0x19ecc  callee: 0x791281b9e0 libgdtflex.so!0x1b9e0 path: /data/data/com.qq.e.union.demo.union/app_adnet/dynamic/libgdtflex.so
[RegisterNatives] java_class: com.qq.e.lib.yoga.YogaNative name: jni_YGNodeStyleGetMarginJNI sig: (JI)J fnPtr: 0x7912819ed4  fnOffset: 0x19ed4  callee: 0x791281b9e0 libgdtflex.so!0x1b9e0 path: /data/data/com.qq.e.union.demo.union/app_adnet/dynamic/libgdtflex.so
[RegisterNatives] java_class: com.qq.e.lib.yoga.YogaNative name: jni_YGNodeStyleSetMarginJNI sig: (JIF)V fnPtr: 0x7912819f18  fnOffset: 0x19f18  callee: 0x791281b9e0 libgdtflex.so!0x1b9e0 path: /data/data/com.qq.e.union.demo.union/app_adnet/dynamic/libgdtflex.so
[RegisterNatives] java_class: com.qq.e.lib.yoga.YogaNative name: jni_YGNodeStyleSetMarginPercentJNI sig: (JIF)V fnPtr: 0x7912819f64  fnOffset: 0x19f64  callee: 0x791281b9e0 libgdtflex.so!0x1b9e0 path: /data/data/com.qq.e.union.demo.union/app_adnet/dynamic/libgdtflex.so
[RegisterNatives] java_class: com.qq.e.lib.yoga.YogaNative name: jni_YGNodeStyleSetMarginAutoJNI sig: (JI)V fnPtr: 0x7912819fb0  fnOffset: 0x19fb0  callee: 0x791281b9e0 libgdtflex.so!0x1b9e0 path: /data/data/com.qq.e.union.demo.union/app_adnet/dynamic/libgdtflex.so
[RegisterNatives] java_class: com.qq.e.lib.yoga.YogaNative name: jni_YGNodeStyleGetPaddingJNI sig: (JI)J fnPtr: 0x7912819fec  fnOffset: 0x19fec  callee: 0x791281b9e0 libgdtflex.so!0x1b9e0 path: /data/data/com.qq.e.union.demo.union/app_adnet/dynamic/libgdtflex.so
[RegisterNatives] java_class: com.qq.e.lib.yoga.YogaNative name: jni_YGNodeStyleSetPaddingJNI sig: (JIF)V fnPtr: 0x791281a030  fnOffset: 0x1a030  callee: 0x791281b9e0 libgdtflex.so!0x1b9e0 path: /data/data/com.qq.e.union.demo.union/app_adnet/dynamic/libgdtflex.so
[RegisterNatives] java_class: com.qq.e.lib.yoga.YogaNative name: jni_YGNodeStyleSetPaddingPercentJNI sig: (JIF)V fnPtr: 0x791281a07c  fnOffset: 0x1a07c  callee: 0x791281b9e0 libgdtflex.so!0x1b9e0 path: /data/data/com.qq.e.union.demo.union/app_adnet/dynamic/libgdtflex.so
[RegisterNatives] java_class: com.qq.e.lib.yoga.YogaNative name: jni_YGNodeStyleGetBorderJNI sig: (JI)F fnPtr: 0x791281a0c8  fnOffset: 0x1a0c8  callee: 0x791281b9e0 libgdtflex.so!0x1b9e0 path: /data/data/com.qq.e.union.demo.union/app_adnet/dynamic/libgdtflex.so
[RegisterNatives] java_class: com.qq.e.lib.yoga.YogaNative name: jni_YGNodeStyleSetBorderJNI sig: (JIF)V fnPtr: 0x791281a110  fnOffset: 0x1a110  callee: 0x791281b9e0 libgdtflex.so!0x1b9e0 path: /data/data/com.qq.e.union.demo.union/app_adnet/dynamic/libgdtflex.so
[RegisterNatives] java_class: com.qq.e.lib.yoga.YogaNative name: jni_YGNodeStyleGetPositionJNI sig: (JI)J fnPtr: 0x791281a15c  fnOffset: 0x1a15c  callee: 0x791281b9e0 libgdtflex.so!0x1b9e0 path: /data/data/com.qq.e.union.demo.union/app_adnet/dynamic/libgdtflex.so
[RegisterNatives] java_class: com.qq.e.lib.yoga.YogaNative name: jni_YGNodeStyleSetPositionJNI sig: (JIF)V fnPtr: 0x791281a168  fnOffset: 0x1a168  callee: 0x791281b9e0 libgdtflex.so!0x1b9e0 path: /data/data/com.qq.e.union.demo.union/app_adnet/dynamic/libgdtflex.so
[RegisterNatives] java_class: com.qq.e.lib.yoga.YogaNative name: jni_YGNodeStyleSetPositionPercentJNI sig: (JIF)V fnPtr: 0x791281a174  fnOffset: 0x1a174  callee: 0x791281b9e0 libgdtflex.so!0x1b9e0 path: /data/data/com.qq.e.union.demo.union/app_adnet/dynamic/libgdtflex.so
[RegisterNatives] java_class: com.qq.e.lib.yoga.YogaNative name: jni_YGNodeStyleGetWidthJNI sig: (J)J fnPtr: 0x791281a180  fnOffset: 0x1a180  callee: 0x791281b9e0 libgdtflex.so!0x1b9e0 path: /data/data/com.qq.e.union.demo.union/app_adnet/dynamic/libgdtflex.so
[RegisterNatives] java_class: com.qq.e.lib.yoga.YogaNative name: jni_YGNodeStyleSetWidthJNI sig: (JF)V fnPtr: 0x791281a188  fnOffset: 0x1a188  callee: 0x791281b9e0 libgdtflex.so!0x1b9e0 path: /data/data/com.qq.e.union.demo.union/app_adnet/dynamic/libgdtflex.so
[RegisterNatives] java_class: com.qq.e.lib.yoga.YogaNative name: jni_YGNodeStyleSetWidthPercentJNI sig: (JF)V fnPtr: 0x791281a190  fnOffset: 0x1a190  callee: 0x791281b9e0 libgdtflex.so!0x1b9e0 path: /data/data/com.qq.e.union.demo.union/app_adnet/dynamic/libgdtflex.so
[RegisterNatives] java_class: com.qq.e.lib.yoga.YogaNative name: jni_YGNodeStyleSetWidthAutoJNI sig: (J)V fnPtr: 0x791281a198  fnOffset: 0x1a198  callee: 0x791281b9e0 libgdtflex.so!0x1b9e0 path: /data/data/com.qq.e.union.demo.union/app_adnet/dynamic/libgdtflex.so
[RegisterNatives] java_class: com.qq.e.lib.yoga.YogaNative name: jni_YGNodeStyleGetHeightJNI sig: (J)J fnPtr: 0x791281a1a0  fnOffset: 0x1a1a0  callee: 0x791281b9e0 libgdtflex.so!0x1b9e0 path: /data/data/com.qq.e.union.demo.union/app_adnet/dynamic/libgdtflex.so
[RegisterNatives] java_class: com.qq.e.lib.yoga.YogaNative name: jni_YGNodeStyleSetHeightJNI sig: (JF)V fnPtr: 0x791281a1a8  fnOffset: 0x1a1a8  callee: 0x791281b9e0 libgdtflex.so!0x1b9e0 path: /data/data/com.qq.e.union.demo.union/app_adnet/dynamic/libgdtflex.so
[RegisterNatives] java_class: com.qq.e.lib.yoga.YogaNative name: jni_YGNodeStyleSetHeightPercentJNI sig: (JF)V fnPtr: 0x791281a1b0  fnOffset: 0x1a1b0  callee: 0x791281b9e0 libgdtflex.so!0x1b9e0 path: /data/data/com.qq.e.union.demo.union/app_adnet/dynamic/libgdtflex.so
[RegisterNatives] java_class: com.qq.e.lib.yoga.YogaNative name: jni_YGNodeStyleSetHeightAutoJNI sig: (J)V fnPtr: 0x791281a1b8  fnOffset: 0x1a1b8  callee: 0x791281b9e0 libgdtflex.so!0x1b9e0 path: /data/data/com.qq.e.union.demo.union/app_adnet/dynamic/libgdtflex.so
[RegisterNatives] java_class: com.qq.e.lib.yoga.YogaNative name: jni_YGNodeStyleGetMinWidthJNI sig: (J)J fnPtr: 0x791281a1c0  fnOffset: 0x1a1c0  callee: 0x791281b9e0 libgdtflex.so!0x1b9e0 path: /data/data/com.qq.e.union.demo.union/app_adnet/dynamic/libgdtflex.so
[RegisterNatives] java_class: com.qq.e.lib.yoga.YogaNative name: jni_YGNodeStyleSetMinWidthJNI sig: (JF)V fnPtr: 0x791281a1c8  fnOffset: 0x1a1c8  callee: 0x791281b9e0 libgdtflex.so!0x1b9e0 path: /data/data/com.qq.e.union.demo.union/app_adnet/dynamic/libgdtflex.so
[RegisterNatives] java_class: com.qq.e.lib.yoga.YogaNative name: jni_YGNodeStyleSetMinWidthPercentJNI sig: (JF)V fnPtr: 0x791281a1d0  fnOffset: 0x1a1d0  callee: 0x791281b9e0 libgdtflex.so!0x1b9e0 path: /data/data/com.qq.e.union.demo.union/app_adnet/dynamic/libgdtflex.so
[RegisterNatives] java_class: com.qq.e.lib.yoga.YogaNative name: jni_YGNodeStyleGetMinHeightJNI sig: (J)J fnPtr: 0x791281a1d8  fnOffset: 0x1a1d8  callee: 0x791281b9e0 libgdtflex.so!0x1b9e0 path: /data/data/com.qq.e.union.demo.union/app_adnet/dynamic/libgdtflex.so
[RegisterNatives] java_class: com.qq.e.lib.yoga.YogaNative name: jni_YGNodeStyleSetMinHeightJNI sig: (JF)V fnPtr: 0x791281a1e0  fnOffset: 0x1a1e0  callee: 0x791281b9e0 libgdtflex.so!0x1b9e0 path: /data/data/com.qq.e.union.demo.union/app_adnet/dynamic/libgdtflex.so
[RegisterNatives] java_class: com.qq.e.lib.yoga.YogaNative name: jni_YGNodeStyleSetMinHeightPercentJNI sig: (JF)V fnPtr: 0x791281a1e8  fnOffset: 0x1a1e8  callee: 0x791281b9e0 libgdtflex.so!0x1b9e0 path: /data/data/com.qq.e.union.demo.union/app_adnet/dynamic/libgdtflex.so
[RegisterNatives] java_class: com.qq.e.lib.yoga.YogaNative name: jni_YGNodeStyleGetMaxWidthJNI sig: (J)J fnPtr: 0x791281a1f0  fnOffset: 0x1a1f0  callee: 0x791281b9e0 libgdtflex.so!0x1b9e0 path: /data/data/com.qq.e.union.demo.union/app_adnet/dynamic/libgdtflex.so
[RegisterNatives] java_class: com.qq.e.lib.yoga.YogaNative name: jni_YGNodeStyleSetMaxWidthJNI sig: (JF)V fnPtr: 0x791281a1f8  fnOffset: 0x1a1f8  callee: 0x791281b9e0 libgdtflex.so!0x1b9e0 path: /data/data/com.qq.e.union.demo.union/app_adnet/dynamic/libgdtflex.so
[RegisterNatives] java_class: com.qq.e.lib.yoga.YogaNative name: jni_YGNodeStyleSetMaxWidthPercentJNI sig: (JF)V fnPtr: 0x791281a200  fnOffset: 0x1a200  callee: 0x791281b9e0 libgdtflex.so!0x1b9e0 path: /data/data/com.qq.e.union.demo.union/app_adnet/dynamic/libgdtflex.so
[RegisterNatives] java_class: com.qq.e.lib.yoga.YogaNative name: jni_YGNodeStyleGetMaxHeightJNI sig: (J)J fnPtr: 0x791281a208  fnOffset: 0x1a208  callee: 0x791281b9e0 libgdtflex.so!0x1b9e0 path: /data/data/com.qq.e.union.demo.union/app_adnet/dynamic/libgdtflex.so
[RegisterNatives] java_class: com.qq.e.lib.yoga.YogaNative name: jni_YGNodeStyleSetMaxHeightJNI sig: (JF)V fnPtr: 0x791281a210  fnOffset: 0x1a210  callee: 0x791281b9e0 libgdtflex.so!0x1b9e0 path: /data/data/com.qq.e.union.demo.union/app_adnet/dynamic/libgdtflex.so
[RegisterNatives] java_class: com.qq.e.lib.yoga.YogaNative name: jni_YGNodeStyleSetMaxHeightPercentJNI sig: (JF)V fnPtr: 0x791281a218  fnOffset: 0x1a218  callee: 0x791281b9e0 libgdtflex.so!0x1b9e0 path: /data/data/com.qq.e.union.demo.union/app_adnet/dynamic/libgdtflex.so
[RegisterNatives] java_class: com.qq.e.lib.yoga.YogaNative name: jni_YGNodeStyleGetAspectRatioJNI sig: (J)F fnPtr: 0x791281a220  fnOffset: 0x1a220  callee: 0x791281b9e0 libgdtflex.so!0x1b9e0 path: /data/data/com.qq.e.union.demo.union/app_adnet/dynamic/libgdtflex.so
[RegisterNatives] java_class: com.qq.e.lib.yoga.YogaNative name: jni_YGNodeStyleSetAspectRatioJNI sig: (JF)V fnPtr: 0x791281a228  fnOffset: 0x1a228  callee: 0x791281b9e0 libgdtflex.so!0x1b9e0 path: /data/data/com.qq.e.union.demo.union/app_adnet/dynamic/libgdtflex.so
[RegisterNatives] java_class: com.qq.e.lib.yoga.YogaNative name: jni_YGNodeSetHasMeasureFuncJNI sig: (JZ)V fnPtr: 0x791281a230  fnOffset: 0x1a230  callee: 0x791281b9e0 libgdtflex.so!0x1b9e0 path: /data/data/com.qq.e.union.demo.union/app_adnet/dynamic/libgdtflex.so
[RegisterNatives] java_class: com.qq.e.lib.yoga.YogaNative name: jni_YGNodeStyleGetGapJNI sig: (JI)F fnPtr: 0x791281a248  fnOffset: 0x1a248  callee: 0x791281b9e0 libgdtflex.so!0x1b9e0 path: /data/data/com.qq.e.union.demo.union/app_adnet/dynamic/libgdtflex.so
[RegisterNatives] java_class: com.qq.e.lib.yoga.YogaNative name: jni_YGNodeStyleSetGapJNI sig: (JIF)V fnPtr: 0x791281a254  fnOffset: 0x1a254  callee: 0x791281b9e0 libgdtflex.so!0x1b9e0 path: /data/data/com.qq.e.union.demo.union/app_adnet/dynamic/libgdtflex.so
[RegisterNatives] java_class: com.qq.e.lib.yoga.YogaNative name: jni_YGNodeSetHasBaselineFuncJNI sig: (JZ)V fnPtr: 0x791281a260  fnOffset: 0x1a260  callee: 0x791281b9e0 libgdtflex.so!0x1b9e0 path: /data/data/com.qq.e.union.demo.union/app_adnet/dynamic/libgdtflex.so
[RegisterNatives] java_class: com.qq.e.lib.yoga.YogaNative name: jni_YGNodePrintJNI sig: (J)V fnPtr: 0x791281a284  fnOffset: 0x1a284  callee: 0x791281b9e0 libgdtflex.so!0x1b9e0 path: /data/data/com.qq.e.union.demo.union/app_adnet/dynamic/libgdtflex.so
[RegisterNatives] java_class: com.qq.e.lib.yoga.YogaNative name: jni_YGNodeCloneJNI sig: (J)J fnPtr: 0x791281a288  fnOffset: 0x1a288  callee: 0x791281b9e0 libgdtflex.so!0x1b9e0 path: /data/data/com.qq.e.union.demo.union/app_adnet/dynamic/libgdtflex.so
[RegisterNatives] method_count: 0x17
[RegisterNatives] java_class: com.tencent.libavif.AvifDecoder name: getFormat0 sig: ([BII)I fnPtr: 0x790b8604e8  fnOffset: 0x194e8  callee: 0x790b8604d4 libtencent-avif.so!0x194d4 path: /data/data/com.qq.e.union.demo.union/app_adnet/dynamic/libtencent-avif.so
[RegisterNatives] java_class: com.tencent.libavif.AvifDecoder name: createDecoderByteArray0 sig: ([BII)J fnPtr: 0x790b8609d8  fnOffset: 0x199d8  callee: 0x790b8604d4 libtencent-avif.so!0x194d4 path: /data/data/com.qq.e.union.demo.union/app_adnet/dynamic/libtencent-avif.so
[RegisterNatives] java_class: com.tencent.libavif.AvifDecoder name: createDecoderByteBuffer0 sig: (Ljava/nio/ByteBuffer;II)J fnPtr: 0x790b860ae4  fnOffset: 0x19ae4  callee: 0x790b8604d4 libtencent-avif.so!0x194d4 path: /data/data/com.qq.e.union.demo.union/app_adnet/dynamic/libtencent-avif.so
[RegisterNatives] java_class: com.tencent.libavif.AvifDecoder name: nextImage0 sig: (J)I fnPtr: 0x790b860bd4  fnOffset: 0x19bd4  callee: 0x790b8604d4 libtencent-avif.so!0x194d4 path: /data/data/com.qq.e.union.demo.union/app_adnet/dynamic/libtencent-avif.so
[RegisterNatives] java_class: com.tencent.libavif.AvifDecoder name: setMaxThread0 sig: (JI)V fnPtr: 0x790b860c10  fnOffset: 0x19c10  callee: 0x790b8604d4 libtencent-avif.so!0x194d4 path: /data/data/com.qq.e.union.demo.union/app_adnet/dynamic/libtencent-avif.so
[RegisterNatives] java_class: com.tencent.libavif.AvifDecoder name: nthImage0 sig: (JI)I fnPtr: 0x790b860c1c  fnOffset: 0x19c1c  callee: 0x790b8604d4 libtencent-avif.so!0x194d4 path: /data/data/com.qq.e.union.demo.union/app_adnet/dynamic/libtencent-avif.so
[RegisterNatives] java_class: com.tencent.libavif.AvifDecoder name: getImageCount0 sig: (J)I fnPtr: 0x790b860c5c  fnOffset: 0x19c5c  callee: 0x790b8604d4 libtencent-avif.so!0x194d4 path: /data/data/com.qq.e.union.demo.union/app_adnet/dynamic/libtencent-avif.so
[RegisterNatives] java_class: com.tencent.libavif.AvifDecoder name: getWidth0 sig: (J)I fnPtr: 0x790b860c98  fnOffset: 0x19c98  callee: 0x790b8604d4 libtencent-avif.so!0x194d4 path: /data/data/com.qq.e.union.demo.union/app_adnet/dynamic/libtencent-avif.so
[RegisterNatives] java_class: com.tencent.libavif.AvifDecoder name: getHeight0 sig: (J)I fnPtr: 0x790b860cd8  fnOffset: 0x19cd8  callee: 0x790b8604d4 libtencent-avif.so!0x194d4 path: /data/data/com.qq.e.union.demo.union/app_adnet/dynamic/libtencent-avif.so
[RegisterNatives] java_class: com.tencent.libavif.AvifDecoder name: getDepth0 sig: (J)I fnPtr: 0x790b860d18  fnOffset: 0x19d18  callee: 0x790b8604d4 libtencent-avif.so!0x194d4 path: /data/data/com.qq.e.union.demo.union/app_adnet/dynamic/libtencent-avif.so
[RegisterNatives] java_class: com.tencent.libavif.AvifDecoder name: hasAlpha0 sig: (J)Z fnPtr: 0x790b860d58  fnOffset: 0x19d58  callee: 0x790b8604d4 libtencent-avif.so!0x194d4 path: /data/data/com.qq.e.union.demo.union/app_adnet/dynamic/libtencent-avif.so
[RegisterNatives] java_class: com.tencent.libavif.AvifDecoder name: getImageDuration0 sig: (J)J fnPtr: 0x790b860d9c  fnOffset: 0x19d9c  callee: 0x790b8604d4 libtencent-avif.so!0x194d4 path: /data/data/com.qq.e.union.demo.union/app_adnet/dynamic/libtencent-avif.so
[RegisterNatives] java_class: com.tencent.libavif.AvifDecoder name: getNthImageDuration0 sig: (JI)J fnPtr: 0x790b860dec  fnOffset: 0x19dec  callee: 0x790b8604d4 libtencent-avif.so!0x194d4 path: /data/data/com.qq.e.union.demo.union/app_adnet/dynamic/libtencent-avif.so
[RegisterNatives] java_class: com.tencent.libavif.AvifDecoder name: getImageIndex0 sig: (J)I fnPtr: 0x790b860e98  fnOffset: 0x19e98  callee: 0x790b8604d4 libtencent-avif.so!0x194d4 path: /data/data/com.qq.e.union.demo.union/app_adnet/dynamic/libtencent-avif.so
[RegisterNatives] java_class: com.tencent.libavif.AvifDecoder name: getImageLimit0 sig: (J)I fnPtr: 0x790b860ed4  fnOffset: 0x19ed4  callee: 0x790b8604d4 libtencent-avif.so!0x194d4 path: /data/data/com.qq.e.union.demo.union/app_adnet/dynamic/libtencent-avif.so
[RegisterNatives] java_class: com.tencent.libavif.AvifDecoder name: getImage0 sig: (J)J fnPtr: 0x790b860f10  fnOffset: 0x19f10  callee: 0x790b8604d4 libtencent-avif.so!0x194d4 path: /data/data/com.qq.e.union.demo.union/app_adnet/dynamic/libtencent-avif.so
[RegisterNatives] java_class: com.tencent.libavif.AvifDecoder name: scaleImage0 sig: (JII)Z fnPtr: 0x790b860f88  fnOffset: 0x19f88  callee: 0x790b8604d4 libtencent-avif.so!0x194d4 path: /data/data/com.qq.e.union.demo.union/app_adnet/dynamic/libtencent-avif.so
[RegisterNatives] java_class: com.tencent.libavif.AvifDecoder name: getScaledImage0 sig: (JII)J fnPtr: 0x790b860fb0  fnOffset: 0x19fb0  callee: 0x790b8604d4 libtencent-avif.so!0x194d4 path: /data/data/com.qq.e.union.demo.union/app_adnet/dynamic/libtencent-avif.so
[RegisterNatives] java_class: com.tencent.libavif.AvifDecoder name: getCropedImage0 sig: (JIIII)J fnPtr: 0x790b8610c4  fnOffset: 0x1a0c4  callee: 0x790b8604d4 libtencent-avif.so!0x194d4 path: /data/data/com.qq.e.union.demo.union/app_adnet/dynamic/libtencent-avif.so
[RegisterNatives] java_class: com.tencent.libavif.AvifDecoder name: getRectedImage0 sig: (JIIIII)J fnPtr: 0x790b8611e4  fnOffset: 0x1a1e4  callee: 0x790b8604d4 libtencent-avif.so!0x194d4 path: /data/data/com.qq.e.union.demo.union/app_adnet/dynamic/libtencent-avif.so
[RegisterNatives] java_class: com.tencent.libavif.AvifDecoder name: getDiag0 sig: (J)Ljava/lang/String; fnPtr: 0x790b861390  fnOffset: 0x1a390  callee: 0x790b8604d4 libtencent-avif.so!0x194d4 path: /data/data/com.qq.e.union.demo.union/app_adnet/dynamic/libtencent-avif.so
[RegisterNatives] java_class: com.tencent.libavif.AvifDecoder name: reset0 sig: (J)V fnPtr: 0x790b8613a4  fnOffset: 0x1a3a4  callee: 0x790b8604d4 libtencent-avif.so!0x194d4 path: /data/data/com.qq.e.union.demo.union/app_adnet/dynamic/libtencent-avif.so
[RegisterNatives] java_class: com.tencent.libavif.AvifDecoder name: destroy0 sig: (J)V fnPtr: 0x790b861460  fnOffset: 0x1a460  callee: 0x790b8604d4 libtencent-avif.so!0x194d4 path: /data/data/com.qq.e.union.demo.union/app_adnet/dynamic/libtencent-avif.so
[RegisterNatives] method_count: 0x9
[RegisterNatives] java_class: com.tencent.libavif.AvifImage name: getWidth0 sig: (J)I fnPtr: 0x790b861648  fnOffset: 0x1a648  callee: 0x790b861634 libtencent-avif.so!0x1a634 path: /data/data/com.qq.e.union.demo.union/app_adnet/dynamic/libtencent-avif.so
[RegisterNatives] java_class: com.tencent.libavif.AvifImage name: getHeight0 sig: (J)I fnPtr: 0x790b861650  fnOffset: 0x1a650  callee: 0x790b861634 libtencent-avif.so!0x1a634 path: /data/data/com.qq.e.union.demo.union/app_adnet/dynamic/libtencent-avif.so
[RegisterNatives] java_class: com.tencent.libavif.AvifImage name: hasAlpha0 sig: (J)Z fnPtr: 0x790b861658  fnOffset: 0x1a658  callee: 0x790b861634 libtencent-avif.so!0x1a634 path: /data/data/com.qq.e.union.demo.union/app_adnet/dynamic/libtencent-avif.so
[RegisterNatives] java_class: com.tencent.libavif.AvifImage name: getDepth0 sig: (J)I fnPtr: 0x790b861668  fnOffset: 0x1a668  callee: 0x790b861634 libtencent-avif.so!0x1a634 path: /data/data/com.qq.e.union.demo.union/app_adnet/dynamic/libtencent-avif.so
[RegisterNatives] java_class: com.tencent.libavif.AvifImage name: getBitmap0 sig: (JLandroid/graphics/Bitmap;Z)V fnPtr: 0x790b861670  fnOffset: 0x1a670  callee: 0x790b861634 libtencent-avif.so!0x1a634 path: /data/data/com.qq.e.union.demo.union/app_adnet/dynamic/libtencent-avif.so
[RegisterNatives] java_class: com.tencent.libavif.AvifImage name: getYuvFormat0 sig: (J)I fnPtr: 0x790b861958  fnOffset: 0x1a958  callee: 0x790b861634 libtencent-avif.so!0x1a634 path: /data/data/com.qq.e.union.demo.union/app_adnet/dynamic/libtencent-avif.so
[RegisterNatives] java_class: com.tencent.libavif.AvifImage name: getYuvRange0 sig: (J)I fnPtr: 0x790b861960  fnOffset: 0x1a960  callee: 0x790b861634 libtencent-avif.so!0x1a634 path: /data/data/com.qq.e.union.demo.union/app_adnet/dynamic/libtencent-avif.so
[RegisterNatives] java_class: com.tencent.libavif.AvifImage name: convertToNV21Data0 sig: (J[B)I fnPtr: 0x790b861968  fnOffset: 0x1a968  callee: 0x790b861634 libtencent-avif.so!0x1a634 path: /data/data/com.qq.e.union.demo.union/app_adnet/dynamic/libtencent-avif.so
[RegisterNatives] java_class: com.tencent.libavif.AvifImage name: destroy0 sig: (J)V fnPtr: 0x790b861b2c  fnOffset: 0x1ab2c  callee: 0x790b861634 libtencent-avif.so!0x1a634 path: /data/data/com.qq.e.union.demo.union/app_adnet/dynamic/libtencent-avif.so
