🧬 Found libgdtqone.so at 0x6f2d200000
baseadd 0x6f2d200000
[INLINE] len = 0
[!] Abnormal length: 0
leave sub_23FA0
[sub_23FA0] [INLINE RESULT] len = 377979772
[INLINE] len = 2
             0  1  2  3  4  5  6  7  8  9  A  B  C  D  E  F  0123456789ABCDEF
6f2d0f0651  33 35                                            35
leave sub_23FA0
[sub_23FA0] [INLINE RESULT] len = 377979772
[HEAP] len = 41  ptr = 0xb400007018a8eb10
                   0  1  2  3  4  5  6  7  8  9  A  B  C  D  E  F  0123456789ABCDEF
b400007018a8eb10  7b 22 51 6d 55 69 6e 22 3a 22 31 37 35 32 34 38  {"QmUin":"175248
b400007018a8eb20  38 37 30 36 30 34 32 35 63 30 34 38 66 66 34 37  87060425c048ff47
b400007018a8eb30  35 35 30 36 37 33 39 22 7d                       5506739"}
leave sub_23FA0
[sub_23FA0] [INLINE RESULT] len = 377979772
[INLINE] len = 6
             0  1  2  3  4  5  6  7  8  9  A  B  C  D  E  F  0123456789ABCDEF
6f2d0f0651  67 6f 6f 67 6c 65                                google
leave sub_23FA0
[sub_23FA0] [INLINE RESULT] len = 377979772
[HEAP] len = 1385  ptr = 0xb4000070f8a23310
                   0  1  2  3  4  5  6  7  8  9  A  B  C  D  E  F  0123456789ABCDEF
b4000070f8a23310  6b 31 3a 32 30 32 35 2d 30 36 2d 30 36 31 37 33  k1:2025-06-06173
b4000070f8a23320  31 30 31 2e 35 35 38 33 33 33 33 35 36 2b 30 38  101.558333356+08
b4000070f8a23330  30 30 3b 6b 32 3a 32 30 32 35 2d 30 36 2d 30 36  00;k2:2025-06-06
b4000070f8a23340  31 37 33 31 32 38 2e 32 32 38 33 33 36 30 31 33  173128.228336013
b4000070f8a23350  2b 30 38 30 30 3b 6b 33 3a 30 30 30 30 30 30 30  +0800;k3:0000000
b4000070f8a23360  30 30 30 30 30 30 30 30 30 3b 6b 34 3a 38 61 31  000000000;k4:8a1
b4000070f8a23370  39 36 62 39 61 33 65 33 36 62 36 64 62 3b 6b 35  96b9a3e36b6db;k5
b4000070f8a23380  3a 31 33 31 30 36 36 38 33 3b 6b 36 3a 31 32 37  :13106683;k6:127
b4000070f8a23390  38 36 36 38 38 3b 6b 37 3a 32 31 35 30 34 30 3b  86688;k7:215040;
b4000070f8a233a0  6b 38 3a 32 38 30 30 3b 6b 39 3a 65 37 63 65 36  k8:2800;k9:e7ce6
b4000070f8a233b0  39 35 33 2d 37 36 31 65 2d 34 38 36 34 2d 61 38  953-761e-4864-a8
b4000070f8a233c0  66 36 2d 63 63 64 38 37 61 37 36 61 37 64 63 3b  f6-ccd87a76a7dc;
b4000070f8a233d0  6b 31 31 3a 31 37 31 3b 6b 31 32 3a 34 3b 6b 31  k11:171;k12:4;k1
b4000070f8a233e0  33 3a 32 30 32 35 2d 30 36 2d 30 36 31 37 33 31  3:2025-06-061731
b4000070f8a233f0  32 38 2e 32 32 38 33 33 36 30 31 33 2b 30 38 30  28.228336013+080
b4000070f8a23400  30 3b 6b 31 34 3a 32 30 32 35 2d 30 36 2d 32 36  0;k14:2025-06-26
b4000070f8a23410  31 35 33 39 34 34 2e 33 32 32 34 30 38 36 38 35  153944.322408685
b4000070f8a23420  2b 30 38 30 30 3b 6b 31 35 3a 32 39 35 34 3b 6b  +0800;k15:2954;k
b4000070f8a23430  31 36 3a 31 36 3b 6b 31 37 3a 32 30 32 35 2d 30  16:16;k17:2025-0
b4000070f8a23440  37 2d 31 34 31 38 32 35 30 35 2e 33 30 36 36 32  7-14182505.30662
b4000070f8a23450  33 39 33 36 2b 30 38 30 30 3b 6b 31 38 3a 32 30  3936+0800;k18:20
b4000070f8a23460  32 35 2d 30 37 2d 31 34 31 38 32 35 30 35 2e 33  25-07-14182505.3
b4000070f8a23470  30 36 36 32 33 39 33 36 2b 30 38 30 30 3b 6b 31  06623936+0800;k1
b4000070f8a23480  39 3a 33 38 36 38 35 35 3b 6b 32 30 3a 34 3b 6b  9:386855;k20:4;k
b4000070f8a23490  32 31 3a 32 30 32 35 2d 30 37 2d 31 34 31 38 32  21:2025-07-14182
b4000070f8a234a0  35 30 35 2e 33 30 36 36 32 33 39 33 36 2b 30 38  505.306623936+08
b4000070f8a234b0  30 30 3b 6b 32 32 3a 32 30 32 35 2d 30 37 2d 31  00;k22:2025-07-1
b4000070f8a234c0  34 31 38 32 35 30 35 2e 33 30 36 36 32 33 39 33  4182505.30662393
b4000070f8a234d0  36 2b 30 38 30 30 3b 6b 32 33 3a 33 38 36 38 35  6+0800;k23:38685
b4000070f8a234e0  36 3b 6b 32 34 3a 32 3b 6b 32 35 3a 32 30 32 35  6;k24:2;k25:2025
b4000070f8a234f0  2d 30 37 2d 31 34 31 34 31 32 30 32 2e 37 34 31  -07-14141202.741
b4000070f8a23500  37 37 38 31 33 38 2b 30 38 30 30 3b 6b 32 36 3a  778138+0800;k26:
b4000070f8a23510  31 39 37 30 2d 30 32 2d 31 39 30 36 34 39 32 35  1970-02-19064925
b4000070f8a23520  2e 38 34 30 30 30 30 36 33 31 2b 30 38 30 30 3b  .840000631+0800;
b4000070f8a23530  6b 32 37 3a 32 32 30 34 32 3b 6b 32 38 3a 31 35  k27:22042;k28:15
b4000070f8a23540  3b 6b 32 39 3a 3b 6b 33 30 3a 3b 6b 33 31 3a 3b  ;k29:;k30:;k31:;
b4000070f8a23550  6b 33 32 3a 3b 6b 33 33 3a 32 30 32 35 2d 30 36  k32:;k33:2025-06
b4000070f8a23560  2d 30 36 31 37 33 31 32 38 2e 37 38 35 30 30 32  -06173128.785002
b4000070f8a23570  37 33 35 2b 30 38 30 30 3b 6b 33 34 3a 32 30 32  735+0800;k34:202
b4000070f8a23580  35 2d 30 36 2d 31 32 31 39 31 32 33 33 2e 36 33  5-06-12191233.63
b4000070f8a23590  38 32 32 32 37 35 37 2b 30 38 30 30 3b 6b 33 35  8222757+0800;k35
b4000070f8a235a0  3a 33 37 37 33 3b 6b 33 36 3a 31 37 3b 6b 33 37  :3773;k36:17;k37
b4000070f8a235b0  3a 32 30 32 35 2d 30 36 2d 30 36 31 37 33 31 32  :2025-06-0617312
b4000070f8a235c0  38 2e 37 38 35 30 30 32 37 33 35 2b 30 38 30 30  8.785002735+0800
b4000070f8a235d0  3b 6b 33 38 3a 32 30 32 35 2d 30 36 2d 30 36 31  ;k38:2025-06-061
b4000070f8a235e0  37 33 31 32 38 2e 37 38 35 30 30 32 37 33 35 2b  73128.785002735+
b4000070f8a235f0  30 38 30 30 3b 6b 33 39 3a 33 37 37 32 3b 6b 34  0800;k39:3772;k4
b4000070f8a23600  30 3a 35 3b 6b 34 31 3a 3b 6b 34 32 3a 3b 6b 34  0:5;k41:;k42:;k4
b4000070f8a23610  33 3a 3b 6b 34 34 3a 3b 6b 34 35 3a 32 30 32 35  3:;k44:;k45:2025
b4000070f8a23620  2d 30 36 2d 30 36 31 37 33 31 32 33 2e 38 30 38  -06-06173123.808
b4000070f8a23630  33 33 35 35 37 33 2b 30 38 30 30 3b 6b 34 36 3a  335573+0800;k46:
b4000070f8a23640  32 36 30 34 3b 6b 34 37 3a 32 30 32 35 2d 30 36  2604;k47:2025-06
b4000070f8a23650  2d 30 36 31 37 33 31 30 31 2e 34 37 38 33 33 33  -06173101.478333
b4000070f8a23660  33 34 38 2b 30 38 30 30 3b 6b 34 38 3a 32 30 32  348+0800;k48:202
b4000070f8a23670  35 2d 30 36 2d 30 36 31 37 33 31 30 33 2e 37 36  5-06-06173103.76
b4000070f8a23680  38 33 33 33 35 37 36 2b 30 38 30 30 3b 6b 34 39  8333576+0800;k49
b4000070f8a23690  3a 32 30 32 35 2d 30 36 2d 30 36 31 37 33 31 32  :2025-06-0617312
b4000070f8a236a0  33 2e 38 36 35 30 30 32 32 34 35 2b 30 38 30 30  3.865002245+0800
b4000070f8a236b0  3b 6b 35 30 3a 32 36 30 36 3b 6b 35 31 3a 3b 6b  ;k50:2606;k51:;k
b4000070f8a236c0  35 32 3a 3b 6b 35 33 3a 3b 6b 35 34 3a 32 30 32  52:;k53:;k54:202
b4000070f8a236d0  35 2d 30 36 2d 30 36 31 37 33 31 30 31 2e 34 37  5-06-06173101.47
b4000070f8a236e0  38 33 33 33 33 34 38 2b 30 38 30 30 3b 6b 35 35  8333348+0800;k55
b4000070f8a236f0  3a 39 39 3b 6b 35 36 3a 32 35 39 33 3b 6b 35 37  :99;k56:2593;k57
b4000070f8a23700  3a 32 36 30 35 3b 6b 35 38 3a 32 30 32 35 2d 30  :2605;k58:2025-0
b4000070f8a23710  36 2d 30 36 31 37 33 31 31 33 2e 38 38 31 36 36  6-06173113.88166
b4000070f8a23720  37 39 31 37 2b 30 38 30 30 3b 6b 35 39 3a 32 30  7917+0800;k59:20
b4000070f8a23730  32 35 2d 30 36 2d 30 36 31 37 33 31 31 33 2e 38  25-06-06173113.8
b4000070f8a23740  38 31 36 36 37 39 31 37 2b 30 38 30 30 3b 6b 36  81667917+0800;k6
b4000070f8a23750  30 3a 31 39 39 30 3b 6b 36 31 3a 35 35 38 32 3b  0:1990;k61:5582;
b4000070f8a23760  6b 36 32 3a 32 30 32 35 2d 30 36 2d 30 36 31 37  k62:2025-06-0617
b4000070f8a23770  33 31 32 34 2e 31 38 38 33 33 35 36 31 30 2b 30  3124.188335610+0
b4000070f8a23780  38 30 30 3b 6b 36 33 3a 32 36 32 37 3b 6b 36 34  800;k63:2627;k64
b4000070f8a23790  3a 32 30 32 35 2d 30 36 2d 30 36 31 37 33 31 32  :2025-06-0617312
b4000070f8a237a0  33 2e 35 31 31 36 36 38 38 37 36 2b 30 38 30 30  3.511668876+0800
b4000070f8a237b0  3b 6b 36 35 3a 32 35 39 39 3b 6b 36 36 3a 31 37  ;k65:2599;k66:17
b4000070f8a237c0  31 3b 6b 36 37 3a 32 30 32 35 2d 30 36 2d 30 36  1;k67:2025-06-06
b4000070f8a237d0  31 37 33 31 30 36 2e 37 32 31 36 36 37 32 30 34  173106.721667204
b4000070f8a237e0  2b 30 38 30 30 3b 6b 36 38 3a 33 38 32 3b 6b 36  +0800;k68:382;k6
b4000070f8a237f0  39 3a 3b 6b 37 30 3a 31 31 33 3b 6b 37 31 3a 32  9:;k70:113;k71:2
b4000070f8a23800  30 32 35 2d 30 36 2d 30 36 31 37 33 31 30 31 2e  025-06-06173101.
b4000070f8a23810  34 37 38 33 33 33 33 34 38 2b 30 38 30 30 3b 6b  478333348+0800;k
b4000070f8a23820  37 32 3a 31 31 34 3b 6b 37 33 3a 32 30 32 35 2d  72:114;k73:2025-
b4000070f8a23830  30 36 2d 30 36 31 37 33 31 30 31 2e 34 38 31 36  06-06173101.4816
b4000070f8a23840  36 36 36 38 32 2b 30 38 30 30 3b 6b 37 34 3a 32  66682+0800;k74:2
b4000070f8a23850  30 32 35 2d 30 36 2d 30 36 31 37 33 31 30 36 2e  025-06-06173106.
b4000070f8a23860  38 32 31 36 36 37 32 31 34 2b 30 38 30 30 3b 6b  821667214+0800;k
b4000070f8a23870  37 35 3a 3b 6b 31 30 3a 31                       75:;k10:1
leave sub_23FA0
[sub_23FA0] [INLINE RESULT] len = 377979772
[INLINE] len = 0
[!] Abnormal length: 0
leave sub_23FA0
[sub_23FA0] [INLINE RESULT] len = 377979772
[HEAP] len = 64  ptr = 0xb400007038a34590
                   0  1  2  3  4  5  6  7  8  9  A  B  C  D  E  F  0123456789ABCDEF
b400007038a34590  36 39 31 37 31 38 66 62 65 61 34 35 32 36 64 63  691718fbea4526dc
b400007038a345a0  62 35 38 30 34 35 63 32 35 63 63 32 31 39 38 66  b58045c25cc2198f
b400007038a345b0  66 31 30 63 62 35 31 37 63 30 62 35 38 35 63 30  f10cb517c0b585c0
b400007038a345c0  65 61 64 37 36 37 64 39 36 39 36 35 64 63 31 37  ead767d96965dc17
leave sub_23FA0
[sub_23FA0] [INLINE RESULT] len = 377979772
[INLINE] len = 0
[!] Abnormal length: 0
leave sub_23FA0
[sub_23FA0] [INLINE RESULT] len = 377979772
[INLINE] len = 0
[!] Abnormal length: 0
leave sub_23FA0
[sub_23FA0] [INLINE RESULT] len = 377979772
[INLINE] len = 0
[!] Abnormal length: 0
leave sub_23FA0
[sub_23FA0] [INLINE RESULT] len = 377979772
[INLINE] len = 0
[!] Abnormal length: 0
leave sub_23FA0
[sub_23FA0] [INLINE RESULT] len = 377979772
[HEAP] len = 496  ptr = 0xb4000070c8a1cc10
                   0  1  2  3  4  5  6  7  8  9  A  B  C  D  E  F  0123456789ABCDEF
b4000070c8a1cc10  7b 22 68 61 72 6d 6f 6e 79 22 3a 22 30 22 2c 22  {"harmony":"0","
b4000070c8a1cc20  63 6c 6f 6e 65 22 3a 22 30 22 2c 22 63 6f 6e 74  clone":"0","cont
b4000070c8a1cc30  61 69 6e 65 22 3a 22 22 2c 22 6f 7a 22 3a 22 5a  aine":"","oz":"Z
b4000070c8a1cc40  79 6a 53 78 73 78 2b 42 61 4e 6a 79 2b 77 34 66  yjSxsx+BaNjy+w4f
b4000070c8a1cc50  44 31 4d 43 2b 34 68 39 48 6b 76 45 54 77 2b 5c  D1MC+4h9HkvETw+\
b4000070c8a1cc60  2f 51 68 6d 56 54 48 6f 53 52 30 3d 22 2c 22 6f  /QhmVTHoSR0=","o
b4000070c8a1cc70  7a 32 22 3a 22 22 2c 22 6f 6f 22 3a 22 37 46 73  z2":"","oo":"7Fs
b4000070c8a1cc80  7a 54 78 68 6c 50 34 32 54 5a 50 70 48 31 4d 32  zTxhlP42TZPpH1M2
b4000070c8a1cc90  45 79 67 3d 3d 22 2c 22 6b 65 6c 6f 6e 67 22 3a  Eyg==","kelong":
b4000070c8a1cca0  22 30 22 2c 22 69 70 22 3a 22 31 39 32 2e 31 36  "0","ip":"192.16
b4000070c8a1ccb0  38 2e 36 36 2e 32 35 22 2c 22 6d 75 6c 74 69 55  8.66.25","multiU
b4000070c8a1ccc0  73 65 72 22 3a 22 30 22 2c 22 62 6f 64 22 3a 22  ser":"0","bod":"
b4000070c8a1ccd0  66 6c 61 6d 65 22 2c 22 62 72 64 22 3a 22 67 6f  flame","brd":"go
b4000070c8a1cce0  6f 67 6c 65 22 2c 22 64 76 22 3a 22 66 6c 61 6d  ogle","dv":"flam
b4000070c8a1ccf0  65 22 2c 22 66 69 72 73 74 4c 65 76 65 6c 22 3a  e","firstLevel":
b4000070c8a1cd00  22 32 39 22 2c 22 6d 61 6e 75 66 61 63 74 22 3a  "29","manufact":
b4000070c8a1cd10  22 47 6f 6f 67 6c 65 22 2c 22 6e 61 6d 65 22 3a  "Google","name":
b4000070c8a1cd20  22 66 6c 61 6d 65 22 2c 22 68 6f 73 74 22 3a 22  "flame","host":"
b4000070c8a1cd30  61 62 66 61 72 6d 38 34 38 22 2c 22 6b 65 72 6e  abfarm848","kern
b4000070c8a1cd40  65 6c 22 3a 22 4c 69 6e 75 78 20 6c 6f 63 61 6c  el":"Linux local
b4000070c8a1cd50  68 6f 73 74 20 34 2e 31 34 2e 32 36 31 2d 67 64  host 4.14.261-gd
b4000070c8a1cd60  62 63 39 32 62 37 61 32 62 38 33 2d 61 62 38 35  bc92b7a2b83-ab85
b4000070c8a1cd70  37 37 32 30 34 20 23 31 20 53 4d 50 20 50 52 45  77204 #1 SMP PRE
b4000070c8a1cd80  45 4d 50 54 20 54 68 75 20 4d 61 79 20 31 32 20  EMPT Thu May 12 
b4000070c8a1cd90  30 39 3a 30 37 3a 32 30 20 55 54 43 20 32 30 32  09:07:20 UTC 202
b4000070c8a1cda0  32 20 61 61 72 63 68 36 34 22 2c 22 70 72 65 22  2 aarch64","pre"
b4000070c8a1cdb0  3a 22 30 22 2c 22 61 76 22 3a 22 34 2e 36 34 30  :"0","av":"4.640
b4000070c8a1cdc0  2e 31 35 31 30 2e 32 31 39 22 2c 22 63 68 22 3a  .1510.219","ch":
b4000070c8a1cdd0  22 22 2c 22 73 76 72 22 3a 22 22 2c 22 66 69 74  "","svr":"","fit
b4000070c8a1cde0  22 3a 31 37 34 39 36 30 39 34 36 31 39 30 35 2c  ":1749609461905,
b4000070c8a1cdf0  22 6a 76 22 3a 22 32 2e 31 2e 32 2e 31 37 22 7d  "jv":"2.1.2.17"}
leave sub_23FA0
[sub_23FA0] [INLINE RESULT] len = 377979772
[INLINE] len = 0
[!] Abnormal length: 0
leave sub_23FA0
[sub_23FA0] [INLINE RESULT] len = 377979772
[INLINE] len = 5
             0  1  2  3  4  5  6  7  8  9  A  B  C  D  E  F  0123456789ABCDEF
6f2d0f0651  50 68 6f 6e 65                                   Phone
leave sub_23FA0
[sub_23FA0] [INLINE RESULT] len = 377979772
[INLINE] len = 10
             0  1  2  3  4  5  6  7  8  9  A  B  C  D  E  F  0123456789ABCDEF
6f2d0f0651  31 37 35 32 34 35 39 30 31 31                    1752459011
leave sub_23FA0
[sub_23FA0] [INLINE RESULT] len = 377979772
[INLINE] len = 0
[!] Abnormal length: 0
leave sub_23FA0
[sub_23FA0] [INLINE RESULT] len = 377979772
[HEAP] len = 280  ptr = 0xb4000070a8b26bb0
                   0  1  2  3  4  5  6  7  8  9  A  B  C  D  E  F  0123456789ABCDEF
b4000070a8b26bb0  61 34 67 2b 6b 44 31 2f 71 72 32 57 66 6f 36 58  a4g+kD1/qr2Wfo6X
b4000070a8b26bc0  34 53 62 62 32 4e 4b 43 78 62 4d 6f 68 4b 72 31  4Sbb2NKCxbMohKr1
b4000070a8b26bd0  4a 73 42 48 49 61 7a 62 48 32 59 47 37 52 57 4e  JsBHIazbH2YG7RWN
b4000070a8b26be0  47 69 6d 37 59 69 43 61 56 71 34 69 32 61 4a 38  Gim7YiCaVq4i2aJ8
b4000070a8b26bf0  31 36 34 33 66 58 39 78 46 6d 2f 51 68 4c 72 6d  1643fX9xFm/QhLrm
b4000070a8b26c00  77 45 76 70 52 70 32 6b 4f 55 67 69 46 50 51 33  wEvpRp2kOUgiFPQ3
b4000070a8b26c10  63 58 6b 52 70 38 52 45 62 37 62 68 2f 6f 6e 6d  cXkRp8REb7bh/onm
b4000070a8b26c20  58 33 72 73 54 4f 52 55 33 53 70 39 71 75 75 55  X3rsTORU3Sp9quuU
b4000070a8b26c30  41 77 51 61 57 79 57 56 42 76 31 34 68 51 66 2f  AwQaWyWVBv14hQf/
b4000070a8b26c40  4b 36 4d 53 6d 62 65 31 72 51 4e 30 35 36 2f 74  K6MSmbe1rQN056/t
b4000070a8b26c50  69 41 41 52 4e 7a 53 73 70 54 5a 61 6e 33 46 54  iAARNzSspTZan3FT
b4000070a8b26c60  79 64 6e 5a 71 31 35 73 47 53 39 4c 6e 75 79 71  ydnZq15sGS9Lnuyq
b4000070a8b26c70  39 45 74 45 58 58 76 51 37 37 72 78 52 67 68 7a  9EtEXXvQ77rxRghz
b4000070a8b26c80  41 48 67 6f 31 47 44 54 42 58 42 51 79 65 49 56  AHgo1GDTBXBQyeIV
b4000070a8b26c90  4f 64 44 58 31 46 47 58 44 67 2f 49 59 79 65 2f  OdDX1FGXDg/IYye/
b4000070a8b26ca0  62 45 51 65 4b 59 78 38 30 6d 68 48 48 6b 30 4d  bEQeKYx80mhHHk0M
b4000070a8b26cb0  6f 43 74 4a 57 52 45 47 45 4c 67 73 4c 6c 4f 67  oCtJWREGELgsLlOg
b4000070a8b26cc0  63 45 67 51 72 51 3d 3d                          cEgQrQ==
leave sub_23FA0
[sub_23FA0] [INLINE RESULT] len = 377979772
enter sub_23878
[sub_23878] enter Plaintext (0 bytes): 
           0  1  2  3  4  5  6  7  8  9  A  B  C  D  E  F  0123456789ABCDEF

[HEAP] len = 29  ptr = 0xb400007008b577b0
                   0  1  2  3  4  5  6  7  8  9  A  B  C  D  E  F  0123456789ABCDEF
b400007008b577b0  31 37 35 32 34 38 38 37 30 36 30 34 32 35 63 30  17524887060425c0
b400007008b577c0  34 38 66 66 34 37 35 35 30 36 37 33 39           48ff475506739
leave sub_23FA0
[sub_23FA0] [INLINE RESULT] len = 377978192
[INLINE] len = 16
             0  1  2  3  4  5  6  7  8  9  A  B  C  D  E  F  0123456789ABCDEF
6f2d0efb41  30 41 4e 44 30 35 59 51 58 45 35 32 42 4e 48 30  0AND05YQXE52BNH0
leave sub_23FA0
[sub_23FA0] [INLINE RESULT] len = 377978192
[INLINE] len = 8
             0  1  2  3  4  5  6  7  8  9  A  B  C  D  E  F  0123456789ABCDEF
6f2d0efb59  32 2e 31 2e 32 2e 31 37                          2.1.2.17
leave sub_23FA0
[sub_23FA0] [INLINE RESULT] len = 377978192
[INLINE] len = 14
             0  1  2  3  4  5  6  7  8  9  A  B  C  D  E  F  0123456789ABCDEF
6f2d0efb71  34 2e 36 34 30 2e 31 35 31 30 2e 32 31 39        4.640.1510.219
leave sub_23FA0
[sub_23FA0] [INLINE RESULT] len = 377978192
[INLINE] len = 19
             0  1  2  3  4  5  6  7  8  9  A  B  C  D  E  F  0123456789ABCDEF
6f2d0efb89  41 6e 64 72 6f 69 64 20 31 32 2c 6c 65 76 65 6c  Android 12,level
6f2d0efb99  20 33 32                                          32
leave sub_23FA0
[sub_23FA0] [INLINE RESULT] len = 377978192
[INLINE] len = 7
             0  1  2  3  4  5  6  7  8  9  A  B  C  D  E  F  0123456789ABCDEF
6f2d0efba1  50 69 78 65 6c 20 34                             Pixel 4
leave sub_23FA0
[sub_23FA0] [INLINE RESULT] len = 377978192
[INLINE] len = 0
[!] Abnormal length: 0
leave sub_23FA0
[sub_23FA0] [INLINE RESULT] len = 377978192
[INLINE] len = 0
[!] Abnormal length: 0
leave sub_23FA0
[sub_23FA0] [INLINE RESULT] len = 377978192
[HEAP] len = 25  ptr = 0xb4000070e8b3ef50
                   0  1  2  3  4  5  6  7  8  9  A  B  C  D  E  F  0123456789ABCDEF
b4000070e8b3ef50  63 6f 6d 2e 71 71 2e 65 2e 75 6e 69 6f 6e 2e 64  com.qq.e.union.d
b4000070e8b3ef60  65 6d 6f 2e 75 6e 69 6f 6e                       emo.union
leave sub_23FA0
[sub_23FA0] [INLINE RESULT] len = 377978192
[INLINE] len = 4
             0  1  2  3  4  5  6  7  8  9  A  B  C  D  E  F  0123456789ABCDEF
6f2d0efc01  77 69 66 69                                      wifi
leave sub_23FA0
[sub_23FA0] [INLINE RESULT] len = 377978192
retval sub_23878
[sub_23878] retval Plaintext (148 bytes): 
           0  1  2  3  4  5  6  7  8  9  A  B  C  D  E  F  0123456789ABCDEF
00000000  08 01 12 1d 31 37 35 32 34 38 38 37 30 36 30 34  ....175248870604
00000010  32 35 63 30 34 38 66 66 34 37 35 35 30 36 37 33  25c048ff47550673
00000020  39 18 00 22 10 30 41 4e 44 30 35 59 51 58 45 35  9..".0AND05YQXE5
00000030  32 42 4e 48 30 2a 08 32 2e 31 2e 32 2e 31 37 32  2BNH0*.2.1.2.172
00000040  0e 34 2e 36 34 30 2e 31 35 31 30 2e 32 31 39 3a  .4.640.1510.219:
00000050  13 41 6e 64 72 6f 69 64 20 31 32 2c 6c 65 76 65  .Android 12,leve
00000060  6c 20 33 32 42 07 50 69 78 65 6c 20 34 4a 00 52  l 32B.Pixel 4J.R
00000070  00 5a 19 63 6f 6d 2e 71 71 2e 65 2e 75 6e 69 6f  .Z.com.qq.e.unio
00000080  6e 2e 64 65 6d 6f 2e 75 6e 69 6f 6e 62 04 77 69  n.demo.unionb.wi
00000090  66 69 68 02                                      fih.
[HEAP] len = 148  ptr = 0xb400007088bbd090
                   0  1  2  3  4  5  6  7  8  9  A  B  C  D  E  F  0123456789ABCDEF
b400007088bbd090  08 01 12 1d 31 37 35 32 34 38 38 37 30 36 30 34  ....175248870604
b400007088bbd0a0  32 35 63 30 34 38 66 66 34 37 35 35 30 36 37 33  25c048ff47550673
b400007088bbd0b0  39 18 00 22 10 30 41 4e 44 30 35 59 51 58 45 35  9..".0AND05YQXE5
b400007088bbd0c0  32 42 4e 48 30 2a 08 32 2e 31 2e 32 2e 31 37 32  2BNH0*.2.1.2.172
b400007088bbd0d0  0e 34 2e 36 34 30 2e 31 35 31 30 2e 32 31 39 3a  .4.640.1510.219:
b400007088bbd0e0  13 41 6e 64 72 6f 69 64 20 31 32 2c 6c 65 76 65  .Android 12,leve
b400007088bbd0f0  6c 20 33 32 42 07 50 69 78 65 6c 20 34 4a 00 52  l 32B.Pixel 4J.R
b400007088bbd100  00 5a 19 63 6f 6d 2e 71 71 2e 65 2e 75 6e 69 6f  .Z.com.qq.e.unio
b400007088bbd110  6e 2e 64 65 6d 6f 2e 75 6e 69 6f 6e 62 04 77 69  n.demo.unionb.wi
b400007088bbd120  66 69 68 02                                      fih.
leave sub_23FA0
[sub_23FA0] [INLINE RESULT] len = 377978232
[HEAP] len = 2328  ptr = 0xb400007118a575c0
                   0  1  2  3  4  5  6  7  8  9  A  B  C  D  E  F  0123456789ABCDEF
b400007118a575c0  0a 00 12 02 33 35 1a 29 7b 22 51 6d 55 69 6e 22  ....35.){"QmUin"
b400007118a575d0  3a 22 31 37 35 32 34 38 38 37 30 36 30 34 32 35  :"17524887060425
b400007118a575e0  63 30 34 38 66 66 34 37 35 35 30 36 37 33 39 22  c048ff475506739"
b400007118a575f0  7d 22 06 67 6f 6f 67 6c 65 2a e9 0a 6b 31 3a 32  }".google*..k1:2
b400007118a57600  30 32 35 2d 30 36 2d 30 36 31 37 33 31 30 31 2e  025-06-06173101.
b400007118a57610  35 35 38 33 33 33 33 35 36 2b 30 38 30 30 3b 6b  558333356+0800;k
b400007118a57620  32 3a 32 30 32 35 2d 30 36 2d 30 36 31 37 33 31  2:2025-06-061731
b400007118a57630  32 38 2e 32 32 38 33 33 36 30 31 33 2b 30 38 30  28.228336013+080
b400007118a57640  30 3b 6b 33 3a 30 30 30 30 30 30 30 30 30 30 30  0;k3:00000000000
b400007118a57650  30 30 30 30 30 3b 6b 34 3a 38 61 31 39 36 62 39  00000;k4:8a196b9
b400007118a57660  61 33 65 33 36 62 36 64 62 3b 6b 35 3a 31 33 31  a3e36b6db;k5:131
b400007118a57670  30 36 36 38 33 3b 6b 36 3a 31 32 37 38 36 36 38  06683;k6:1278668
b400007118a57680  38 3b 6b 37 3a 32 31 35 30 34 30 3b 6b 38 3a 32  8;k7:215040;k8:2
b400007118a57690  38 30 30 3b 6b 39 3a 65 37 63 65 36 39 35 33 2d  800;k9:e7ce6953-
b400007118a576a0  37 36 31 65 2d 34 38 36 34 2d 61 38 66 36 2d 63  761e-4864-a8f6-c
b400007118a576b0  63 64 38 37 61 37 36 61 37 64 63 3b 6b 31 31 3a  cd87a76a7dc;k11:
b400007118a576c0  31 37 31 3b 6b 31 32 3a 34 3b 6b 31 33 3a 32 30  171;k12:4;k13:20
b400007118a576d0  32 35 2d 30 36 2d 30 36 31 37 33 31 32 38 2e 32  25-06-06173128.2
b400007118a576e0  32 38 33 33 36 30 31 33 2b 30 38 30 30 3b 6b 31  28336013+0800;k1
b400007118a576f0  34 3a 32 30 32 35 2d 30 36 2d 32 36 31 35 33 39  4:2025-06-261539
b400007118a57700  34 34 2e 33 32 32 34 30 38 36 38 35 2b 30 38 30  44.322408685+080
b400007118a57710  30 3b 6b 31 35 3a 32 39 35 34 3b 6b 31 36 3a 31  0;k15:2954;k16:1
b400007118a57720  36 3b 6b 31 37 3a 32 30 32 35 2d 30 37 2d 31 34  6;k17:2025-07-14
b400007118a57730  31 38 32 35 30 35 2e 33 30 36 36 32 33 39 33 36  182505.306623936
b400007118a57740  2b 30 38 30 30 3b 6b 31 38 3a 32 30 32 35 2d 30  +0800;k18:2025-0
b400007118a57750  37 2d 31 34 31 38 32 35 30 35 2e 33 30 36 36 32  7-14182505.30662
b400007118a57760  33 39 33 36 2b 30 38 30 30 3b 6b 31 39 3a 33 38  3936+0800;k19:38
b400007118a57770  36 38 35 35 3b 6b 32 30 3a 34 3b 6b 32 31 3a 32  6855;k20:4;k21:2
b400007118a57780  30 32 35 2d 30 37 2d 31 34 31 38 32 35 30 35 2e  025-07-14182505.
b400007118a57790  33 30 36 36 32 33 39 33 36 2b 30 38 30 30 3b 6b  306623936+0800;k
b400007118a577a0  32 32 3a 32 30 32 35 2d 30 37 2d 31 34 31 38 32  22:2025-07-14182
b400007118a577b0  35 30 35 2e 33 30 36 36 32 33 39 33 36 2b 30 38  505.306623936+08
b400007118a577c0  30 30 3b 6b 32 33 3a 33 38 36 38 35 36 3b 6b 32  00;k23:386856;k2
b400007118a577d0  34 3a 32 3b 6b 32 35 3a 32 30 32 35 2d 30 37 2d  4:2;k25:2025-07-
b400007118a577e0  31 34 31 34 31 32 30 32 2e 37 34 31 37 37 38 31  14141202.7417781
b400007118a577f0  33 38 2b 30 38 30 30 3b 6b 32 36 3a 31 39 37 30  38+0800;k26:1970
b400007118a57800  2d 30 32 2d 31 39 30 36 34 39 32 35 2e 38 34 30  -02-19064925.840
b400007118a57810  30 30 30 36 33 31 2b 30 38 30 30 3b 6b 32 37 3a  000631+0800;k27:
b400007118a57820  32 32 30 34 32 3b 6b 32 38 3a 31 35 3b 6b 32 39  22042;k28:15;k29
b400007118a57830  3a 3b 6b 33 30 3a 3b 6b 33 31 3a 3b 6b 33 32 3a  :;k30:;k31:;k32:
b400007118a57840  3b 6b 33 33 3a 32 30 32 35 2d 30 36 2d 30 36 31  ;k33:2025-06-061
b400007118a57850  37 33 31 32 38 2e 37 38 35 30 30 32 37 33 35 2b  73128.785002735+
b400007118a57860  30 38 30 30 3b 6b 33 34 3a 32 30 32 35 2d 30 36  0800;k34:2025-06
b400007118a57870  2d 31 32 31 39 31 32 33 33 2e 36 33 38 32 32 32  -12191233.638222
b400007118a57880  37 35 37 2b 30 38 30 30 3b 6b 33 35 3a 33 37 37  757+0800;k35:377
b400007118a57890  33 3b 6b 33 36 3a 31 37 3b 6b 33 37 3a 32 30 32  3;k36:17;k37:202
b400007118a578a0  35 2d 30 36 2d 30 36 31 37 33 31 32 38 2e 37 38  5-06-06173128.78
b400007118a578b0  35 30 30 32 37 33 35 2b 30 38 30 30 3b 6b 33 38  5002735+0800;k38
b400007118a578c0  3a 32 30 32 35 2d 30 36 2d 30 36 31 37 33 31 32  :2025-06-0617312
b400007118a578d0  38 2e 37 38 35 30 30 32 37 33 35 2b 30 38 30 30  8.785002735+0800
b400007118a578e0  3b 6b 33 39 3a 33 37 37 32 3b 6b 34 30 3a 35 3b  ;k39:3772;k40:5;
b400007118a578f0  6b 34 31 3a 3b 6b 34 32 3a 3b 6b 34 33 3a 3b 6b  k41:;k42:;k43:;k
b400007118a57900  34 34 3a 3b 6b 34 35 3a 32 30 32 35 2d 30 36 2d  44:;k45:2025-06-
b400007118a57910  30 36 31 37 33 31 32 33 2e 38 30 38 33 33 35 35  06173123.8083355
b400007118a57920  37 33 2b 30 38 30 30 3b 6b 34 36 3a 32 36 30 34  73+0800;k46:2604
b400007118a57930  3b 6b 34 37 3a 32 30 32 35 2d 30 36 2d 30 36 31  ;k47:2025-06-061
b400007118a57940  37 33 31 30 31 2e 34 37 38 33 33 33 33 34 38 2b  73101.478333348+
b400007118a57950  30 38 30 30 3b 6b 34 38 3a 32 30 32 35 2d 30 36  0800;k48:2025-06
b400007118a57960  2d 30 36 31 37 33 31 30 33 2e 37 36 38 33 33 33  -06173103.768333
b400007118a57970  35 37 36 2b 30 38 30 30 3b 6b 34 39 3a 32 30 32  576+0800;k49:202
b400007118a57980  35 2d 30 36 2d 30 36 31 37 33 31 32 33 2e 38 36  5-06-06173123.86
b400007118a57990  35 30 30 32 32 34 35 2b 30 38 30 30 3b 6b 35 30  5002245+0800;k50
b400007118a579a0  3a 32 36 30 36 3b 6b 35 31 3a 3b 6b 35 32 3a 3b  :2606;k51:;k52:;
b400007118a579b0  6b 35 33 3a 3b 6b 35 34 3a 32 30 32 35 2d 30 36  k53:;k54:2025-06
b400007118a579c0  2d 30 36 31 37 33 31 30 31 2e 34 37 38 33 33 33  -06173101.478333
b400007118a579d0  33 34 38 2b 30 38 30 30 3b 6b 35 35 3a 39 39 3b  348+0800;k55:99;
b400007118a579e0  6b 35 36 3a 32 35 39 33 3b 6b 35 37 3a 32 36 30  k56:2593;k57:260
b400007118a579f0  35 3b 6b 35 38 3a 32 30 32 35 2d 30 36 2d 30 36  5;k58:2025-06-06
b400007118a57a00  31 37 33 31 31 33 2e 38 38 31 36 36 37 39 31 37  173113.881667917
b400007118a57a10  2b 30 38 30 30 3b 6b 35 39 3a 32 30 32 35 2d 30  +0800;k59:2025-0
b400007118a57a20  36 2d 30 36 31 37 33 31 31 33 2e 38 38 31 36 36  6-06173113.88166
b400007118a57a30  37 39 31 37 2b 30 38 30 30 3b 6b 36 30 3a 31 39  7917+0800;k60:19
b400007118a57a40  39 30 3b 6b 36 31 3a 35 35 38 32 3b 6b 36 32 3a  90;k61:5582;k62:
b400007118a57a50  32 30 32 35 2d 30 36 2d 30 36 31 37 33 31 32 34  2025-06-06173124
b400007118a57a60  2e 31 38 38 33 33 35 36 31 30 2b 30 38 30 30 3b  .188335610+0800;
b400007118a57a70  6b 36 33 3a 32 36 32 37 3b 6b 36 34 3a 32 30 32  k63:2627;k64:202
b400007118a57a80  35 2d 30 36 2d 30 36 31 37 33 31 32 33 2e 35 31  5-06-06173123.51
b400007118a57a90  31 36 36 38 38 37 36 2b 30 38 30 30 3b 6b 36 35  1668876+0800;k65
b400007118a57aa0  3a 32 35 39 39 3b 6b 36 36 3a 31 37 31 3b 6b 36  :2599;k66:171;k6
b400007118a57ab0  37 3a 32 30 32 35 2d 30 36 2d 30 36 31 37 33 31  7:2025-06-061731
b400007118a57ac0  30 36 2e 37 32 31 36 36 37 32 30 34 2b 30 38 30  06.721667204+080
b400007118a57ad0  30 3b 6b 36 38 3a 33 38 32 3b 6b 36 39 3a 3b 6b  0;k68:382;k69:;k
b400007118a57ae0  37 30 3a 31 31 33 3b 6b 37 31 3a 32 30 32 35 2d  70:113;k71:2025-
b400007118a57af0  30 36 2d 30 36 31 37 33 31 30 31 2e 34 37 38 33  06-06173101.4783
b400007118a57b00  33 33 33 34 38 2b 30 38 30 30 3b 6b 37 32 3a 31  33348+0800;k72:1
b400007118a57b10  31 34 3b 6b 37 33 3a 32 30 32 35 2d 30 36 2d 30  14;k73:2025-06-0
b400007118a57b20  36 31 37 33 31 30 31 2e 34 38 31 36 36 36 36 38  6173101.48166668
b400007118a57b30  32 2b 30 38 30 30 3b 6b 37 34 3a 32 30 32 35 2d  2+0800;k74:2025-
b400007118a57b40  30 36 2d 30 36 31 37 33 31 30 36 2e 38 32 31 36  06-06173106.8216
b400007118a57b50  36 37 32 31 34 2b 30 38 30 30 3b 6b 37 35 3a 3b  67214+0800;k75:;
b400007118a57b60  6b 31 30 3a 31 32 00 3a 40 36 39 31 37 31 38 66  k10:12.:@691718f
b400007118a57b70  62 65 61 34 35 32 36 64 63 62 35 38 30 34 35 63  bea4526dcb58045c
b400007118a57b80  32 35 63 63 32 31 39 38 66 66 31 30 63 62 35 31  25cc2198ff10cb51
b400007118a57b90  37 63 30 62 35 38 35 63 30 65 61 64 37 36 37 64  7c0b585c0ead767d
b400007118a57ba0  39 36 39 36 35 64 63 31 37 42 00 4a 00 52 00 5a  96965dc17B.J.R.Z
b400007118a57bb0  00 62 f0 03 7b 22 68 61 72 6d 6f 6e 79 22 3a 22  .b..{"harmony":"
b400007118a57bc0  30 22 2c 22 63 6c 6f 6e 65 22 3a 22 30 22 2c 22  0","clone":"0","
b400007118a57bd0  63 6f 6e 74 61 69 6e 65 22 3a 22 22 2c 22 6f 7a  containe":"","oz
b400007118a57be0  22 3a 22 5a 79 6a 53 78 73 78 2b 42 61 4e 6a 79  ":"ZyjSxsx+BaNjy
b400007118a57bf0  2b 77 34 66 44 31 4d 43 2b 34 68 39 48 6b 76 45  +w4fD1MC+4h9HkvE
b400007118a57c00  54 77 2b 5c 2f 51 68 6d 56 54 48 6f 53 52 30 3d  Tw+\/QhmVTHoSR0=
b400007118a57c10  22 2c 22 6f 7a 32 22 3a 22 22 2c 22 6f 6f 22 3a  ","oz2":"","oo":
b400007118a57c20  22 37 46 73 7a 54 78 68 6c 50 34 32 54 5a 50 70  "7FszTxhlP42TZPp
b400007118a57c30  48 31 4d 32 45 79 67 3d 3d 22 2c 22 6b 65 6c 6f  H1M2Eyg==","kelo
b400007118a57c40  6e 67 22 3a 22 30 22 2c 22 69 70 22 3a 22 31 39  ng":"0","ip":"19
b400007118a57c50  32 2e 31 36 38 2e 36 36 2e 32 35 22 2c 22 6d 75  2.168.66.25","mu
b400007118a57c60  6c 74 69 55 73 65 72 22 3a 22 30 22 2c 22 62 6f  ltiUser":"0","bo
b400007118a57c70  64 22 3a 22 66 6c 61 6d 65 22 2c 22 62 72 64 22  d":"flame","brd"
b400007118a57c80  3a 22 67 6f 6f 67 6c 65 22 2c 22 64 76 22 3a 22  :"google","dv":"
b400007118a57c90  66 6c 61 6d 65 22 2c 22 66 69 72 73 74 4c 65 76  flame","firstLev
b400007118a57ca0  65 6c 22 3a 22 32 39 22 2c 22 6d 61 6e 75 66 61  el":"29","manufa
b400007118a57cb0  63 74 22 3a 22 47 6f 6f 67 6c 65 22 2c 22 6e 61  ct":"Google","na
b400007118a57cc0  6d 65 22 3a 22 66 6c 61 6d 65 22 2c 22 68 6f 73  me":"flame","hos
b400007118a57cd0  74 22 3a 22 61 62 66 61 72 6d 38 34 38 22 2c 22  t":"abfarm848","
b400007118a57ce0  6b 65 72 6e 65 6c 22 3a 22 4c 69 6e 75 78 20 6c  kernel":"Linux l
b400007118a57cf0  6f 63 61 6c 68 6f 73 74 20 34 2e 31 34 2e 32 36  ocalhost 4.14.26
b400007118a57d00  31 2d 67 64 62 63 39 32 62 37 61 32 62 38 33 2d  1-gdbc92b7a2b83-
b400007118a57d10  61 62 38 35 37 37 32 30 34 20 23 31 20 53 4d 50  ab8577204 #1 SMP
b400007118a57d20  20 50 52 45 45 4d 50 54 20 54 68 75 20 4d 61 79   PREEMPT Thu May
b400007118a57d30  20 31 32 20 30 39 3a 30 37 3a 32 30 20 55 54 43   12 09:07:20 UTC
b400007118a57d40  20 32 30 32 32 20 61 61 72 63 68 36 34 22 2c 22   2022 aarch64","
b400007118a57d50  70 72 65 22 3a 22 30 22 2c 22 61 76 22 3a 22 34  pre":"0","av":"4
b400007118a57d60  2e 36 34 30 2e 31 35 31 30 2e 32 31 39 22 2c 22  .640.1510.219","
b400007118a57d70  63 68 22 3a 22 22 2c 22 73 76 72 22 3a 22 22 2c  ch":"","svr":"",
b400007118a57d80  22 66 69 74 22 3a 31 37 34 39 36 30 39 34 36 31  "fit":1749609461
b400007118a57d90  39 30 35 2c 22 6a 76 22 3a 22 32 2e 31 2e 32 2e  905,"jv":"2.1.2.
b400007118a57da0  31 37 22 7d 6a 00 72 05 50 68 6f 6e 65 7a 0a 31  17"}j.r.Phonez.1
b400007118a57db0  37 35 32 34 35 39 30 31 31 82 01 00 92 01 98 02  752459011.......
b400007118a57dc0  61 34 67 2b 6b 44 31 2f 71 72 32 57 66 6f 36 58  a4g+kD1/qr2Wfo6X
b400007118a57dd0  34 53 62 62 32 4e 4b 43 78 62 4d 6f 68 4b 72 31  4Sbb2NKCxbMohKr1
b400007118a57de0  4a 73 42 48 49 61 7a 62 48 32 59 47 37 52 57 4e  JsBHIazbH2YG7RWN
b400007118a57df0  47 69 6d 37 59 69 43 61 56 71 34 69 32 61 4a 38  Gim7YiCaVq4i2aJ8
b400007118a57e00  31 36 34 33 66 58 39 78 46 6d 2f 51 68 4c 72 6d  1643fX9xFm/QhLrm
b400007118a57e10  77 45 76 70 52 70 32 6b 4f 55 67 69 46 50 51 33  wEvpRp2kOUgiFPQ3
b400007118a57e20  63 58 6b 52 70 38 52 45 62 37 62 68 2f 6f 6e 6d  cXkRp8REb7bh/onm
b400007118a57e30  58 33 72 73 54 4f 52 55 33 53 70 39 71 75 75 55  X3rsTORU3Sp9quuU
b400007118a57e40  41 77 51 61 57 79 57 56 42 76 31 34 68 51 66 2f  AwQaWyWVBv14hQf/
b400007118a57e50  4b 36 4d 53 6d 62 65 31 72 51 4e 30 35 36 2f 74  K6MSmbe1rQN056/t
b400007118a57e60  69 41 41 52 4e 7a 53 73 70 54 5a 61 6e 33 46 54  iAARNzSspTZan3FT
b400007118a57e70  79 64 6e 5a 71 31 35 73 47 53 39 4c 6e 75 79 71  ydnZq15sGS9Lnuyq
b400007118a57e80  39 45 74 45 58 58 76 51 37 37 72 78 52 67 68 7a  9EtEXXvQ77rxRghz
b400007118a57e90  41 48 67 6f 31 47 44 54 42 58 42 51 79 65 49 56  AHgo1GDTBXBQyeIV
b400007118a57ea0  4f 64 44 58 31 46 47 58 44 67 2f 49 59 79 65 2f  OdDX1FGXDg/IYye/
b400007118a57eb0  62 45 51 65 4b 59 78 38 30 6d 68 48 48 6b 30 4d  bEQeKYx80mhHHk0M
b400007118a57ec0  6f 43 74 4a 57 52 45 47 45 4c 67 73 4c 6c 4f 67  oCtJWREGELgsLlOg
b400007118a57ed0  63 45 67 51 72 51 3d 3d                          cEgQrQ==
leave sub_23FA0
[sub_23FA0] [INLINE RESULT] len = 377978232
[INLINE] len = 0
[!] Abnormal length: 0
leave sub_23FA0
[sub_23FA0] [INLINE RESULT] len = 378524876
[INLINE] len = 2
             0  1  2  3  4  5  6  7  8  9  A  B  C  D  E  F  0123456789ABCDEF
6f2d1fa8f1  33 35                                            35
leave sub_23FA0
[sub_23FA0] [INLINE RESULT] len = 378524876
[HEAP] len = 41  ptr = 0xb400007018a91350
                   0  1  2  3  4  5  6  7  8  9  A  B  C  D  E  F  0123456789ABCDEF
b400007018a91350  7b 22 51 6d 55 69 6e 22 3a 22 31 37 35 32 34 38  {"QmUin":"175248
b400007018a91360  38 37 30 36 30 34 32 35 63 30 34 38 66 66 34 37  87060425c048ff47
b400007018a91370  35 35 30 36 37 33 39 22 7d                       5506739"}
leave sub_23FA0
[sub_23FA0] [INLINE RESULT] len = 378524876
[INLINE] len = 6
             0  1  2  3  4  5  6  7  8  9  A  B  C  D  E  F  0123456789ABCDEF
6f2d1fa8f1  67 6f 6f 67 6c 65                                google
leave sub_23FA0
[sub_23FA0] [INLINE RESULT] len = 378524876
[HEAP] len = 1385  ptr = 0xb4000070f8a2ad60
                   0  1  2  3  4  5  6  7  8  9  A  B  C  D  E  F  0123456789ABCDEF
b4000070f8a2ad60  6b 31 3a 32 30 32 35 2d 30 36 2d 30 36 31 37 33  k1:2025-06-06173
b4000070f8a2ad70  31 30 31 2e 35 35 38 33 33 33 33 35 36 2b 30 38  101.558333356+08
b4000070f8a2ad80  30 30 3b 6b 32 3a 32 30 32 35 2d 30 36 2d 30 36  00;k2:2025-06-06
b4000070f8a2ad90  31 37 33 31 32 38 2e 32 32 38 33 33 36 30 31 33  173128.228336013
b4000070f8a2ada0  2b 30 38 30 30 3b 6b 33 3a 30 30 30 30 30 30 30  +0800;k3:0000000
b4000070f8a2adb0  30 30 30 30 30 30 30 30 30 3b 6b 34 3a 38 61 31  000000000;k4:8a1
b4000070f8a2adc0  39 36 62 39 61 33 65 33 36 62 36 64 62 3b 6b 35  96b9a3e36b6db;k5
b4000070f8a2add0  3a 31 33 31 30 36 36 38 33 3b 6b 36 3a 31 32 37  :13106683;k6:127
b4000070f8a2ade0  38 36 36 38 38 3b 6b 37 3a 32 31 35 30 34 30 3b  86688;k7:215040;
b4000070f8a2adf0  6b 38 3a 32 38 30 30 3b 6b 39 3a 65 37 63 65 36  k8:2800;k9:e7ce6
b4000070f8a2ae00  39 35 33 2d 37 36 31 65 2d 34 38 36 34 2d 61 38  953-761e-4864-a8
b4000070f8a2ae10  66 36 2d 63 63 64 38 37 61 37 36 61 37 64 63 3b  f6-ccd87a76a7dc;
b4000070f8a2ae20  6b 31 31 3a 31 37 31 3b 6b 31 32 3a 34 3b 6b 31  k11:171;k12:4;k1
b4000070f8a2ae30  33 3a 32 30 32 35 2d 30 36 2d 30 36 31 37 33 31  3:2025-06-061731
b4000070f8a2ae40  32 38 2e 32 32 38 33 33 36 30 31 33 2b 30 38 30  28.228336013+080
b4000070f8a2ae50  30 3b 6b 31 34 3a 32 30 32 35 2d 30 36 2d 32 36  0;k14:2025-06-26
b4000070f8a2ae60  31 35 33 39 34 34 2e 33 32 32 34 30 38 36 38 35  153944.322408685
b4000070f8a2ae70  2b 30 38 30 30 3b 6b 31 35 3a 32 39 35 34 3b 6b  +0800;k15:2954;k
b4000070f8a2ae80  31 36 3a 31 36 3b 6b 31 37 3a 32 30 32 35 2d 30  16:16;k17:2025-0
b4000070f8a2ae90  37 2d 31 34 31 38 32 35 30 35 2e 33 30 36 36 32  7-14182505.30662
b4000070f8a2aea0  33 39 33 36 2b 30 38 30 30 3b 6b 31 38 3a 32 30  3936+0800;k18:20
b4000070f8a2aeb0  32 35 2d 30 37 2d 31 34 31 38 32 35 30 35 2e 33  25-07-14182505.3
b4000070f8a2aec0  30 36 36 32 33 39 33 36 2b 30 38 30 30 3b 6b 31  06623936+0800;k1
b4000070f8a2aed0  39 3a 33 38 36 38 35 35 3b 6b 32 30 3a 34 3b 6b  9:386855;k20:4;k
b4000070f8a2aee0  32 31 3a 32 30 32 35 2d 30 37 2d 31 34 31 38 32  21:2025-07-14182
b4000070f8a2aef0  35 30 35 2e 33 30 36 36 32 33 39 33 36 2b 30 38  505.306623936+08
b4000070f8a2af00  30 30 3b 6b 32 32 3a 32 30 32 35 2d 30 37 2d 31  00;k22:2025-07-1
b4000070f8a2af10  34 31 38 32 35 30 35 2e 33 30 36 36 32 33 39 33  4182505.30662393
b4000070f8a2af20  36 2b 30 38 30 30 3b 6b 32 33 3a 33 38 36 38 35  6+0800;k23:38685
b4000070f8a2af30  36 3b 6b 32 34 3a 32 3b 6b 32 35 3a 32 30 32 35  6;k24:2;k25:2025
b4000070f8a2af40  2d 30 37 2d 31 34 31 34 31 32 30 32 2e 37 34 31  -07-14141202.741
b4000070f8a2af50  37 37 38 31 33 38 2b 30 38 30 30 3b 6b 32 36 3a  778138+0800;k26:
b4000070f8a2af60  31 39 37 30 2d 30 32 2d 31 39 30 36 34 39 32 35  1970-02-19064925
b4000070f8a2af70  2e 38 34 30 30 30 30 36 33 31 2b 30 38 30 30 3b  .840000631+0800;
b4000070f8a2af80  6b 32 37 3a 32 32 30 34 32 3b 6b 32 38 3a 31 35  k27:22042;k28:15
b4000070f8a2af90  3b 6b 32 39 3a 3b 6b 33 30 3a 3b 6b 33 31 3a 3b  ;k29:;k30:;k31:;
b4000070f8a2afa0  6b 33 32 3a 3b 6b 33 33 3a 32 30 32 35 2d 30 36  k32:;k33:2025-06
b4000070f8a2afb0  2d 30 36 31 37 33 31 32 38 2e 37 38 35 30 30 32  -06173128.785002
b4000070f8a2afc0  37 33 35 2b 30 38 30 30 3b 6b 33 34 3a 32 30 32  735+0800;k34:202
b4000070f8a2afd0  35 2d 30 36 2d 31 32 31 39 31 32 33 33 2e 36 33  5-06-12191233.63
b4000070f8a2afe0  38 32 32 32 37 35 37 2b 30 38 30 30 3b 6b 33 35  8222757+0800;k35
b4000070f8a2aff0  3a 33 37 37 33 3b 6b 33 36 3a 31 37 3b 6b 33 37  :3773;k36:17;k37
b4000070f8a2b000  3a 32 30 32 35 2d 30 36 2d 30 36 31 37 33 31 32  :2025-06-0617312
b4000070f8a2b010  38 2e 37 38 35 30 30 32 37 33 35 2b 30 38 30 30  8.785002735+0800
b4000070f8a2b020  3b 6b 33 38 3a 32 30 32 35 2d 30 36 2d 30 36 31  ;k38:2025-06-061
b4000070f8a2b030  37 33 31 32 38 2e 37 38 35 30 30 32 37 33 35 2b  73128.785002735+
b4000070f8a2b040  30 38 30 30 3b 6b 33 39 3a 33 37 37 32 3b 6b 34  0800;k39:3772;k4
b4000070f8a2b050  30 3a 35 3b 6b 34 31 3a 3b 6b 34 32 3a 3b 6b 34  0:5;k41:;k42:;k4
b4000070f8a2b060  33 3a 3b 6b 34 34 3a 3b 6b 34 35 3a 32 30 32 35  3:;k44:;k45:2025
b4000070f8a2b070  2d 30 36 2d 30 36 31 37 33 31 32 33 2e 38 30 38  -06-06173123.808
b4000070f8a2b080  33 33 35 35 37 33 2b 30 38 30 30 3b 6b 34 36 3a  335573+0800;k46:
b4000070f8a2b090  32 36 30 34 3b 6b 34 37 3a 32 30 32 35 2d 30 36  2604;k47:2025-06
b4000070f8a2b0a0  2d 30 36 31 37 33 31 30 31 2e 34 37 38 33 33 33  -06173101.478333
b4000070f8a2b0b0  33 34 38 2b 30 38 30 30 3b 6b 34 38 3a 32 30 32  348+0800;k48:202
b4000070f8a2b0c0  35 2d 30 36 2d 30 36 31 37 33 31 30 33 2e 37 36  5-06-06173103.76
b4000070f8a2b0d0  38 33 33 33 35 37 36 2b 30 38 30 30 3b 6b 34 39  8333576+0800;k49
b4000070f8a2b0e0  3a 32 30 32 35 2d 30 36 2d 30 36 31 37 33 31 32  :2025-06-0617312
b4000070f8a2b0f0  33 2e 38 36 35 30 30 32 32 34 35 2b 30 38 30 30  3.865002245+0800
b4000070f8a2b100  3b 6b 35 30 3a 32 36 30 36 3b 6b 35 31 3a 3b 6b  ;k50:2606;k51:;k
b4000070f8a2b110  35 32 3a 3b 6b 35 33 3a 3b 6b 35 34 3a 32 30 32  52:;k53:;k54:202
b4000070f8a2b120  35 2d 30 36 2d 30 36 31 37 33 31 30 31 2e 34 37  5-06-06173101.47
b4000070f8a2b130  38 33 33 33 33 34 38 2b 30 38 30 30 3b 6b 35 35  8333348+0800;k55
b4000070f8a2b140  3a 39 39 3b 6b 35 36 3a 32 35 39 33 3b 6b 35 37  :99;k56:2593;k57
b4000070f8a2b150  3a 32 36 30 35 3b 6b 35 38 3a 32 30 32 35 2d 30  :2605;k58:2025-0
b4000070f8a2b160  36 2d 30 36 31 37 33 31 31 33 2e 38 38 31 36 36  6-06173113.88166
b4000070f8a2b170  37 39 31 37 2b 30 38 30 30 3b 6b 35 39 3a 32 30  7917+0800;k59:20
b4000070f8a2b180  32 35 2d 30 36 2d 30 36 31 37 33 31 31 33 2e 38  25-06-06173113.8
b4000070f8a2b190  38 31 36 36 37 39 31 37 2b 30 38 30 30 3b 6b 36  81667917+0800;k6
b4000070f8a2b1a0  30 3a 31 39 39 30 3b 6b 36 31 3a 35 35 38 32 3b  0:1990;k61:5582;
b4000070f8a2b1b0  6b 36 32 3a 32 30 32 35 2d 30 36 2d 30 36 31 37  k62:2025-06-0617
b4000070f8a2b1c0  33 31 32 34 2e 31 38 38 33 33 35 36 31 30 2b 30  3124.188335610+0
b4000070f8a2b1d0  38 30 30 3b 6b 36 33 3a 32 36 32 37 3b 6b 36 34  800;k63:2627;k64
b4000070f8a2b1e0  3a 32 30 32 35 2d 30 36 2d 30 36 31 37 33 31 32  :2025-06-0617312
b4000070f8a2b1f0  33 2e 35 31 31 36 36 38 38 37 36 2b 30 38 30 30  3.511668876+0800
b4000070f8a2b200  3b 6b 36 35 3a 32 35 39 39 3b 6b 36 36 3a 31 37  ;k65:2599;k66:17
b4000070f8a2b210  31 3b 6b 36 37 3a 32 30 32 35 2d 30 36 2d 30 36  1;k67:2025-06-06
b4000070f8a2b220  31 37 33 31 30 36 2e 37 32 31 36 36 37 32 30 34  173106.721667204
b4000070f8a2b230  2b 30 38 30 30 3b 6b 36 38 3a 33 38 32 3b 6b 36  +0800;k68:382;k6
b4000070f8a2b240  39 3a 3b 6b 37 30 3a 31 31 33 3b 6b 37 31 3a 32  9:;k70:113;k71:2
b4000070f8a2b250  30 32 35 2d 30 36 2d 30 36 31 37 33 31 30 31 2e  025-06-06173101.
b4000070f8a2b260  34 37 38 33 33 33 33 34 38 2b 30 38 30 30 3b 6b  478333348+0800;k
b4000070f8a2b270  37 32 3a 31 31 34 3b 6b 37 33 3a 32 30 32 35 2d  72:114;k73:2025-
b4000070f8a2b280  30 36 2d 30 36 31 37 33 31 30 31 2e 34 38 31 36  06-06173101.4816
b4000070f8a2b290  36 36 36 38 32 2b 30 38 30 30 3b 6b 37 34 3a 32  66682+0800;k74:2
b4000070f8a2b2a0  30 32 35 2d 30 36 2d 30 36 31 37 33 31 30 36 2e  025-06-06173106.
b4000070f8a2b2b0  38 32 31 36 36 37 32 31 34 2b 30 38 30 30 3b 6b  821667214+0800;k
b4000070f8a2b2c0  37 35 3a 3b 6b 31 30 3a 31                       75:;k10:1
leave sub_23FA0
[sub_23FA0] [INLINE RESULT] len = 378524876
[INLINE] len = 0
[!] Abnormal length: 0
leave sub_23FA0
[sub_23FA0] [INLINE RESULT] len = 378524876
[HEAP] len = 64  ptr = 0xb400007038a34b30
                   0  1  2  3  4  5  6  7  8  9  A  B  C  D  E  F  0123456789ABCDEF
b400007038a34b30  36 39 31 37 31 38 66 62 65 61 34 35 32 36 64 63  691718fbea4526dc
b400007038a34b40  62 35 38 30 34 35 63 32 35 63 63 32 31 39 38 66  b58045c25cc2198f
b400007038a34b50  66 31 30 63 62 35 31 37 63 30 62 35 38 35 63 30  f10cb517c0b585c0
b400007038a34b60  65 61 64 37 36 37 64 39 36 39 36 35 64 63 31 37  ead767d96965dc17
leave sub_23FA0
[sub_23FA0] [INLINE RESULT] len = 378524876
[INLINE] len = 0
[!] Abnormal length: 0
leave sub_23FA0
[sub_23FA0] [INLINE RESULT] len = 378524876
[INLINE] len = 0
[!] Abnormal length: 0
leave sub_23FA0
[sub_23FA0] [INLINE RESULT] len = 378524876
[INLINE] len = 0
[!] Abnormal length: 0
leave sub_23FA0
[sub_23FA0] [INLINE RESULT] len = 378524876
[INLINE] len = 0
[!] Abnormal length: 0
leave sub_23FA0
[sub_23FA0] [INLINE RESULT] len = 378524876
[HEAP] len = 496  ptr = 0xb4000070c8b49170
                   0  1  2  3  4  5  6  7  8  9  A  B  C  D  E  F  0123456789ABCDEF
b4000070c8b49170  7b 22 68 61 72 6d 6f 6e 79 22 3a 22 30 22 2c 22  {"harmony":"0","
b4000070c8b49180  63 6c 6f 6e 65 22 3a 22 30 22 2c 22 63 6f 6e 74  clone":"0","cont
b4000070c8b49190  61 69 6e 65 22 3a 22 22 2c 22 6f 7a 22 3a 22 5a  aine":"","oz":"Z
b4000070c8b491a0  79 6a 53 78 73 78 2b 42 61 4e 6a 79 2b 77 34 66  yjSxsx+BaNjy+w4f
b4000070c8b491b0  44 31 4d 43 2b 34 68 39 48 6b 76 45 54 77 2b 5c  D1MC+4h9HkvETw+\
b4000070c8b491c0  2f 51 68 6d 56 54 48 6f 53 52 30 3d 22 2c 22 6f  /QhmVTHoSR0=","o
b4000070c8b491d0  7a 32 22 3a 22 22 2c 22 6f 6f 22 3a 22 37 46 73  z2":"","oo":"7Fs
b4000070c8b491e0  7a 54 78 68 6c 50 34 32 54 5a 50 70 48 31 4d 32  zTxhlP42TZPpH1M2
b4000070c8b491f0  45 79 67 3d 3d 22 2c 22 6b 65 6c 6f 6e 67 22 3a  Eyg==","kelong":
b4000070c8b49200  22 30 22 2c 22 69 70 22 3a 22 31 39 32 2e 31 36  "0","ip":"192.16
b4000070c8b49210  38 2e 36 36 2e 32 35 22 2c 22 6d 75 6c 74 69 55  8.66.25","multiU
b4000070c8b49220  73 65 72 22 3a 22 30 22 2c 22 62 6f 64 22 3a 22  ser":"0","bod":"
b4000070c8b49230  66 6c 61 6d 65 22 2c 22 62 72 64 22 3a 22 67 6f  flame","brd":"go
b4000070c8b49240  6f 67 6c 65 22 2c 22 64 76 22 3a 22 66 6c 61 6d  ogle","dv":"flam
b4000070c8b49250  65 22 2c 22 66 69 72 73 74 4c 65 76 65 6c 22 3a  e","firstLevel":
b4000070c8b49260  22 32 39 22 2c 22 6d 61 6e 75 66 61 63 74 22 3a  "29","manufact":
b4000070c8b49270  22 47 6f 6f 67 6c 65 22 2c 22 6e 61 6d 65 22 3a  "Google","name":
b4000070c8b49280  22 66 6c 61 6d 65 22 2c 22 68 6f 73 74 22 3a 22  "flame","host":"
b4000070c8b49290  61 62 66 61 72 6d 38 34 38 22 2c 22 6b 65 72 6e  abfarm848","kern
b4000070c8b492a0  65 6c 22 3a 22 4c 69 6e 75 78 20 6c 6f 63 61 6c  el":"Linux local
b4000070c8b492b0  68 6f 73 74 20 34 2e 31 34 2e 32 36 31 2d 67 64  host 4.14.261-gd
b4000070c8b492c0  62 63 39 32 62 37 61 32 62 38 33 2d 61 62 38 35  bc92b7a2b83-ab85
b4000070c8b492d0  37 37 32 30 34 20 23 31 20 53 4d 50 20 50 52 45  77204 #1 SMP PRE
b4000070c8b492e0  45 4d 50 54 20 54 68 75 20 4d 61 79 20 31 32 20  EMPT Thu May 12 
b4000070c8b492f0  30 39 3a 30 37 3a 32 30 20 55 54 43 20 32 30 32  09:07:20 UTC 202
b4000070c8b49300  32 20 61 61 72 63 68 36 34 22 2c 22 70 72 65 22  2 aarch64","pre"
b4000070c8b49310  3a 22 30 22 2c 22 61 76 22 3a 22 34 2e 36 34 30  :"0","av":"4.640
b4000070c8b49320  2e 31 35 31 30 2e 32 31 39 22 2c 22 63 68 22 3a  .1510.219","ch":
b4000070c8b49330  22 22 2c 22 73 76 72 22 3a 22 22 2c 22 66 69 74  "","svr":"","fit
b4000070c8b49340  22 3a 31 37 34 39 36 30 39 34 36 31 39 30 35 2c  ":1749609461905,
b4000070c8b49350  22 6a 76 22 3a 22 32 2e 31 2e 32 2e 31 37 22 7d  "jv":"2.1.2.17"}
leave sub_23FA0
[sub_23FA0] [INLINE RESULT] len = 378524876
[INLINE] len = 0
[!] Abnormal length: 0
leave sub_23FA0
[sub_23FA0] [INLINE RESULT] len = 378524876
[INLINE] len = 5
             0  1  2  3  4  5  6  7  8  9  A  B  C  D  E  F  0123456789ABCDEF
6f2d1fa8f1  50 68 6f 6e 65                                   Phone
leave sub_23FA0
[sub_23FA0] [INLINE RESULT] len = 378524876
[INLINE] len = 10
             0  1  2  3  4  5  6  7  8  9  A  B  C  D  E  F  0123456789ABCDEF
6f2d1fa8f1  31 37 35 32 34 35 39 30 31 31                    1752459011
leave sub_23FA0
[sub_23FA0] [INLINE RESULT] len = 378524876
[INLINE] len = 0
[!] Abnormal length: 0
leave sub_23FA0
[sub_23FA0] [INLINE RESULT] len = 378524876
[HEAP] len = 280  ptr = 0xb4000070a8b26fd0
                   0  1  2  3  4  5  6  7  8  9  A  B  C  D  E  F  0123456789ABCDEF
b4000070a8b26fd0  61 34 67 2b 6b 44 31 2f 71 72 32 57 66 6f 36 58  a4g+kD1/qr2Wfo6X
b4000070a8b26fe0  34 53 62 62 32 4e 4b 43 78 62 4d 6f 68 4b 72 31  4Sbb2NKCxbMohKr1
b4000070a8b26ff0  4a 73 42 48 49 61 7a 62 48 32 59 47 37 52 57 4e  JsBHIazbH2YG7RWN
b4000070a8b27000  47 69 6d 37 59 69 43 61 56 71 34 69 32 61 4a 38  Gim7YiCaVq4i2aJ8
b4000070a8b27010  31 36 34 33 66 58 39 78 46 6d 2f 51 68 4c 72 6d  1643fX9xFm/QhLrm
b4000070a8b27020  77 45 76 70 52 70 32 6b 4f 55 67 69 46 50 51 33  wEvpRp2kOUgiFPQ3
b4000070a8b27030  63 58 6b 52 70 38 52 45 62 37 62 68 2f 6f 6e 6d  cXkRp8REb7bh/onm
b4000070a8b27040  58 33 72 73 54 4f 52 55 33 53 70 39 71 75 75 55  X3rsTORU3Sp9quuU
b4000070a8b27050  41 77 51 61 57 79 57 56 42 76 31 34 68 51 66 2f  AwQaWyWVBv14hQf/
b4000070a8b27060  4b 36 4d 53 6d 62 65 31 72 51 4e 30 35 36 2f 74  K6MSmbe1rQN056/t
b4000070a8b27070  69 41 41 52 4e 7a 53 73 70 54 5a 61 6e 33 46 54  iAARNzSspTZan3FT
b4000070a8b27080  79 64 6e 5a 71 31 35 73 47 53 39 4c 6e 75 79 71  ydnZq15sGS9Lnuyq
b4000070a8b27090  39 45 74 45 58 58 76 51 37 37 72 78 52 67 68 7a  9EtEXXvQ77rxRghz
b4000070a8b270a0  41 48 67 6f 31 47 44 54 42 58 42 51 79 65 49 56  AHgo1GDTBXBQyeIV
b4000070a8b270b0  4f 64 44 58 31 46 47 58 44 67 2f 49 59 79 65 2f  OdDX1FGXDg/IYye/
b4000070a8b270c0  62 45 51 65 4b 59 78 38 30 6d 68 48 48 6b 30 4d  bEQeKYx80mhHHk0M
b4000070a8b270d0  6f 43 74 4a 57 52 45 47 45 4c 67 73 4c 6c 4f 67  oCtJWREGELgsLlOg
b4000070a8b270e0  63 45 67 51 72 51 3d 3d                          cEgQrQ==
leave sub_23FA0
[sub_23FA0] [INLINE RESULT] len = 378524876
enter sub_23878
[sub_23878] enter Plaintext (0 bytes): 
           0  1  2  3  4  5  6  7  8  9  A  B  C  D  E  F  0123456789ABCDEF

[HEAP] len = 29  ptr = 0xb400007008b61860
                   0  1  2  3  4  5  6  7  8  9  A  B  C  D  E  F  0123456789ABCDEF
b400007008b61860  31 37 35 32 34 38 38 37 30 36 30 34 32 35 63 30  17524887060425c0
b400007008b61870  34 38 66 66 34 37 35 35 30 36 37 33 39           48ff475506739
leave sub_23FA0
[sub_23FA0] [INLINE RESULT] len = 378523160
[INLINE] len = 16
             0  1  2  3  4  5  6  7  8  9  A  B  C  D  E  F  0123456789ABCDEF
6f2d1f9cd1  30 41 4e 44 30 35 59 51 58 45 35 32 42 4e 48 30  0AND05YQXE52BNH0
leave sub_23FA0
[sub_23FA0] [INLINE RESULT] len = 378523160
[INLINE] len = 8
             0  1  2  3  4  5  6  7  8  9  A  B  C  D  E  F  0123456789ABCDEF
6f2d1f9ce9  32 2e 31 2e 32 2e 31 37                          2.1.2.17
leave sub_23FA0
[sub_23FA0] [INLINE RESULT] len = 378523160
[INLINE] len = 14
             0  1  2  3  4  5  6  7  8  9  A  B  C  D  E  F  0123456789ABCDEF
6f2d1f9d01  34 2e 36 34 30 2e 31 35 31 30 2e 32 31 39        4.640.1510.219
leave sub_23FA0
[sub_23FA0] [INLINE RESULT] len = 378523160
[INLINE] len = 19
             0  1  2  3  4  5  6  7  8  9  A  B  C  D  E  F  0123456789ABCDEF
6f2d1f9d19  41 6e 64 72 6f 69 64 20 31 32 2c 6c 65 76 65 6c  Android 12,level
6f2d1f9d29  20 33 32                                          32
leave sub_23FA0
[sub_23FA0] [INLINE RESULT] len = 378523160
[INLINE] len = 7
             0  1  2  3  4  5  6  7  8  9  A  B  C  D  E  F  0123456789ABCDEF
6f2d1f9d31  50 69 78 65 6c 20 34                             Pixel 4
leave sub_23FA0
[sub_23FA0] [INLINE RESULT] len = 378523160
[INLINE] len = 0
[!] Abnormal length: 0
leave sub_23FA0
[sub_23FA0] [INLINE RESULT] len = 378523160
[INLINE] len = 0
[!] Abnormal length: 0
leave sub_23FA0
[sub_23FA0] [INLINE RESULT] len = 378523160
[HEAP] len = 25  ptr = 0xb4000070e8b3ef50
                   0  1  2  3  4  5  6  7  8  9  A  B  C  D  E  F  0123456789ABCDEF
b4000070e8b3ef50  63 6f 6d 2e 71 71 2e 65 2e 75 6e 69 6f 6e 2e 64  com.qq.e.union.d
b4000070e8b3ef60  65 6d 6f 2e 75 6e 69 6f 6e                       emo.union
leave sub_23FA0
[sub_23FA0] [INLINE RESULT] len = 378523160
[INLINE] len = 4
             0  1  2  3  4  5  6  7  8  9  A  B  C  D  E  F  0123456789ABCDEF
6f2d1f9d91  77 69 66 69                                      wifi
leave sub_23FA0
[sub_23FA0] [INLINE RESULT] len = 378523160
retval sub_23878
[sub_23878] retval Plaintext (148 bytes): 
           0  1  2  3  4  5  6  7  8  9  A  B  C  D  E  F  0123456789ABCDEF
00000000  08 01 12 1d 31 37 35 32 34 38 38 37 30 36 30 34  ....175248870604
00000010  32 35 63 30 34 38 66 66 34 37 35 35 30 36 37 33  25c048ff47550673
00000020  39 18 00 22 10 30 41 4e 44 30 35 59 51 58 45 35  9..".0AND05YQXE5
00000030  32 42 4e 48 30 2a 08 32 2e 31 2e 32 2e 31 37 32  2BNH0*.2.1.2.172
00000040  0e 34 2e 36 34 30 2e 31 35 31 30 2e 32 31 39 3a  .4.640.1510.219:
00000050  13 41 6e 64 72 6f 69 64 20 31 32 2c 6c 65 76 65  .Android 12,leve
00000060  6c 20 33 32 42 07 50 69 78 65 6c 20 34 4a 00 52  l 32B.Pixel 4J.R
00000070  00 5a 19 63 6f 6d 2e 71 71 2e 65 2e 75 6e 69 6f  .Z.com.qq.e.unio
00000080  6e 2e 64 65 6d 6f 2e 75 6e 69 6f 6e 62 04 77 69  n.demo.unionb.wi
00000090  66 69 68 03                                      fih.
[HEAP] len = 148  ptr = 0xb400007088bbabd0
                   0  1  2  3  4  5  6  7  8  9  A  B  C  D  E  F  0123456789ABCDEF
b400007088bbabd0  08 01 12 1d 31 37 35 32 34 38 38 37 30 36 30 34  ....175248870604
b400007088bbabe0  32 35 63 30 34 38 66 66 34 37 35 35 30 36 37 33  25c048ff47550673
b400007088bbabf0  39 18 00 22 10 30 41 4e 44 30 35 59 51 58 45 35  9..".0AND05YQXE5
b400007088bbac00  32 42 4e 48 30 2a 08 32 2e 31 2e 32 2e 31 37 32  2BNH0*.2.1.2.172
b400007088bbac10  0e 34 2e 36 34 30 2e 31 35 31 30 2e 32 31 39 3a  .4.640.1510.219:
b400007088bbac20  13 41 6e 64 72 6f 69 64 20 31 32 2c 6c 65 76 65  .Android 12,leve
b400007088bbac30  6c 20 33 32 42 07 50 69 78 65 6c 20 34 4a 00 52  l 32B.Pixel 4J.R
b400007088bbac40  00 5a 19 63 6f 6d 2e 71 71 2e 65 2e 75 6e 69 6f  .Z.com.qq.e.unio
b400007088bbac50  6e 2e 64 65 6d 6f 2e 75 6e 69 6f 6e 62 04 77 69  n.demo.unionb.wi
b400007088bbac60  66 69 68 03                                      fih.
leave sub_23FA0
[sub_23FA0] [INLINE RESULT] len = 378523200
[HEAP] len = 2328  ptr = 0xb400007118a5ee80
                   0  1  2  3  4  5  6  7  8  9  A  B  C  D  E  F  0123456789ABCDEF
b400007118a5ee80  0a 00 12 02 33 35 1a 29 7b 22 51 6d 55 69 6e 22  ....35.){"QmUin"
b400007118a5ee90  3a 22 31 37 35 32 34 38 38 37 30 36 30 34 32 35  :"17524887060425
b400007118a5eea0  63 30 34 38 66 66 34 37 35 35 30 36 37 33 39 22  c048ff475506739"
b400007118a5eeb0  7d 22 06 67 6f 6f 67 6c 65 2a e9 0a 6b 31 3a 32  }".google*..k1:2
b400007118a5eec0  30 32 35 2d 30 36 2d 30 36 31 37 33 31 30 31 2e  025-06-06173101.
b400007118a5eed0  35 35 38 33 33 33 33 35 36 2b 30 38 30 30 3b 6b  558333356+0800;k
b400007118a5eee0  32 3a 32 30 32 35 2d 30 36 2d 30 36 31 37 33 31  2:2025-06-061731
b400007118a5eef0  32 38 2e 32 32 38 33 33 36 30 31 33 2b 30 38 30  28.228336013+080
b400007118a5ef00  30 3b 6b 33 3a 30 30 30 30 30 30 30 30 30 30 30  0;k3:00000000000
b400007118a5ef10  30 30 30 30 30 3b 6b 34 3a 38 61 31 39 36 62 39  00000;k4:8a196b9
b400007118a5ef20  61 33 65 33 36 62 36 64 62 3b 6b 35 3a 31 33 31  a3e36b6db;k5:131
b400007118a5ef30  30 36 36 38 33 3b 6b 36 3a 31 32 37 38 36 36 38  06683;k6:1278668
b400007118a5ef40  38 3b 6b 37 3a 32 31 35 30 34 30 3b 6b 38 3a 32  8;k7:215040;k8:2
b400007118a5ef50  38 30 30 3b 6b 39 3a 65 37 63 65 36 39 35 33 2d  800;k9:e7ce6953-
b400007118a5ef60  37 36 31 65 2d 34 38 36 34 2d 61 38 66 36 2d 63  761e-4864-a8f6-c
b400007118a5ef70  63 64 38 37 61 37 36 61 37 64 63 3b 6b 31 31 3a  cd87a76a7dc;k11:
b400007118a5ef80  31 37 31 3b 6b 31 32 3a 34 3b 6b 31 33 3a 32 30  171;k12:4;k13:20
b400007118a5ef90  32 35 2d 30 36 2d 30 36 31 37 33 31 32 38 2e 32  25-06-06173128.2
b400007118a5efa0  32 38 33 33 36 30 31 33 2b 30 38 30 30 3b 6b 31  28336013+0800;k1
b400007118a5efb0  34 3a 32 30 32 35 2d 30 36 2d 32 36 31 35 33 39  4:2025-06-261539
b400007118a5efc0  34 34 2e 33 32 32 34 30 38 36 38 35 2b 30 38 30  44.322408685+080
b400007118a5efd0  30 3b 6b 31 35 3a 32 39 35 34 3b 6b 31 36 3a 31  0;k15:2954;k16:1
b400007118a5efe0  36 3b 6b 31 37 3a 32 30 32 35 2d 30 37 2d 31 34  6;k17:2025-07-14
b400007118a5eff0  31 38 32 35 30 35 2e 33 30 36 36 32 33 39 33 36  182505.306623936
b400007118a5f000  2b 30 38 30 30 3b 6b 31 38 3a 32 30 32 35 2d 30  +0800;k18:2025-0
b400007118a5f010  37 2d 31 34 31 38 32 35 30 35 2e 33 30 36 36 32  7-14182505.30662
b400007118a5f020  33 39 33 36 2b 30 38 30 30 3b 6b 31 39 3a 33 38  3936+0800;k19:38
b400007118a5f030  36 38 35 35 3b 6b 32 30 3a 34 3b 6b 32 31 3a 32  6855;k20:4;k21:2
b400007118a5f040  30 32 35 2d 30 37 2d 31 34 31 38 32 35 30 35 2e  025-07-14182505.
b400007118a5f050  33 30 36 36 32 33 39 33 36 2b 30 38 30 30 3b 6b  306623936+0800;k
b400007118a5f060  32 32 3a 32 30 32 35 2d 30 37 2d 31 34 31 38 32  22:2025-07-14182
b400007118a5f070  35 30 35 2e 33 30 36 36 32 33 39 33 36 2b 30 38  505.306623936+08
b400007118a5f080  30 30 3b 6b 32 33 3a 33 38 36 38 35 36 3b 6b 32  00;k23:386856;k2
b400007118a5f090  34 3a 32 3b 6b 32 35 3a 32 30 32 35 2d 30 37 2d  4:2;k25:2025-07-
b400007118a5f0a0  31 34 31 34 31 32 30 32 2e 37 34 31 37 37 38 31  14141202.7417781
b400007118a5f0b0  33 38 2b 30 38 30 30 3b 6b 32 36 3a 31 39 37 30  38+0800;k26:1970
b400007118a5f0c0  2d 30 32 2d 31 39 30 36 34 39 32 35 2e 38 34 30  -02-19064925.840
b400007118a5f0d0  30 30 30 36 33 31 2b 30 38 30 30 3b 6b 32 37 3a  000631+0800;k27:
b400007118a5f0e0  32 32 30 34 32 3b 6b 32 38 3a 31 35 3b 6b 32 39  22042;k28:15;k29
b400007118a5f0f0  3a 3b 6b 33 30 3a 3b 6b 33 31 3a 3b 6b 33 32 3a  :;k30:;k31:;k32:
b400007118a5f100  3b 6b 33 33 3a 32 30 32 35 2d 30 36 2d 30 36 31  ;k33:2025-06-061
b400007118a5f110  37 33 31 32 38 2e 37 38 35 30 30 32 37 33 35 2b  73128.785002735+
b400007118a5f120  30 38 30 30 3b 6b 33 34 3a 32 30 32 35 2d 30 36  0800;k34:2025-06
b400007118a5f130  2d 31 32 31 39 31 32 33 33 2e 36 33 38 32 32 32  -12191233.638222
b400007118a5f140  37 35 37 2b 30 38 30 30 3b 6b 33 35 3a 33 37 37  757+0800;k35:377
b400007118a5f150  33 3b 6b 33 36 3a 31 37 3b 6b 33 37 3a 32 30 32  3;k36:17;k37:202
b400007118a5f160  35 2d 30 36 2d 30 36 31 37 33 31 32 38 2e 37 38  5-06-06173128.78
b400007118a5f170  35 30 30 32 37 33 35 2b 30 38 30 30 3b 6b 33 38  5002735+0800;k38
b400007118a5f180  3a 32 30 32 35 2d 30 36 2d 30 36 31 37 33 31 32  :2025-06-0617312
b400007118a5f190  38 2e 37 38 35 30 30 32 37 33 35 2b 30 38 30 30  8.785002735+0800
b400007118a5f1a0  3b 6b 33 39 3a 33 37 37 32 3b 6b 34 30 3a 35 3b  ;k39:3772;k40:5;
b400007118a5f1b0  6b 34 31 3a 3b 6b 34 32 3a 3b 6b 34 33 3a 3b 6b  k41:;k42:;k43:;k
b400007118a5f1c0  34 34 3a 3b 6b 34 35 3a 32 30 32 35 2d 30 36 2d  44:;k45:2025-06-
b400007118a5f1d0  30 36 31 37 33 31 32 33 2e 38 30 38 33 33 35 35  06173123.8083355
b400007118a5f1e0  37 33 2b 30 38 30 30 3b 6b 34 36 3a 32 36 30 34  73+0800;k46:2604
b400007118a5f1f0  3b 6b 34 37 3a 32 30 32 35 2d 30 36 2d 30 36 31  ;k47:2025-06-061
b400007118a5f200  37 33 31 30 31 2e 34 37 38 33 33 33 33 34 38 2b  73101.478333348+
b400007118a5f210  30 38 30 30 3b 6b 34 38 3a 32 30 32 35 2d 30 36  0800;k48:2025-06
b400007118a5f220  2d 30 36 31 37 33 31 30 33 2e 37 36 38 33 33 33  -06173103.768333
b400007118a5f230  35 37 36 2b 30 38 30 30 3b 6b 34 39 3a 32 30 32  576+0800;k49:202
b400007118a5f240  35 2d 30 36 2d 30 36 31 37 33 31 32 33 2e 38 36  5-06-06173123.86
b400007118a5f250  35 30 30 32 32 34 35 2b 30 38 30 30 3b 6b 35 30  5002245+0800;k50
b400007118a5f260  3a 32 36 30 36 3b 6b 35 31 3a 3b 6b 35 32 3a 3b  :2606;k51:;k52:;
b400007118a5f270  6b 35 33 3a 3b 6b 35 34 3a 32 30 32 35 2d 30 36  k53:;k54:2025-06
b400007118a5f280  2d 30 36 31 37 33 31 30 31 2e 34 37 38 33 33 33  -06173101.478333
b400007118a5f290  33 34 38 2b 30 38 30 30 3b 6b 35 35 3a 39 39 3b  348+0800;k55:99;
b400007118a5f2a0  6b 35 36 3a 32 35 39 33 3b 6b 35 37 3a 32 36 30  k56:2593;k57:260
b400007118a5f2b0  35 3b 6b 35 38 3a 32 30 32 35 2d 30 36 2d 30 36  5;k58:2025-06-06
b400007118a5f2c0  31 37 33 31 31 33 2e 38 38 31 36 36 37 39 31 37  173113.881667917
b400007118a5f2d0  2b 30 38 30 30 3b 6b 35 39 3a 32 30 32 35 2d 30  +0800;k59:2025-0
b400007118a5f2e0  36 2d 30 36 31 37 33 31 31 33 2e 38 38 31 36 36  6-06173113.88166
b400007118a5f2f0  37 39 31 37 2b 30 38 30 30 3b 6b 36 30 3a 31 39  7917+0800;k60:19
b400007118a5f300  39 30 3b 6b 36 31 3a 35 35 38 32 3b 6b 36 32 3a  90;k61:5582;k62:
b400007118a5f310  32 30 32 35 2d 30 36 2d 30 36 31 37 33 31 32 34  2025-06-06173124
b400007118a5f320  2e 31 38 38 33 33 35 36 31 30 2b 30 38 30 30 3b  .188335610+0800;
b400007118a5f330  6b 36 33 3a 32 36 32 37 3b 6b 36 34 3a 32 30 32  k63:2627;k64:202
b400007118a5f340  35 2d 30 36 2d 30 36 31 37 33 31 32 33 2e 35 31  5-06-06173123.51
b400007118a5f350  31 36 36 38 38 37 36 2b 30 38 30 30 3b 6b 36 35  1668876+0800;k65
b400007118a5f360  3a 32 35 39 39 3b 6b 36 36 3a 31 37 31 3b 6b 36  :2599;k66:171;k6
b400007118a5f370  37 3a 32 30 32 35 2d 30 36 2d 30 36 31 37 33 31  7:2025-06-061731
b400007118a5f380  30 36 2e 37 32 31 36 36 37 32 30 34 2b 30 38 30  06.721667204+080
b400007118a5f390  30 3b 6b 36 38 3a 33 38 32 3b 6b 36 39 3a 3b 6b  0;k68:382;k69:;k
b400007118a5f3a0  37 30 3a 31 31 33 3b 6b 37 31 3a 32 30 32 35 2d  70:113;k71:2025-
b400007118a5f3b0  30 36 2d 30 36 31 37 33 31 30 31 2e 34 37 38 33  06-06173101.4783
b400007118a5f3c0  33 33 33 34 38 2b 30 38 30 30 3b 6b 37 32 3a 31  33348+0800;k72:1
b400007118a5f3d0  31 34 3b 6b 37 33 3a 32 30 32 35 2d 30 36 2d 30  14;k73:2025-06-0
b400007118a5f3e0  36 31 37 33 31 30 31 2e 34 38 31 36 36 36 36 38  6173101.48166668
b400007118a5f3f0  32 2b 30 38 30 30 3b 6b 37 34 3a 32 30 32 35 2d  2+0800;k74:2025-
b400007118a5f400  30 36 2d 30 36 31 37 33 31 30 36 2e 38 32 31 36  06-06173106.8216
b400007118a5f410  36 37 32 31 34 2b 30 38 30 30 3b 6b 37 35 3a 3b  67214+0800;k75:;
b400007118a5f420  6b 31 30 3a 31 32 00 3a 40 36 39 31 37 31 38 66  k10:12.:@691718f
b400007118a5f430  62 65 61 34 35 32 36 64 63 62 35 38 30 34 35 63  bea4526dcb58045c
b400007118a5f440  32 35 63 63 32 31 39 38 66 66 31 30 63 62 35 31  25cc2198ff10cb51
b400007118a5f450  37 63 30 62 35 38 35 63 30 65 61 64 37 36 37 64  7c0b585c0ead767d
b400007118a5f460  39 36 39 36 35 64 63 31 37 42 00 4a 00 52 00 5a  96965dc17B.J.R.Z
b400007118a5f470  00 62 f0 03 7b 22 68 61 72 6d 6f 6e 79 22 3a 22  .b..{"harmony":"
b400007118a5f480  30 22 2c 22 63 6c 6f 6e 65 22 3a 22 30 22 2c 22  0","clone":"0","
b400007118a5f490  63 6f 6e 74 61 69 6e 65 22 3a 22 22 2c 22 6f 7a  containe":"","oz
b400007118a5f4a0  22 3a 22 5a 79 6a 53 78 73 78 2b 42 61 4e 6a 79  ":"ZyjSxsx+BaNjy
b400007118a5f4b0  2b 77 34 66 44 31 4d 43 2b 34 68 39 48 6b 76 45  +w4fD1MC+4h9HkvE
b400007118a5f4c0  54 77 2b 5c 2f 51 68 6d 56 54 48 6f 53 52 30 3d  Tw+\/QhmVTHoSR0=
b400007118a5f4d0  22 2c 22 6f 7a 32 22 3a 22 22 2c 22 6f 6f 22 3a  ","oz2":"","oo":
b400007118a5f4e0  22 37 46 73 7a 54 78 68 6c 50 34 32 54 5a 50 70  "7FszTxhlP42TZPp
b400007118a5f4f0  48 31 4d 32 45 79 67 3d 3d 22 2c 22 6b 65 6c 6f  H1M2Eyg==","kelo
b400007118a5f500  6e 67 22 3a 22 30 22 2c 22 69 70 22 3a 22 31 39  ng":"0","ip":"19
b400007118a5f510  32 2e 31 36 38 2e 36 36 2e 32 35 22 2c 22 6d 75  2.168.66.25","mu
b400007118a5f520  6c 74 69 55 73 65 72 22 3a 22 30 22 2c 22 62 6f  ltiUser":"0","bo
b400007118a5f530  64 22 3a 22 66 6c 61 6d 65 22 2c 22 62 72 64 22  d":"flame","brd"
b400007118a5f540  3a 22 67 6f 6f 67 6c 65 22 2c 22 64 76 22 3a 22  :"google","dv":"
b400007118a5f550  66 6c 61 6d 65 22 2c 22 66 69 72 73 74 4c 65 76  flame","firstLev
b400007118a5f560  65 6c 22 3a 22 32 39 22 2c 22 6d 61 6e 75 66 61  el":"29","manufa
b400007118a5f570  63 74 22 3a 22 47 6f 6f 67 6c 65 22 2c 22 6e 61  ct":"Google","na
b400007118a5f580  6d 65 22 3a 22 66 6c 61 6d 65 22 2c 22 68 6f 73  me":"flame","hos
b400007118a5f590  74 22 3a 22 61 62 66 61 72 6d 38 34 38 22 2c 22  t":"abfarm848","
b400007118a5f5a0  6b 65 72 6e 65 6c 22 3a 22 4c 69 6e 75 78 20 6c  kernel":"Linux l
b400007118a5f5b0  6f 63 61 6c 68 6f 73 74 20 34 2e 31 34 2e 32 36  ocalhost 4.14.26
b400007118a5f5c0  31 2d 67 64 62 63 39 32 62 37 61 32 62 38 33 2d  1-gdbc92b7a2b83-
b400007118a5f5d0  61 62 38 35 37 37 32 30 34 20 23 31 20 53 4d 50  ab8577204 #1 SMP
b400007118a5f5e0  20 50 52 45 45 4d 50 54 20 54 68 75 20 4d 61 79   PREEMPT Thu May
b400007118a5f5f0  20 31 32 20 30 39 3a 30 37 3a 32 30 20 55 54 43   12 09:07:20 UTC
b400007118a5f600  20 32 30 32 32 20 61 61 72 63 68 36 34 22 2c 22   2022 aarch64","
b400007118a5f610  70 72 65 22 3a 22 30 22 2c 22 61 76 22 3a 22 34  pre":"0","av":"4
b400007118a5f620  2e 36 34 30 2e 31 35 31 30 2e 32 31 39 22 2c 22  .640.1510.219","
b400007118a5f630  63 68 22 3a 22 22 2c 22 73 76 72 22 3a 22 22 2c  ch":"","svr":"",
b400007118a5f640  22 66 69 74 22 3a 31 37 34 39 36 30 39 34 36 31  "fit":1749609461
b400007118a5f650  39 30 35 2c 22 6a 76 22 3a 22 32 2e 31 2e 32 2e  905,"jv":"2.1.2.
b400007118a5f660  31 37 22 7d 6a 00 72 05 50 68 6f 6e 65 7a 0a 31  17"}j.r.Phonez.1
b400007118a5f670  37 35 32 34 35 39 30 31 31 82 01 00 92 01 98 02  752459011.......
b400007118a5f680  61 34 67 2b 6b 44 31 2f 71 72 32 57 66 6f 36 58  a4g+kD1/qr2Wfo6X
b400007118a5f690  34 53 62 62 32 4e 4b 43 78 62 4d 6f 68 4b 72 31  4Sbb2NKCxbMohKr1
b400007118a5f6a0  4a 73 42 48 49 61 7a 62 48 32 59 47 37 52 57 4e  JsBHIazbH2YG7RWN
b400007118a5f6b0  47 69 6d 37 59 69 43 61 56 71 34 69 32 61 4a 38  Gim7YiCaVq4i2aJ8
b400007118a5f6c0  31 36 34 33 66 58 39 78 46 6d 2f 51 68 4c 72 6d  1643fX9xFm/QhLrm
b400007118a5f6d0  77 45 76 70 52 70 32 6b 4f 55 67 69 46 50 51 33  wEvpRp2kOUgiFPQ3
b400007118a5f6e0  63 58 6b 52 70 38 52 45 62 37 62 68 2f 6f 6e 6d  cXkRp8REb7bh/onm
b400007118a5f6f0  58 33 72 73 54 4f 52 55 33 53 70 39 71 75 75 55  X3rsTORU3Sp9quuU
b400007118a5f700  41 77 51 61 57 79 57 56 42 76 31 34 68 51 66 2f  AwQaWyWVBv14hQf/
b400007118a5f710  4b 36 4d 53 6d 62 65 31 72 51 4e 30 35 36 2f 74  K6MSmbe1rQN056/t
b400007118a5f720  69 41 41 52 4e 7a 53 73 70 54 5a 61 6e 33 46 54  iAARNzSspTZan3FT
b400007118a5f730  79 64 6e 5a 71 31 35 73 47 53 39 4c 6e 75 79 71  ydnZq15sGS9Lnuyq
b400007118a5f740  39 45 74 45 58 58 76 51 37 37 72 78 52 67 68 7a  9EtEXXvQ77rxRghz
b400007118a5f750  41 48 67 6f 31 47 44 54 42 58 42 51 79 65 49 56  AHgo1GDTBXBQyeIV
b400007118a5f760  4f 64 44 58 31 46 47 58 44 67 2f 49 59 79 65 2f  OdDX1FGXDg/IYye/
b400007118a5f770  62 45 51 65 4b 59 78 38 30 6d 68 48 48 6b 30 4d  bEQeKYx80mhHHk0M
b400007118a5f780  6f 43 74 4a 57 52 45 47 45 4c 67 73 4c 6c 4f 67  oCtJWREGELgsLlOg
b400007118a5f790  63 45 67 51 72 51 3d 3d                          cEgQrQ==
leave sub_23FA0
[sub_23FA0] [INLINE RESULT] len = 378523200
[INLINE] len = 13
             0  1  2  3  4  5  6  7  8  9  A  B  C  D  E  F  0123456789ABCDEF
6f27cc8921  31 37 35 32 34 38 38 37 30 36 39 32 32           1752488706922
leave sub_23FA0
[sub_23FA0] [INLINE RESULT] len = 333858020
[INLINE] len = 13
             0  1  2  3  4  5  6  7  8  9  A  B  C  D  E  F  0123456789ABCDEF
6f27cc8921  31 39 32 2e 31 36 38 2e 36 36 2e 32 35           192.168.66.25
leave sub_23FA0
[sub_23FA0] [INLINE RESULT] len = 333858020
[INLINE] len = 1
             0  1  2  3  4  5  6  7  8  9  A  B  C  D  E  F  0123456789ABCDEF
6f27cc8921  30                                               0
leave sub_23FA0
[sub_23FA0] [INLINE RESULT] len = 333858020
[HEAP] len = 31  ptr = 0xb400007008b51630
                   0  1  2  3  4  5  6  7  8  9  A  B  C  D  E  F  0123456789ABCDEF
b400007008b51630  7b 22 61 76 22 3a 22 34 2e 36 34 30 2e 31 35 31  {"av":"4.640.151
b400007008b51640  30 2e 32 31 39 22 2c 22 63 68 22 3a 22 22 7d     0.219","ch":""}
leave sub_23FA0
[sub_23FA0] [INLINE RESULT] len = 333858020
enter sub_23878
[sub_23878] enter Plaintext (0 bytes): 
           0  1  2  3  4  5  6  7  8  9  A  B  C  D  E  F  0123456789ABCDEF

[HEAP] len = 29  ptr = 0xb400007008b57930
                   0  1  2  3  4  5  6  7  8  9  A  B  C  D  E  F  0123456789ABCDEF
b400007008b57930  31 37 35 32 34 38 38 37 30 36 30 34 32 35 63 30  17524887060425c0
b400007008b57940  34 38 66 66 34 37 35 35 30 36 37 33 39           48ff475506739
leave sub_23FA0
[sub_23FA0] [INLINE RESULT] len = 333856304
[INLINE] len = 16
             0  1  2  3  4  5  6  7  8  9  A  B  C  D  E  F  0123456789ABCDEF
6f27cc7d01  30 41 4e 44 30 35 59 51 58 45 35 32 42 4e 48 30  0AND05YQXE52BNH0
leave sub_23FA0
[sub_23FA0] [INLINE RESULT] len = 333856304
[INLINE] len = 8
             0  1  2  3  4  5  6  7  8  9  A  B  C  D  E  F  0123456789ABCDEF
6f27cc7d19  32 2e 31 2e 32 2e 31 37                          2.1.2.17
leave sub_23FA0
[sub_23FA0] [INLINE RESULT] len = 333856304
[INLINE] len = 14
             0  1  2  3  4  5  6  7  8  9  A  B  C  D  E  F  0123456789ABCDEF
6f27cc7d31  34 2e 36 34 30 2e 31 35 31 30 2e 32 31 39        4.640.1510.219
leave sub_23FA0
[sub_23FA0] [INLINE RESULT] len = 333856304
[INLINE] len = 19
             0  1  2  3  4  5  6  7  8  9  A  B  C  D  E  F  0123456789ABCDEF
6f27cc7d49  41 6e 64 72 6f 69 64 20 31 32 2c 6c 65 76 65 6c  Android 12,level
6f27cc7d59  20 33 32                                          32
leave sub_23FA0
[sub_23FA0] [INLINE RESULT] len = 333856304
[INLINE] len = 7
             0  1  2  3  4  5  6  7  8  9  A  B  C  D  E  F  0123456789ABCDEF
6f27cc7d61  50 69 78 65 6c 20 34                             Pixel 4
leave sub_23FA0
[sub_23FA0] [INLINE RESULT] len = 333856304
[HEAP] len = 48  ptr = 0xb400007028b0a6f0
                   0  1  2  3  4  5  6  7  8  9  A  B  C  D  E  F  0123456789ABCDEF
b400007028b0a6f0  30 30 32 32 31 62 63 30 64 64 61 39 34 32 62 38  00221bc0dda942b8
b400007028b0a700  64 61 34 66 65 31 38 62 32 64 65 63 61 34 36 32  da4fe18b2deca462
b400007028b0a710  38 61 37 31 39 36 30 61 35 37 62 62 35 62 63 64  8a71960a57bb5bcd
leave sub_23FA0
[sub_23FA0] [INLINE RESULT] len = 333856304
[HEAP] len = 48  ptr = 0xb400007028b0ac40
                   0  1  2  3  4  5  6  7  8  9  A  B  C  D  E  F  0123456789ABCDEF
b400007028b0ac40  30 30 32 32 31 62 63 30 64 64 61 39 34 32 62 38  00221bc0dda942b8
b400007028b0ac50  64 61 34 66 65 31 38 62 32 64 65 63 61 34 36 32  da4fe18b2deca462
b400007028b0ac60  38 61 37 31 39 36 30 61 35 37 62 62 35 62 63 64  8a71960a57bb5bcd
leave sub_23FA0
[sub_23FA0] [INLINE RESULT] len = 333856304
[HEAP] len = 25  ptr = 0xb4000070e8b38c20
                   0  1  2  3  4  5  6  7  8  9  A  B  C  D  E  F  0123456789ABCDEF
b4000070e8b38c20  63 6f 6d 2e 71 71 2e 65 2e 75 6e 69 6f 6e 2e 64  com.qq.e.union.d
b4000070e8b38c30  65 6d 6f 2e 75 6e 69 6f 6e                       emo.union
leave sub_23FA0
[sub_23FA0] [INLINE RESULT] len = 333856304
[INLINE] len = 4
             0  1  2  3  4  5  6  7  8  9  A  B  C  D  E  F  0123456789ABCDEF
6f27cc7dc1  77 69 66 69                                      wifi
leave sub_23FA0
[sub_23FA0] [INLINE RESULT] len = 333856304
retval sub_23878
[sub_23878] retval Plaintext (244 bytes): 
           0  1  2  3  4  5  6  7  8  9  A  B  C  D  E  F  0123456789ABCDEF
00000000  08 07 12 1d 31 37 35 32 34 38 38 37 30 36 30 34  ....175248870604
00000010  32 35 63 30 34 38 66 66 34 37 35 35 30 36 37 33  25c048ff47550673
00000020  39 18 00 22 10 30 41 4e 44 30 35 59 51 58 45 35  9..".0AND05YQXE5
00000030  32 42 4e 48 30 2a 08 32 2e 31 2e 32 2e 31 37 32  2BNH0*.2.1.2.172
00000040  0e 34 2e 36 34 30 2e 31 35 31 30 2e 32 31 39 3a  .4.640.1510.219:
00000050  13 41 6e 64 72 6f 69 64 20 31 32 2c 6c 65 76 65  .Android 12,leve
00000060  6c 20 33 32 42 07 50 69 78 65 6c 20 34 4a 30 30  l 32B.Pixel 4J00
00000070  30 32 32 31 62 63 30 64 64 61 39 34 32 62 38 64  0221bc0dda942b8d
00000080  61 34 66 65 31 38 62 32 64 65 63 61 34 36 32 38  a4fe18b2deca4628
00000090  61 37 31 39 36 30 61 35 37 62 62 35 62 63 64 52  a71960a57bb5bcdR
000000a0  30 30 30 32 32 31 62 63 30 64 64 61 39 34 32 62  000221bc0dda942b
000000b0  38 64 61 34 66 65 31 38 62 32 64 65 63 61 34 36  8da4fe18b2deca46
000000c0  32 38 61 37 31 39 36 30 61 35 37 62 62 35 62 63  28a71960a57bb5bc
000000d0  64 5a 19 63 6f 6d 2e 71 71 2e 65 2e 75 6e 69 6f  dZ.com.qq.e.unio
000000e0  6e 2e 64 65 6d 6f 2e 75 6e 69 6f 6e 62 04 77 69  n.demo.unionb.wi
000000f0  66 69 68 04                                      fih.
[HEAP] len = 244  ptr = 0xb4000070b8a373d0
                   0  1  2  3  4  5  6  7  8  9  A  B  C  D  E  F  0123456789ABCDEF
b4000070b8a373d0  08 07 12 1d 31 37 35 32 34 38 38 37 30 36 30 34  ....175248870604
b4000070b8a373e0  32 35 63 30 34 38 66 66 34 37 35 35 30 36 37 33  25c048ff47550673
b4000070b8a373f0  39 18 00 22 10 30 41 4e 44 30 35 59 51 58 45 35  9..".0AND05YQXE5
b4000070b8a37400  32 42 4e 48 30 2a 08 32 2e 31 2e 32 2e 31 37 32  2BNH0*.2.1.2.172
b4000070b8a37410  0e 34 2e 36 34 30 2e 31 35 31 30 2e 32 31 39 3a  .4.640.1510.219:
b4000070b8a37420  13 41 6e 64 72 6f 69 64 20 31 32 2c 6c 65 76 65  .Android 12,leve
b4000070b8a37430  6c 20 33 32 42 07 50 69 78 65 6c 20 34 4a 30 30  l 32B.Pixel 4J00
b4000070b8a37440  30 32 32 31 62 63 30 64 64 61 39 34 32 62 38 64  0221bc0dda942b8d
b4000070b8a37450  61 34 66 65 31 38 62 32 64 65 63 61 34 36 32 38  a4fe18b2deca4628
b4000070b8a37460  61 37 31 39 36 30 61 35 37 62 62 35 62 63 64 52  a71960a57bb5bcdR
b4000070b8a37470  30 30 30 32 32 31 62 63 30 64 64 61 39 34 32 62  000221bc0dda942b
b4000070b8a37480  38 64 61 34 66 65 31 38 62 32 64 65 63 61 34 36  8da4fe18b2deca46
b4000070b8a37490  32 38 61 37 31 39 36 30 61 35 37 62 62 35 62 63  28a71960a57bb5bc
b4000070b8a374a0  64 5a 19 63 6f 6d 2e 71 71 2e 65 2e 75 6e 69 6f  dZ.com.qq.e.unio
b4000070b8a374b0  6e 2e 64 65 6d 6f 2e 75 6e 69 6f 6e 62 04 77 69  n.demo.unionb.wi
b4000070b8a374c0  66 69 68 04                                      fih.
leave sub_23FA0
[sub_23FA0] [INLINE RESULT] len = 333856344
[HEAP] len = 68  ptr = 0xb400007038a48150
                   0  1  2  3  4  5  6  7  8  9  A  B  C  D  E  F  0123456789ABCDEF
b400007038a48150  08 02 12 0d 31 37 35 32 34 38 38 37 30 36 39 32  ....175248870692
b400007038a48160  32 1a 0d 31 39 32 2e 31 36 38 2e 36 36 2e 32 35  2..192.168.66.25
b400007038a48170  22 01 30 2a 1f 7b 22 61 76 22 3a 22 34 2e 36 34  ".0*.{"av":"4.64
b400007038a48180  30 2e 31 35 31 30 2e 32 31 39 22 2c 22 63 68 22  0.1510.219","ch"
b400007038a48190  3a 22 22 7d                                      :""}
leave sub_23FA0
[sub_23FA0] [INLINE RESULT] len = 333856344
[INLINE] len = 2
             0  1  2  3  4  5  6  7  8  9  A  B  C  D  E  F  0123456789ABCDEF
6f2bfe6841  76 38                                            v8
leave sub_23FA0
[sub_23FA0] [INLINE RESULT] len = 369046644
[INLINE] len = 13
             0  1  2  3  4  5  6  7  8  9  A  B  C  D  E  F  0123456789ABCDEF
6f2bfe6841  31 39 32 2e 31 36 38 2e 36 36 2e 32 35           192.168.66.25
leave sub_23FA0
[sub_23FA0] [INLINE RESULT] len = 369046644
[INLINE] len = 0
[!] Abnormal length: 0
leave sub_23FA0
[sub_23FA0] [INLINE RESULT] len = 369046644
[INLINE] len = 1
             0  1  2  3  4  5  6  7  8  9  A  B  C  D  E  F  0123456789ABCDEF
6f2bfe6841  31                                               1
leave sub_23FA0
[sub_23FA0] [INLINE RESULT] len = 369046644
[INLINE] len = 1
             0  1  2  3  4  5  6  7  8  9  A  B  C  D  E  F  0123456789ABCDEF
6f2bfe6841  31                                               1
leave sub_23FA0
[sub_23FA0] [INLINE RESULT] len = 369046644
[INLINE] len = 1
             0  1  2  3  4  5  6  7  8  9  A  B  C  D  E  F  0123456789ABCDEF
6f2bfe6841  31                                               1
leave sub_23FA0
[sub_23FA0] [INLINE RESULT] len = 369046644
[INLINE] len = 4
             0  1  2  3  4  5  6  7  8  9  A  B  C  D  E  F  0123456789ABCDEF
6f2bfe6841  31 36 33 30                                      1630
leave sub_23FA0
[sub_23FA0] [INLINE RESULT] len = 369046644
enter sub_23878
[sub_23878] enter Plaintext (0 bytes): 
           0  1  2  3  4  5  6  7  8  9  A  B  C  D  E  F  0123456789ABCDEF

[HEAP] len = 29  ptr = 0xb400007008b61ec0
                   0  1  2  3  4  5  6  7  8  9  A  B  C  D  E  F  0123456789ABCDEF
b400007008b61ec0  31 37 35 32 34 38 38 37 30 36 30 34 32 35 63 30  17524887060425c0
b400007008b61ed0  34 38 66 66 34 37 35 35 30 36 37 33 39           48ff475506739
leave sub_23FA0
[sub_23FA0] [INLINE RESULT] len = 369044928
[INLINE] len = 16
             0  1  2  3  4  5  6  7  8  9  A  B  C  D  E  F  0123456789ABCDEF
6f2bfe5c21  30 41 4e 44 30 35 59 51 58 45 35 32 42 4e 48 30  0AND05YQXE52BNH0
leave sub_23FA0
[sub_23FA0] [INLINE RESULT] len = 369044928
[INLINE] len = 8
             0  1  2  3  4  5  6  7  8  9  A  B  C  D  E  F  0123456789ABCDEF
6f2bfe5c39  32 2e 31 2e 32 2e 31 37                          2.1.2.17
leave sub_23FA0
[sub_23FA0] [INLINE RESULT] len = 369044928
[INLINE] len = 14
             0  1  2  3  4  5  6  7  8  9  A  B  C  D  E  F  0123456789ABCDEF
6f2bfe5c51  34 2e 36 34 30 2e 31 35 31 30 2e 32 31 39        4.640.1510.219
leave sub_23FA0
[sub_23FA0] [INLINE RESULT] len = 369044928
[INLINE] len = 19
             0  1  2  3  4  5  6  7  8  9  A  B  C  D  E  F  0123456789ABCDEF
6f2bfe5c69  41 6e 64 72 6f 69 64 20 31 32 2c 6c 65 76 65 6c  Android 12,level
6f2bfe5c79  20 33 32                                          32
leave sub_23FA0
[sub_23FA0] [INLINE RESULT] len = 369044928
[INLINE] len = 7
             0  1  2  3  4  5  6  7  8  9  A  B  C  D  E  F  0123456789ABCDEF
6f2bfe5c81  50 69 78 65 6c 20 34                             Pixel 4
leave sub_23FA0
[sub_23FA0] [INLINE RESULT] len = 369044928
[HEAP] len = 48  ptr = 0xb400007028b082b0
                   0  1  2  3  4  5  6  7  8  9  A  B  C  D  E  F  0123456789ABCDEF
b400007028b082b0  30 30 32 32 31 62 63 30 64 64 61 39 34 32 62 38  00221bc0dda942b8
b400007028b082c0  64 61 34 66 65 31 38 62 32 64 65 63 61 34 36 32  da4fe18b2deca462
b400007028b082d0  38 61 37 31 39 36 30 61 35 37 62 62 35 62 63 64  8a71960a57bb5bcd
leave sub_23FA0
[sub_23FA0] [INLINE RESULT] len = 369044928
[HEAP] len = 48  ptr = 0xb400007028b088f0
                   0  1  2  3  4  5  6  7  8  9  A  B  C  D  E  F  0123456789ABCDEF
b400007028b088f0  30 30 32 32 31 62 63 30 64 64 61 39 34 32 62 38  00221bc0dda942b8
b400007028b08900  64 61 34 66 65 31 38 62 32 64 65 63 61 34 36 32  da4fe18b2deca462
b400007028b08910  38 61 37 31 39 36 30 61 35 37 62 62 35 62 63 64  8a71960a57bb5bcd
leave sub_23FA0
[sub_23FA0] [INLINE RESULT] len = 369044928
[HEAP] len = 25  ptr = 0xb4000070e8b3ef50
                   0  1  2  3  4  5  6  7  8  9  A  B  C  D  E  F  0123456789ABCDEF
b4000070e8b3ef50  63 6f 6d 2e 71 71 2e 65 2e 75 6e 69 6f 6e 2e 64  com.qq.e.union.d
b4000070e8b3ef60  65 6d 6f 2e 75 6e 69 6f 6e                       emo.union
leave sub_23FA0
[sub_23FA0] [INLINE RESULT] len = 369044928
[INLINE] len = 4
             0  1  2  3  4  5  6  7  8  9  A  B  C  D  E  F  0123456789ABCDEF
6f2bfe5ce1  77 69 66 69                                      wifi
leave sub_23FA0
[sub_23FA0] [INLINE RESULT] len = 369044928
retval sub_23878
[sub_23878] retval Plaintext (244 bytes): 
           0  1  2  3  4  5  6  7  8  9  A  B  C  D  E  F  0123456789ABCDEF
00000000  08 03 12 1d 31 37 35 32 34 38 38 37 30 36 30 34  ....175248870604
00000010  32 35 63 30 34 38 66 66 34 37 35 35 30 36 37 33  25c048ff47550673
00000020  39 18 00 22 10 30 41 4e 44 30 35 59 51 58 45 35  9..".0AND05YQXE5
00000030  32 42 4e 48 30 2a 08 32 2e 31 2e 32 2e 31 37 32  2BNH0*.2.1.2.172
00000040  0e 34 2e 36 34 30 2e 31 35 31 30 2e 32 31 39 3a  .4.640.1510.219:
00000050  13 41 6e 64 72 6f 69 64 20 31 32 2c 6c 65 76 65  .Android 12,leve
00000060  6c 20 33 32 42 07 50 69 78 65 6c 20 34 4a 30 30  l 32B.Pixel 4J00
00000070  30 32 32 31 62 63 30 64 64 61 39 34 32 62 38 64  0221bc0dda942b8d
00000080  61 34 66 65 31 38 62 32 64 65 63 61 34 36 32 38  a4fe18b2deca4628
00000090  61 37 31 39 36 30 61 35 37 62 62 35 62 63 64 52  a71960a57bb5bcdR
000000a0  30 30 30 32 32 31 62 63 30 64 64 61 39 34 32 62  000221bc0dda942b
000000b0  38 64 61 34 66 65 31 38 62 32 64 65 63 61 34 36  8da4fe18b2deca46
000000c0  32 38 61 37 31 39 36 30 61 35 37 62 62 35 62 63  28a71960a57bb5bc
000000d0  64 5a 19 63 6f 6d 2e 71 71 2e 65 2e 75 6e 69 6f  dZ.com.qq.e.unio
000000e0  6e 2e 64 65 6d 6f 2e 75 6e 69 6f 6e 62 04 77 69  n.demo.unionb.wi
000000f0  66 69 68 05                                      fih.
[HEAP] len = 244  ptr = 0xb4000070b8a2f410
                   0  1  2  3  4  5  6  7  8  9  A  B  C  D  E  F  0123456789ABCDEF
b4000070b8a2f410  08 03 12 1d 31 37 35 32 34 38 38 37 30 36 30 34  ....175248870604
b4000070b8a2f420  32 35 63 30 34 38 66 66 34 37 35 35 30 36 37 33  25c048ff47550673
b4000070b8a2f430  39 18 00 22 10 30 41 4e 44 30 35 59 51 58 45 35  9..".0AND05YQXE5
b4000070b8a2f440  32 42 4e 48 30 2a 08 32 2e 31 2e 32 2e 31 37 32  2BNH0*.2.1.2.172
b4000070b8a2f450  0e 34 2e 36 34 30 2e 31 35 31 30 2e 32 31 39 3a  .4.640.1510.219:
b4000070b8a2f460  13 41 6e 64 72 6f 69 64 20 31 32 2c 6c 65 76 65  .Android 12,leve
b4000070b8a2f470  6c 20 33 32 42 07 50 69 78 65 6c 20 34 4a 30 30  l 32B.Pixel 4J00
b4000070b8a2f480  30 32 32 31 62 63 30 64 64 61 39 34 32 62 38 64  0221bc0dda942b8d
b4000070b8a2f490  61 34 66 65 31 38 62 32 64 65 63 61 34 36 32 38  a4fe18b2deca4628
b4000070b8a2f4a0  61 37 31 39 36 30 61 35 37 62 62 35 62 63 64 52  a71960a57bb5bcdR
b4000070b8a2f4b0  30 30 30 32 32 31 62 63 30 64 64 61 39 34 32 62  000221bc0dda942b
b4000070b8a2f4c0  38 64 61 34 66 65 31 38 62 32 64 65 63 61 34 36  8da4fe18b2deca46
b4000070b8a2f4d0  32 38 61 37 31 39 36 30 61 35 37 62 62 35 62 63  28a71960a57bb5bc
b4000070b8a2f4e0  64 5a 19 63 6f 6d 2e 71 71 2e 65 2e 75 6e 69 6f  dZ.com.qq.e.unio
b4000070b8a2f4f0  6e 2e 64 65 6d 6f 2e 75 6e 69 6f 6e 62 04 77 69  n.demo.unionb.wi
b4000070b8a2f500  66 69 68 05                                      fih.
leave sub_23FA0
[sub_23FA0] [INLINE RESULT] len = 369044968
[HEAP] len = 36  ptr = 0xb400007018aa4310
                   0  1  2  3  4  5  6  7  8  9  A  B  C  D  E  F  0123456789ABCDEF
b400007018aa4310  0a 02 76 38 12 0d 31 39 32 2e 31 36 38 2e 36 36  ..v8..192.168.66
b400007018aa4320  2e 32 35 2a 00 32 01 31 3a 01 31 42 01 31 4a 04  .25*.2.1:.1B.1J.
b400007018aa4330  31 36 33 30                                      1630
leave sub_23FA0
[sub_23FA0] [INLINE RESULT] len = 369044968
