ðŸ§¬ Found libgdtqone.so at 0x7352b4a000
>>> Entered sub_43BDC at 0x7352b8dbdc, tid = 13034, start stalking...
    [0x43bec] 0x7352b8dbec:	stp      x22, x21, [sp, #0x40]
    [0x43bf0] 0x7352b8dbf0:	stp      x20, x19, [sp, #0x50]
    [0x43bf4] 0x7352b8dbf4:	mov      x29, sp
    [0x43bf8] 0x7352b8dbf8:	sub      sp, sp, #0x510
    [0x43bfc] 0x7352b8dbfc:	mov      x19, sp
    [0x43c00] 0x7352b8dc00:	mov      w26, #0x901c
    [0x43c04] 0x7352b8dc04:	cmp      w3, #9
    [0x43c08] 0x7352b8dc08:	mov      w27, #0x8f92
    [0x43c0c] 0x7352b8dc0c:	str      x1, [x19, #0x98]
    [0x43c10] 0x7352b8dc10:	mov      x25, x0
    [0x43c14] 0x7352b8dc14:	mov      x23, x8
    [0x43c18] 0x7352b8dc18:	mrs      x9, tpidr_el0
    [0x43c1c] 0x7352b8dc1c:	movk     w26, #0xe225, lsl #16
    [0x43c20] 0x7352b8dc20:	movk     w27, #0xef9e, lsl #16
    [0x43c24] 0x7352b8dc24:	mov      w28, #0xc357
    [0x43c28] 0x7352b8dc28:	adrp     x8, #0x7352bb1000
    [0x43c2c] 0x7352b8dc2c:	cset     w0, eq
    [0x43c30] 0x7352b8dc30:	cmp      x5, #0
    [0x43c34] 0x7352b8dc34:	movk     w28, #0x8dc9, lsl #16
    [0x43c38] 0x7352b8dc38:	mov      w10, #0x7497
    [0x43c3c] 0x7352b8dc3c:	str      x9, [x19]
    [0x43c40] 0x7352b8dc40:	ldr      q0, [x8, #0x470]
    [0x43c44] 0x7352b8dc44:	csel     w8, w26, w27, eq
    [0x43c48] 0x7352b8dc48:	movk     w10, #0x80c0, lsl #16
    [0x43c4c] 0x7352b8dc4c:	mov      w11, #0x44dd
    [0x43c50] 0x7352b8dc50:	mov      w12, #0x95d2
    [0x43c54] 0x7352b8dc54:	ldr      x9, [x9, #0x28]
    [0x43c58] 0x7352b8dc58:	str      w8, [x19, #0x6c]
    [0x43c5c] 0x7352b8dc5c:	csel     w8, w26, w28, eq
    [0x43c60] 0x7352b8dc60:	movk     w11, #0x2e86, lsl #16
    [0x43c64] 0x7352b8dc64:	movk     w12, #0x9ed0, lsl #16
    [0x43c68] 0x7352b8dc68:	mov      w13, #0x2d8f
    [0x43c6c] 0x7352b8dc6c:	mov      w14, #0xd103
    [0x43c70] 0x7352b8dc70:	str      w8, [x19, #0x68]
    [0x43c74] 0x7352b8dc74:	csel     w8, w26, w10, eq
    [0x43c78] 0x7352b8dc78:	movk     w13, #0xe49d, lsl #16
    [0x43c7c] 0x7352b8dc7c:	movk     w14, #0x25fc, lsl #16
    [0x43c80] 0x7352b8dc80:	mov      w15, #0xb6ae
    [0x43c84] 0x7352b8dc84:	str      w8, [x19, #0x64]
    [0x43c88] 0x7352b8dc88:	csel     w10, w26, w11, eq
    [0x43c8c] 0x7352b8dc8c:	csel     w8, w26, w12, eq
    [0x43c90] 0x7352b8dc90:	movk     w15, #0x15f5, lsl #16
    [0x43c94] 0x7352b8dc94:	mov      w16, #0xff4e
    [0x43c98] 0x7352b8dc98:	mov      w17, #0xcee7
    [0x43c9c] 0x7352b8dc9c:	stp      w8, w10, [x19, #0x5c]
    [0x43ca0] 0x7352b8dca0:	csel     w10, w26, w13, eq
    [0x43ca4] 0x7352b8dca4:	csel     w8, w26, w14, eq
    [0x43ca8] 0x7352b8dca8:	movk     w16, #0x1674, lsl #16
    [0x43cac] 0x7352b8dcac:	movk     w17, #0xbf09, lsl #16
    [0x43cb0] 0x7352b8dcb0:	stp      w8, w10, [x19, #0x54]
    [0x43cb4] 0x7352b8dcb4:	csel     w8, w26, w15, eq
    [0x43cb8] 0x7352b8dcb8:	cmp      w4, #0x1d
    [0x43cbc] 0x7352b8dcbc:	str      w8, [x19, #0x50]
    [0x43cc0] 0x7352b8dcc0:	csel     w8, w17, w16, eq
    [0x43cc4] 0x7352b8dcc4:	str      w0, [x19, #0x8c]
    [0x43cc8] 0x7352b8dcc8:	str      q0, [x19, #0x70]
    [0x43ccc] 0x7352b8dccc:	stur     x9, [x29, #-0x10]
    [0x43cd0] 0x7352b8dcd0:	str      w8, [x19, #0x104]
    [0x43cd4] 0x7352b8dcd4:	mov      w8, #0x87bf
    [0x43cd8] 0x7352b8dcd8:	mov      w9, #0x90a8
    [0x43cdc] 0x7352b8dcdc:	cmp      w4, #0x1e
    [0x43ce0] 0x7352b8dce0:	movk     w8, #0x1794, lsl #16
    [0x43ce4] 0x7352b8dce4:	movk     w9, #0x4209, lsl #16
    [0x43ce8] 0x7352b8dce8:	csel     w8, w9, w8, eq
    [0x43cec] 0x7352b8dcec:	str      w8, [x19, #0x10c]
    [0x43cf0] 0x7352b8dcf0:	mov      w8, #0x4200
    [0x43cf4] 0x7352b8dcf4:	mov      w9, #0x4a83
    [0x43cf8] 0x7352b8dcf8:	cmp      w4, #0x22
    [0x43cfc] 0x7352b8dcfc:	movk     w8, #0x72f9, lsl #16
    [0x43d00] 0x7352b8dd00:	movk     w9, #0x1bf9, lsl #16
    [0x43d04] 0x7352b8dd04:	csel     w10, w9, w8, gt
    [0x43d08] 0x7352b8dd08:	mov      w8, #0x9009
    [0x43d0c] 0x7352b8dd0c:	mov      w9, #0x7e5b
    [0x43d10] 0x7352b8dd10:	cmp      x2, #0
    [0x43d14] 0x7352b8dd14:	movk     w8, #0xa50b, lsl #16
    [0x43d18] 0x7352b8dd18:	movk     w9, #0x6f3f, lsl #16
    [0x43d1c] 0x7352b8dd1c:	csel     w8, w9, w8, eq
    [0x43d20] 0x7352b8dd20:	stp      w8, w10, [x19, #0xf0]
    [0x43d24] 0x7352b8dd24:	mov      w8, #0x4205
    [0x43d28] 0x7352b8dd28:	mov      w9, #0x3fa4
    [0x43d2c] 0x7352b8dd2c:	cmp      w3, #0
    [0x43d30] 0x7352b8dd30:	movk     w8, #0xa2d5, lsl #16
    [0x43d34] 0x7352b8dd34:	movk     w9, #0xd4, lsl #16
    [0x43d38] 0x7352b8dd38:	csel     w11, w9, w8, eq
    [0x43d3c] 0x7352b8dd3c:	mov      w9, #0x7eca
    [0x43d40] 0x7352b8dd40:	mov      w10, #0x9b4f
    [0x43d44] 0x7352b8dd44:	cmp      w3, #1
    [0x43d48] 0x7352b8dd48:	movk     w9, #0xa3cf, lsl #16
    [0x43d4c] 0x7352b8dd4c:	movk     w10, #0xd417, lsl #16
    [0x43d50] 0x7352b8dd50:	csel     w9, w10, w9, lt
    [0x43d54] 0x7352b8dd54:	stp      w9, w11, [x19, #0x48]
    [0x43d58] 0x7352b8dd58:	mov      w9, #0x9011
    [0x43d5c] 0x7352b8dd5c:	mov      w10, #0x8ba4
    [0x43d60] 0x7352b8dd60:	cmp      w3, #3
    [0x43d64] 0x7352b8dd64:	movk     w9, #0x19f8, lsl #16
    [0x43d68] 0x7352b8dd68:	movk     w10, #0xd20a, lsl #16
    [0x43d6c] 0x7352b8dd6c:	csel     w9, w10, w9, lt
    [0x43d70] 0x7352b8dd70:	str      w9, [x19, #0xbc]
    [0x43d74] 0x7352b8dd74:	mov      w9, #0x6209
    [0x43d78] 0x7352b8dd78:	mov      w10, #0x97c8
    [0x43d7c] 0x7352b8dd7c:	cmp      w3, #2
    [0x43d80] 0x7352b8dd80:	movk     w9, #0xdb, lsl #16
    [0x43d84] 0x7352b8dd84:	movk     w10, #0xe380, lsl #16
    [0x43d88] 0x7352b8dd88:	csel     w11, w10, w9, lt
    [0x43d8c] 0x7352b8dd8c:	mov      w9, #0xe9e0
    [0x43d90] 0x7352b8dd90:	mov      w10, #0x1e61
    [0x43d94] 0x7352b8dd94:	cmp      w3, #5
    [0x43d98] 0x7352b8dd98:	movk     w9, #0xf085, lsl #16
    [0x43d9c] 0x7352b8dd9c:	movk     w10, #0xb524, lsl #16
    [0x43da0] 0x7352b8dda0:	csel     w9, w10, w9, lt
    [0x43da4] 0x7352b8dda4:	str      w9, [x19, #0xd8]
    [0x43da8] 0x7352b8dda8:	mov      w9, #0x5b0c
    [0x43dac] 0x7352b8ddac:	mov      w10, #0xd6ba
    [0x43db0] 0x7352b8ddb0:	cmp      w3, #8
    [0x43db4] 0x7352b8ddb4:	movk     w9, #0x53d4, lsl #16
    [0x43db8] 0x7352b8ddb8:	movk     w10, #0xb8e5, lsl #16
    [0x43dbc] 0x7352b8ddbc:	csel     w9, w10, w9, lt
    [0x43dc0] 0x7352b8ddc0:	stp      w9, w11, [x19, #0x40]
    [0x43dc4] 0x7352b8ddc4:	mov      w9, #0xd99f
    [0x43dc8] 0x7352b8ddc8:	mov      w10, #0x3f55
    [0x43dcc] 0x7352b8ddcc:	cmp      w3, #7
    [0x43dd0] 0x7352b8ddd0:	movk     w9, #0x2580, lsl #16
    [0x43dd4] 0x7352b8ddd4:	movk     w10, #0x877c, lsl #16
    [0x43dd8] 0x7352b8ddd8:	csel     w11, w10, w9, lt
    [0x43ddc] 0x7352b8dddc:	mov      w9, #0x1045
    [0x43de0] 0x7352b8dde0:	mov      w10, #0x540e
    [0x43de4] 0x7352b8dde4:	cmp      w3, #4
    [0x43de8] 0x7352b8dde8:	movk     w9, #0x1803, lsl #16
    [0x43dec] 0x7352b8ddec:	movk     w10, #0xcd4e, lsl #16
    [0x43df0] 0x7352b8ddf0:	csel     w9, w10, w9, lt
    [0x43df4] 0x7352b8ddf4:	stp      w9, w11, [x19, #0x38]
    [0x43df8] 0x7352b8ddf8:	mov      w9, #0xa969
    [0x43dfc] 0x7352b8ddfc:	mov      w10, #0xe256
    [0x43e00] 0x7352b8de00:	cmp      w3, #0xb
    [0x43e04] 0x7352b8de04:	movk     w9, #0xd91a, lsl #16
    [0x43e08] 0x7352b8de08:	movk     w10, #0x3289, lsl #16
    [0x43e0c] 0x7352b8de0c:	csel     w11, w10, w9, lt
    [0x43e10] 0x7352b8de10:	mov      w9, #0x6cc8
    [0x43e14] 0x7352b8de14:	mov      w10, #0x9d97
    [0x43e18] 0x7352b8de18:	cmp      w3, #0xd
    [0x43e1c] 0x7352b8de1c:	movk     w9, #0xade, lsl #16
    [0x43e20] 0x7352b8de20:	movk     w10, #0x93a0, lsl #16
    [0x43e24] 0x7352b8de24:	csel     w9, w10, w9, lt
    [0x43e28] 0x7352b8de28:	str      w9, [x19, #0xd4]
    [0x43e2c] 0x7352b8de2c:	mov      w9, #0xd954
    [0x43e30] 0x7352b8de30:	mov      w10, #0x89b6
    [0x43e34] 0x7352b8de34:	cmp      w3, #0xc
    [0x43e38] 0x7352b8de38:	movk     w9, #0xab8a, lsl #16
    [0x43e3c] 0x7352b8de3c:	movk     w10, #0xde7c, lsl #16
    [0x43e40] 0x7352b8de40:	csel     w9, w10, w9, lt
    [0x43e44] 0x7352b8de44:	stp      w9, w11, [x19, #0x30]
    [0x43e48] 0x7352b8de48:	mov      w9, #0xb041
    [0x43e4c] 0x7352b8de4c:	mov      w10, #0xf015
    [0x43e50] 0x7352b8de50:	cmp      w3, #0xf
    [0x43e54] 0x7352b8de54:	movk     w9, #0x6550, lsl #16
    [0x43e58] 0x7352b8de58:	movk     w10, #0x4a57, lsl #16
    [0x43e5c] 0x7352b8de5c:	csel     w12, w10, w9, lt
    [0x43e60] 0x7352b8de60:	mov      w10, #0x50e8
    [0x43e64] 0x7352b8de64:	cmp      w3, #0x12
    [0x43e68] 0x7352b8de68:	mov      w9, #0x8039
    [0x43e6c] 0x7352b8de6c:	movk     w10, #0x353a, lsl #16
    [0x43e70] 0x7352b8de70:	mov      w11, #0x2889
    [0x43e74] 0x7352b8de74:	movk     w9, #0x8940, lsl #16
    [0x43e78] 0x7352b8de78:	movk     w11, #0xf59, lsl #16
    [0x43e7c] 0x7352b8de7c:	csel     w8, w10, w8, eq
    [0x43e80] 0x7352b8de80:	stp      w8, w12, [x19, #0xb4]
    [0x43e84] 0x7352b8de84:	csel     w10, w9, w11, lt
    [0x43e88] 0x7352b8de88:	mov      w8, #0xc45c
    [0x43e8c] 0x7352b8de8c:	mov      w9, #0xd35f
    [0x43e90] 0x7352b8de90:	cmp      w3, #0x11
    [0x43e94] 0x7352b8de94:	movk     w8, #0x959c, lsl #16
    [0x43e98] 0x7352b8de98:	movk     w9, #0x21fd, lsl #16
    [0x43e9c] 0x7352b8de9c:	csel     w8, w8, w9, lt
    [0x43ea0] 0x7352b8dea0:	stp      w8, w10, [x19, #0x28]
    [0x43ea4] 0x7352b8dea4:	mov      w8, #0xfd54
    [0x43ea8] 0x7352b8dea8:	mov      w9, #0x9c9f
    [0x43eac] 0x7352b8deac:	cmp      w3, #0x10
    [0x43eb0] 0x7352b8deb0:	movk     w8, #0xddd1, lsl #16
    [0x43eb4] 0x7352b8deb4:	movk     w9, #0x2530, lsl #16
    [0x43eb8] 0x7352b8deb8:	csel     w8, w9, w8, lt
    [0x43ebc] 0x7352b8debc:	str      w8, [x19, #0x24]
    [0x43ec0] 0x7352b8dec0:	mov      w8, #0x53ed
    [0x43ec4] 0x7352b8dec4:	mov      w9, #0xc79
    [0x43ec8] 0x7352b8dec8:	cmp      w3, #0xe
    [0x43ecc] 0x7352b8decc:	movk     w8, #0x4234, lsl #16
    [0x43ed0] 0x7352b8ded0:	movk     w9, #0xf7f4, lsl #16
    [0x43ed4] 0x7352b8ded4:	csel     w8, w9, w8, lt
    [0x43ed8] 0x7352b8ded8:	add      x9, x5, #1
    [0x43edc] 0x7352b8dedc:	str      w8, [x19, #0xd0]
    [0x43ee0] 0x7352b8dee0:	sub      x8, x29, #0x30
    [0x43ee4] 0x7352b8dee4:	str      x9, [x19, #8]
    [0x43ee8] 0x7352b8dee8:	mov      w9, #0x666b
    [0x43eec] 0x7352b8deec:	mov      w10, #0x4d78
    [0x43ef0] 0x7352b8def0:	cmp      w3, #0xa
    [0x43ef4] 0x7352b8def4:	movk     w9, #0x4999, lsl #16
    [0x43ef8] 0x7352b8def8:	movk     w10, #0x2a6d, lsl #16
    [0x43efc] 0x7352b8defc:	orr      x8, x8, #1
    [0x43f00] 0x7352b8df00:	mov      w21, #0xfba1
    [0x43f04] 0x7352b8df04:	mov      w24, #0x8f91
    [0x43f08] 0x7352b8df08:	mov      w20, #0x1e60
    [0x43f0c] 0x7352b8df0c:	str      x8, [x19, #0x18]
    [0x43f10] 0x7352b8df10:	csel     w8, w10, w9, lt
    [0x43f14] 0x7352b8df14:	mov      w9, #0xd9e6
    [0x43f18] 0x7352b8df18:	mov      x22, x5
    [0x43f1c] 0x7352b8df1c:	movk     w21, #0x71b0, lsl #16
    [0x43f20] 0x7352b8df20:	movk     w24, #0xef9e, lsl #16
    [0x43f24] 0x7352b8df24:	movk     w20, #0xb524, lsl #16
    [0x43f28] 0x7352b8df28:	movk     w9, #0x1088, lsl #16
    [0x43f2c] 0x7352b8df2c:	str      w4, [x19, #0x108]
    [0x43f30] 0x7352b8df30:	str      x2, [x19, #0x110]
    [0x43f34] 0x7352b8df34:	str      w3, [x19, #0xa4]
    [0x43f38] 0x7352b8df38:	str      w8, [x19, #0x14]
    [0x43f3c] 0x7352b8df3c:	str      x25, [x19, #0x128]
    [0x43f40] 0x7352b8df40:	str      x5, [x19, #0xa8]
    [0x43f44] 0x7352b8df44:	str      x23, [x19, #0x90]
    [0x43f48] 0x7352b8df48:	mov      w8, w9
    [0x43f4c] 0x7352b8df4c:	cmp      w9, w24
    [0x43f50] 0x7352b8df50:	b.le     #0x7352b8dff0
    [0x43f54] 0x7352b8df54:	mov      w9, #0xd102
    [0x43f58] 0x7352b8df58:	movk     w9, #0x25fc, lsl #16
    [0x43f5c] 0x7352b8df5c:	cmp      w8, w9
    [0x43f60] 0x7352b8df60:	b.le     #0x7352b8e0a8
    [0x440a8] 0x7352b8e0a8:	mov      w9, #0xd742
    [0x440ac] 0x7352b8e0ac:	movk     w9, #0x146b, lsl #16
    [0x440b0] 0x7352b8e0b0:	cmp      w8, w9
    [0x440b4] 0x7352b8e0b4:	b.gt     #0x7352b8e250
    [0x440b8] 0x7352b8e0b8:	mov      w9, #0x3fa3
    [0x440bc] 0x7352b8e0bc:	movk     w9, #0xd4, lsl #16
    [0x440c0] 0x7352b8e0c0:	cmp      w8, w9
    [0x440c4] 0x7352b8e0c4:	b.gt     #0x7352b8e330
    [0x44330] 0x7352b8e330:	mov      w9, #0x6cc7
    [0x44334] 0x7352b8e334:	movk     w9, #0xade, lsl #16
    [0x44338] 0x7352b8e338:	cmp      w8, w9
    [0x4433c] 0x7352b8e33c:	b.le     #0x7352b8e718
    [0x44340] 0x7352b8e340:	mov      w9, #0x2888
    [0x44344] 0x7352b8e344:	movk     w9, #0xf59, lsl #16
    [0x44348] 0x7352b8e348:	cmp      w8, w9
    [0x4434c] 0x7352b8e34c:	b.gt     #0x7352b8eb28
    [0x44b28] 0x7352b8eb28:	mov      w9, #0x2889
    [0x44b2c] 0x7352b8eb2c:	movk     w9, #0xf59, lsl #16
    [0x44b30] 0x7352b8eb30:	cmp      w8, w9
    [0x44b34] 0x7352b8eb34:	ldr      w9, [x19, #0xb4]
    [0x44b38] 0x7352b8eb38:	b.eq     #0x7352b8df48
    [0x44b3c] 0x7352b8eb3c:	mov      w9, #0xd9e6
    [0x44b40] 0x7352b8eb40:	movk     w9, #0x1088, lsl #16
    [0x44b44] 0x7352b8eb44:	cmp      w8, w9
    [0x44b48] 0x7352b8eb48:	mov      w9, w8
    [0x44b4c] 0x7352b8eb4c:	b.ne     #0x7352b8df48
    [0x44b50] 0x7352b8eb50:	sub      x8, sp, #0x20
    [0x44b54] 0x7352b8eb54:	mov      sp, x8
    [0x44b58] 0x7352b8eb58:	str      x8, [x19, #0x170]
    [0x44b5c] 0x7352b8eb5c:	sub      x8, sp, #0x20
    [0x44b60] 0x7352b8eb60:	mov      sp, x8
    [0x44b64] 0x7352b8eb64:	str      x8, [x19, #0x178]
    [0x44b68] 0x7352b8eb68:	sub      x8, sp, #0x20
    [0x44b6c] 0x7352b8eb6c:	mov      sp, x8
    [0x44b70] 0x7352b8eb70:	str      x8, [x19, #0x180]
    [0x44b74] 0x7352b8eb74:	sub      x8, sp, #0x20
    [0x44b78] 0x7352b8eb78:	mov      sp, x8
    [0x44b7c] 0x7352b8eb7c:	str      x8, [x19, #0x188]
    [0x44b80] 0x7352b8eb80:	sub      x8, sp, #0x20
    [0x44b84] 0x7352b8eb84:	mov      sp, x8
    [0x44b88] 0x7352b8eb88:	str      x8, [x19, #0x190]
    [0x44b8c] 0x7352b8eb8c:	sub      x8, sp, #0x20
    [0x44b90] 0x7352b8eb90:	mov      sp, x8
    [0x44b94] 0x7352b8eb94:	str      x8, [x19, #0x198]
    [0x44b98] 0x7352b8eb98:	sub      x8, sp, #0x20
    [0x44b9c] 0x7352b8eb9c:	mov      sp, x8
    [0x44ba0] 0x7352b8eba0:	str      x8, [x19, #0x1a0]
    [0x44ba4] 0x7352b8eba4:	sub      x8, sp, #0x20
    [0x44ba8] 0x7352b8eba8:	mov      sp, x8
    [0x44bac] 0x7352b8ebac:	str      x8, [x19, #0x1a8]
    [0x44bb0] 0x7352b8ebb0:	sub      x8, sp, #0x20
    [0x44bb4] 0x7352b8ebb4:	mov      sp, x8
    [0x44bb8] 0x7352b8ebb8:	str      x8, [x19, #0x1b0]
    [0x44bbc] 0x7352b8ebbc:	sub      x8, sp, #0x20
    [0x44bc0] 0x7352b8ebc0:	mov      sp, x8
    [0x44bc4] 0x7352b8ebc4:	str      x8, [x19, #0x1b8]
    [0x44bc8] 0x7352b8ebc8:	sub      x8, sp, #0x20
    [0x44bcc] 0x7352b8ebcc:	mov      sp, x8
    [0x44bd0] 0x7352b8ebd0:	str      x8, [x19, #0x1c0]
    [0x44bd4] 0x7352b8ebd4:	sub      x8, sp, #0x20
    [0x44bd8] 0x7352b8ebd8:	mov      sp, x8
    [0x44bdc] 0x7352b8ebdc:	mov      w9, #0xf54
    [0x44be0] 0x7352b8ebe0:	str      x8, [x19, #0x1c8]
    [0x44be4] 0x7352b8ebe4:	movk     w9, #0x9e49, lsl #16
    [0x44be8] 0x7352b8ebe8:	b        #0x7352b8df48
    [0x43f48] 0x7352b8df48:	mov      w8, w9
    [0x43f4c] 0x7352b8df4c:	cmp      w9, w24
    [0x43f50] 0x7352b8df50:	b.le     #0x7352b8dff0
    [0x43ff0] 0x7352b8dff0:	cmp      w8, w20
    [0x43ff4] 0x7352b8dff4:	b.le     #0x7352b8e114
    [0x44114] 0x7352b8e114:	mov      w9, #0xf53
    [0x44118] 0x7352b8e118:	movk     w9, #0x9e49, lsl #16
    [0x4411c] 0x7352b8e11c:	cmp      w8, w9
    [0x44120] 0x7352b8e120:	b.le     #0x7352b8e2b0
    [0x44124] 0x7352b8e124:	mov      w9, #0xd953
    [0x44128] 0x7352b8e128:	movk     w9, #0xab8a, lsl #16
    [0x4412c] 0x7352b8e12c:	cmp      w8, w9
    [0x44130] 0x7352b8e130:	b.gt     #0x7352b8e438
    [0x44134] 0x7352b8e134:	mov      w9, #0x7ec9
    [0x44138] 0x7352b8e138:	movk     w9, #0xa3cf, lsl #16
    [0x4413c] 0x7352b8e13c:	cmp      w8, w9
    [0x44140] 0x7352b8e140:	b.le     #0x7352b8e8d8
    [0x448d8] 0x7352b8e8d8:	mov      w9, #0xf54
    [0x448dc] 0x7352b8e8dc:	movk     w9, #0x9e49, lsl #16
    [0x448e0] 0x7352b8e8e0:	cmp      w8, w9
    [0x448e4] 0x7352b8e8e4:	b.eq     #0x7352b90cec
    [0x46cec] 0x7352b90cec:	sub      x8, sp, #0x20
    [0x46cf0] 0x7352b90cf0:	mov      sp, x8
    [0x46cf4] 0x7352b90cf4:	str      x8, [x19, #0x1d0]
    [0x46cf8] 0x7352b90cf8:	sub      x8, sp, #0x20
    [0x46cfc] 0x7352b90cfc:	mov      sp, x8
    [0x46d00] 0x7352b90d00:	str      x8, [x19, #0x1d8]
    [0x46d04] 0x7352b90d04:	sub      x8, sp, #0x20
    [0x46d08] 0x7352b90d08:	mov      sp, x8
    [0x46d0c] 0x7352b90d0c:	str      x8, [x19, #0x1e0]
    [0x46d10] 0x7352b90d10:	sub      x8, sp, #0x20
    [0x46d14] 0x7352b90d14:	mov      sp, x8
    [0x46d18] 0x7352b90d18:	str      x8, [x19, #0x1e8]
    [0x46d1c] 0x7352b90d1c:	sub      x8, sp, #0x20
    [0x46d20] 0x7352b90d20:	mov      sp, x8
    [0x46d24] 0x7352b90d24:	str      x8, [x19, #0x1f0]
    [0x46d28] 0x7352b90d28:	sub      x8, sp, #0x20
    [0x46d2c] 0x7352b90d2c:	mov      sp, x8
    [0x46d30] 0x7352b90d30:	str      x8, [x19, #0x1f8]
    [0x46d34] 0x7352b90d34:	sub      x8, sp, #0x20
    [0x46d38] 0x7352b90d38:	mov      sp, x8
    [0x46d3c] 0x7352b90d3c:	str      x8, [x19, #0x200]
    [0x46d40] 0x7352b90d40:	sub      x8, sp, #0x20
    [0x46d44] 0x7352b90d44:	mov      sp, x8
    [0x46d48] 0x7352b90d48:	str      x8, [x19, #0x208]
    [0x46d4c] 0x7352b90d4c:	sub      x8, sp, #0x20
    [0x46d50] 0x7352b90d50:	mov      sp, x8
    [0x46d54] 0x7352b90d54:	str      x8, [x19, #0x210]
    [0x46d58] 0x7352b90d58:	sub      x8, sp, #0x10
    [0x46d5c] 0x7352b90d5c:	mov      sp, x8
    [0x46d60] 0x7352b90d60:	str      x8, [x19, #0x218]
    [0x46d64] 0x7352b90d64:	sub      x8, sp, #0x20
    [0x46d68] 0x7352b90d68:	mov      sp, x8
    [0x46d6c] 0x7352b90d6c:	str      x8, [x19, #0x220]
    [0x46d70] 0x7352b90d70:	sub      x8, sp, #0x20
    [0x46d74] 0x7352b90d74:	mov      sp, x8
    [0x46d78] 0x7352b90d78:	str      x8, [x19, #0x228]
    [0x46d7c] 0x7352b90d7c:	sub      x8, sp, #0x20
    [0x46d80] 0x7352b90d80:	mov      sp, x8
    [0x46d84] 0x7352b90d84:	str      x8, [x19, #0x230]
    [0x46d88] 0x7352b90d88:	sub      x8, x29, #0x30
    [0x46d8c] 0x7352b90d8c:	stp      xzr, xzr, [x23]
    [0x46d90] 0x7352b90d90:	str      xzr, [x23, #0x10]
    [0x46d94] 0x7352b90d94:	str      x8, [x19, #0x238]
    [0x46d98] 0x7352b90d98:	ldr      x8, [x19, #0x238]
    [0x46d9c] 0x7352b90d9c:	mov      w0, #0x112d
    [0x46da0] 0x7352b90da0:	mov      w1, #0x1418
âš¡ï¸ CALL >>> [0x46da4] 0x7352b90da4:	bl       #0x7352b5b1e0
    [0x46da8] 0x7352b90da8:	mov      x1, x0
    [0x46dac] 0x7352b90dac:	sub      x0, x29, #0x30
âš¡ï¸ CALL >>> [0x46db0] 0x7352b90db0:	bl       #0x7352b54f08
    [0x46db4] 0x7352b90db4:	ldr      x8, [x19, #0x170]
    [0x46db8] 0x7352b90db8:	mov      w0, #0x113e
    [0x46dbc] 0x7352b90dbc:	mov      w1, #0x142c
    [0x46dc0] 0x7352b90dc0:	str      x8, [x19, #0x240]
    [0x46dc4] 0x7352b90dc4:	ldr      x8, [x19, #0x240]
âš¡ï¸ CALL >>> [0x46dc8] 0x7352b90dc8:	bl       #0x7352b5b1e0
    [0x46dcc] 0x7352b90dcc:	ldr      x8, [x19, #0x170]
    [0x46dd0] 0x7352b90dd0:	mov      x1, x0
    [0x46dd4] 0x7352b90dd4:	mov      x0, x8
âš¡ï¸ CALL >>> [0x46dd8] 0x7352b90dd8:	bl       #0x7352b54f08
    [0x46ddc] 0x7352b90ddc:	mov      w9, #0x419b
    [0x46de0] 0x7352b90de0:	movk     w9, #0x837f, lsl #16
    [0x46de4] 0x7352b90de4:	b        #0x7352b8df48
    [0x442b0] 0x7352b8e2b0:	mov      w9, #0xc356
    [0x442b4] 0x7352b8e2b4:	movk     w9, #0x8dc9, lsl #16
    [0x442b8] 0x7352b8e2b8:	cmp      w8, w9
    [0x442bc] 0x7352b8e2bc:	b.le     #0x7352b8e584
    [0x44584] 0x7352b8e584:	mov      w9, #0x3f54
    [0x44588] 0x7352b8e588:	movk     w9, #0x877c, lsl #16
    [0x4458c] 0x7352b8e58c:	cmp      w8, w9
    [0x44590] 0x7352b8e590:	b.gt     #0x7352b8e62c
    [0x44594] 0x7352b8e594:	mov      w9, #0x7497
    [0x44598] 0x7352b8e598:	movk     w9, #0x80c0, lsl #16
    [0x4459c] 0x7352b8e59c:	cmp      w8, w9
    [0x445a0] 0x7352b8e5a0:	b.eq     #0x7352b90960
    [0x445a4] 0x7352b8e5a4:	mov      w9, #0x75f5
    [0x445a8] 0x7352b8e5a8:	movk     w9, #0x81b4, lsl #16
    [0x445ac] 0x7352b8e5ac:	cmp      w8, w9
    [0x445b0] 0x7352b8e5b0:	b.eq     #0x7352b906d8
    [0x445b4] 0x7352b8e5b4:	mov      w9, #0x419b
    [0x445b8] 0x7352b8e5b8:	movk     w9, #0x837f, lsl #16
    [0x445bc] 0x7352b8e5bc:	cmp      w8, w9
    [0x445c0] 0x7352b8e5c0:	mov      w9, w8
    [0x445c4] 0x7352b8e5c4:	b.ne     #0x7352b8df48
    [0x445c8] 0x7352b8e5c8:	ldr      w9, [x19, #0x14]
    [0x445cc] 0x7352b8e5cc:	b        #0x7352b8df48
    [0x43f64] 0x7352b8df64:	mov      w9, #0x666a
    [0x43f68] 0x7352b8df68:	movk     w9, #0x4999, lsl #16
    [0x43f6c] 0x7352b8df6c:	cmp      w8, w9
    [0x43f70] 0x7352b8df70:	b.gt     #0x7352b8e1f0
    [0x43f74] 0x7352b8df74:	mov      w9, #0xe255
    [0x43f78] 0x7352b8df78:	movk     w9, #0x3289, lsl #16
    [0x43f7c] 0x7352b8df7c:	cmp      w8, w9
    [0x43f80] 0x7352b8df80:	b.gt     #0x7352b8e488
    [0x43f84] 0x7352b8df84:	mov      w9, #0x3bb1
    [0x43f88] 0x7352b8df88:	movk     w9, #0x2b5d, lsl #16
    [0x43f8c] 0x7352b8df8c:	cmp      w8, w9
    [0x43f90] 0x7352b8df90:	b.le     #0x7352b8e998
    [0x44998] 0x7352b8e998:	mov      w9, #0xd103
    [0x4499c] 0x7352b8e99c:	movk     w9, #0x25fc, lsl #16
    [0x449a0] 0x7352b8e9a0:	cmp      w8, w9
    [0x449a4] 0x7352b8e9a4:	b.eq     #0x7352b90de8
    [0x449a8] 0x7352b8e9a8:	mov      w9, #0xb59a
    [0x449ac] 0x7352b8e9ac:	movk     w9, #0x2786, lsl #16
    [0x449b0] 0x7352b8e9b0:	cmp      w8, w9
    [0x449b4] 0x7352b8e9b4:	b.eq     #0x7352b90b3c
    [0x449b8] 0x7352b8e9b8:	mov      w9, #0x4d78
    [0x449bc] 0x7352b8e9bc:	movk     w9, #0x2a6d, lsl #16
    [0x449c0] 0x7352b8e9c0:	cmp      w8, w9
    [0x449c4] 0x7352b8e9c4:	mov      w9, w8
    [0x449c8] 0x7352b8e9c8:	b.ne     #0x7352b8df48
    [0x449cc] 0x7352b8e9cc:	ldr      w9, [x19, #0x38]
    [0x449d0] 0x7352b8e9d0:	b        #0x7352b8df48
    [0x44250] 0x7352b8e250:	mov      w9, #0x7bce
    [0x44254] 0x7352b8e254:	movk     w9, #0x1db3, lsl #16
    [0x44258] 0x7352b8e258:	cmp      w8, w9
    [0x4425c] 0x7352b8e25c:	b.le     #0x7352b8e538
    [0x44538] 0x7352b8e538:	mov      w9, #0x9084
    [0x4453c] 0x7352b8e53c:	movk     w9, #0x18d3, lsl #16
    [0x44540] 0x7352b8e540:	cmp      w8, w9
    [0x44544] 0x7352b8e544:	b.gt     #0x7352b8e5d0
    [0x44548] 0x7352b8e548:	mov      w9, #0xb67c
    [0x4454c] 0x7352b8e54c:	movk     w9, #0x17f2, lsl #16
    [0x44550] 0x7352b8e550:	cmp      w8, w9
    [0x44554] 0x7352b8e554:	b.le     #0x7352b8eee0
    [0x44558] 0x7352b8e558:	mov      w9, #0xb67d
    [0x4455c] 0x7352b8e55c:	movk     w9, #0x17f2, lsl #16
    [0x44560] 0x7352b8e560:	cmp      w8, w9
    [0x44564] 0x7352b8e564:	b.eq     #0x7352b90674
    [0x44568] 0x7352b8e568:	mov      w9, #0x1045
    [0x4456c] 0x7352b8e56c:	movk     w9, #0x1803, lsl #16
    [0x44570] 0x7352b8e570:	cmp      w8, w9
    [0x44574] 0x7352b8e574:	mov      w9, w8
    [0x44578] 0x7352b8e578:	b.ne     #0x7352b8df48
    [0x4457c] 0x7352b8e57c:	ldr      w9, [x19, #0x3c]
    [0x44580] 0x7352b8e580:	b        #0x7352b8df48
    [0x44260] 0x7352b8e260:	mov      w9, #0x8e78
    [0x44264] 0x7352b8e264:	movk     w9, #0x22c9, lsl #16
    [0x44268] 0x7352b8e268:	cmp      w8, w9
    [0x4426c] 0x7352b8e26c:	b.le     #0x7352b8e768
    [0x44270] 0x7352b8e270:	mov      w9, #0x9c9e
    [0x44274] 0x7352b8e274:	movk     w9, #0x2530, lsl #16
    [0x44278] 0x7352b8e278:	cmp      w8, w9
    [0x4427c] 0x7352b8e27c:	b.gt     #0x7352b8ebec
    [0x44bec] 0x7352b8ebec:	mov      w9, #0x9c9f
    [0x44bf0] 0x7352b8ebf0:	movk     w9, #0x2530, lsl #16
    [0x44bf4] 0x7352b8ebf4:	cmp      w8, w9
    [0x44bf8] 0x7352b8ebf8:	ldr      w9, [x19, #0xb8]
    [0x44bfc] 0x7352b8ebfc:	b.eq     #0x7352b8df48
    [0x44c00] 0x7352b8ec00:	mov      w9, #0xd99f
    [0x44c04] 0x7352b8ec04:	movk     w9, #0x2580, lsl #16
    [0x44c08] 0x7352b8ec08:	cmp      w8, w9
    [0x44c0c] 0x7352b8ec0c:	mov      w9, w8
    [0x44c10] 0x7352b8ec10:	b.ne     #0x7352b8df48
    [0x44c14] 0x7352b8ec14:	ldr      w9, [x19, #0x40]
    [0x44c18] 0x7352b8ec18:	b        #0x7352b8df48
    [0x43ff8] 0x7352b8dff8:	mov      w9, #0x7c5f
    [0x43ffc] 0x7352b8dffc:	movk     w9, #0xce47, lsl #16
    [0x44000] 0x7352b8e000:	cmp      w8, w9
    [0x44004] 0x7352b8e004:	b.gt     #0x7352b8e194
    [0x44008] 0x7352b8e008:	mov      w9, #0x348
    [0x4400c] 0x7352b8e00c:	movk     w9, #0xc92b, lsl #16
    [0x44010] 0x7352b8e010:	cmp      w8, w9
    [0x44014] 0x7352b8e014:	b.gt     #0x7352b8e388
    [0x44018] 0x7352b8e018:	mov      w9, #0xd9b8
    [0x4401c] 0x7352b8e01c:	movk     w9, #0xbed1, lsl #16
    [0x44020] 0x7352b8e020:	cmp      w8, w9
    [0x44024] 0x7352b8e024:	b.le     #0x7352b8e7ac
    [0x447ac] 0x7352b8e7ac:	mov      w9, #0x1e61
    [0x447b0] 0x7352b8e7b0:	movk     w9, #0xb524, lsl #16
    [0x447b4] 0x7352b8e7b4:	cmp      w8, w9
    [0x447b8] 0x7352b8e7b8:	b.eq     #0x7352b909f4
    [0x447bc] 0x7352b8e7bc:	mov      w9, #0xd6ba
    [0x447c0] 0x7352b8e7c0:	movk     w9, #0xb8e5, lsl #16
    [0x447c4] 0x7352b8e7c4:	cmp      w8, w9
    [0x447c8] 0x7352b8e7c8:	b.eq     #0x7352b907ec
    [0x467ec] 0x7352b907ec:	ldr      w9, [x19, #0x50]
    [0x467f0] 0x7352b907f0:	stp      xzr, xzr, [x19, #0xe0]
    [0x467f4] 0x7352b907f4:	b        #0x7352b8df48
    [0x44ee0] 0x7352b8eee0:	mov      w9, #0xb6ae
    [0x44ee4] 0x7352b8eee4:	movk     w9, #0x15f5, lsl #16
    [0x44ee8] 0x7352b8eee8:	cmp      w8, w9
    [0x44eec] 0x7352b8eeec:	b.ne     #0x7352b91660
    [0x44ef0] 0x7352b8eef0:	str      x22, [x19, #0x270]
    [0x44ef4] 0x7352b8eef4:	ldr      x8, [x19, #0x1b0]
    [0x44ef8] 0x7352b8eef8:	mov      w9, #0x26ba
    [0x44efc] 0x7352b8eefc:	movk     w9, #0xfa1f, lsl #16
    [0x44f00] 0x7352b8ef00:	str      x8, [x19, #0x278]
    [0x44f04] 0x7352b8ef04:	ldr      x8, [x19, #0x278]
    [0x44f08] 0x7352b8ef08:	ldr      x8, [x19, #0x270]
    [0x44f0c] 0x7352b8ef0c:	str      x8, [x19, #0x280]
    [0x44f10] 0x7352b8ef10:	b        #0x7352b8df48
    [0x440c8] 0x7352b8e0c8:	mov      w9, #0x18df
    [0x440cc] 0x7352b8e0cc:	movk     w9, #0xf504, lsl #16
    [0x440d0] 0x7352b8e0d0:	cmp      w8, w9
    [0x440d4] 0x7352b8e0d4:	b.le     #0x7352b8e6bc
    [0x440d8] 0x7352b8e0d8:	mov      w9, #0x26b9
    [0x440dc] 0x7352b8e0dc:	movk     w9, #0xfa1f, lsl #16
    [0x440e0] 0x7352b8e0e0:	cmp      w8, w9
    [0x440e4] 0x7352b8e0e4:	b.gt     #0x7352b8eaec
    [0x44aec] 0x7352b8eaec:	mov      w9, #0x26ba
    [0x44af0] 0x7352b8eaf0:	movk     w9, #0xfa1f, lsl #16
    [0x44af4] 0x7352b8eaf4:	cmp      w8, w9
    [0x44af8] 0x7352b8eaf8:	b.eq     #0x7352b907a4
    [0x467a4] 0x7352b907a4:	ldr      x8, [x19, #0x280]
    [0x467a8] 0x7352b907a8:	mov      w9, #0xb571
    [0x467ac] 0x7352b907ac:	movk     w9, #0xaec9, lsl #16
    [0x467b0] 0x7352b907b0:	ldrb     w8, [x8]
    [0x467b4] 0x7352b907b4:	strb     w8, [x19, #0x28c]
    [0x467b8] 0x7352b907b8:	ldr      x8, [x19, #0x270]
    [0x467bc] 0x7352b907bc:	add      x8, x8, #4
    [0x467c0] 0x7352b907c0:	str      x8, [x19, #0x290]
    [0x467c4] 0x7352b907c4:	b        #0x7352b8df48
    [0x44438] 0x7352b8e438:	mov      w9, #0xe73
    [0x4443c] 0x7352b8e43c:	movk     w9, #0xb1b8, lsl #16
    [0x44440] 0x7352b8e440:	cmp      w8, w9
    [0x44444] 0x7352b8e444:	b.le     #0x7352b8e904
    [0x44904] 0x7352b8e904:	mov      w9, #0xd954
    [0x44908] 0x7352b8e908:	movk     w9, #0xab8a, lsl #16
    [0x4490c] 0x7352b8e90c:	cmp      w8, w9
    [0x44910] 0x7352b8e910:	ldr      w9, [x19, #0xd4]
    [0x44914] 0x7352b8e914:	b.eq     #0x7352b8df48
    [0x44918] 0x7352b8e918:	mov      w9, #0x9273
    [0x4491c] 0x7352b8e91c:	movk     w9, #0xaead, lsl #16
    [0x44920] 0x7352b8e920:	cmp      w8, w9
    [0x44924] 0x7352b8e924:	b.eq     #0x7352b909d8
    [0x44928] 0x7352b8e928:	mov      w9, #0xb571
    [0x4492c] 0x7352b8e92c:	movk     w9, #0xaec9, lsl #16
    [0x44930] 0x7352b8e930:	cmp      w8, w9
    [0x44934] 0x7352b8e934:	mov      w9, w8
    [0x44938] 0x7352b8e938:	b.ne     #0x7352b8df48
    [0x4493c] 0x7352b8e93c:	ldr      x8, [x19, #0x290]
    [0x44940] 0x7352b8e940:	ldr      w4, [x8]
    [0x44944] 0x7352b8e944:	ldr      x8, [x19, #0x270]
    [0x44948] 0x7352b8e948:	ldr      x5, [x8, #8]
    [0x4494c] 0x7352b8e94c:	ldr      x8, [x19, #0x270]
    [0x44950] 0x7352b8e950:	ldr      w6, [x8, #0x10]
    [0x44954] 0x7352b8e954:	ldr      x8, [x19, #0x270]
    [0x44958] 0x7352b8e958:	ldr      x7, [x8, #0x18]
    [0x4495c] 0x7352b8e95c:	ldr      x8, [x19, #0x270]
    [0x44960] 0x7352b8e960:	ldr      x9, [x8, #0x20]
    [0x44964] 0x7352b8e964:	ldr      x8, [x19, #0x1b0]
    [0x44968] 0x7352b8e968:	ldrb     w2, [x19, #0x28c]
    [0x4496c] 0x7352b8e96c:	str      x9, [sp, #-0x10]!
    [0x44970] 0x7352b8e970:	ldr      x1, [x19, #0x98]
    [0x44974] 0x7352b8e974:	ldr      w3, [x19, #0x108]
    [0x44978] 0x7352b8e978:	mov      x0, x25
âš¡ï¸ CALL >>> [0x4497c] 0x7352b8e97c:	bl       #0x7352b87d80
>>> Entered sub_43BDC at 0x7352b8dbdc, tid = 13035, start stalking...
    [0x43bec] 0x7352b8dbec:	stp      x22, x21, [sp, #0x40]
    [0x43bf0] 0x7352b8dbf0:	stp      x20, x19, [sp, #0x50]
    [0x43bf4] 0x7352b8dbf4:	mov      x29, sp
    [0x43bf8] 0x7352b8dbf8:	sub      sp, sp, #0x510
    [0x43bfc] 0x7352b8dbfc:	mov      x19, sp
    [0x43c00] 0x7352b8dc00:	mov      w26, #0x901c
    [0x43c04] 0x7352b8dc04:	cmp      w3, #9
    [0x43c08] 0x7352b8dc08:	mov      w27, #0x8f92
    [0x43c0c] 0x7352b8dc0c:	str      x1, [x19, #0x98]
    [0x43c10] 0x7352b8dc10:	mov      x25, x0
    [0x43c14] 0x7352b8dc14:	mov      x23, x8
    [0x43c18] 0x7352b8dc18:	mrs      x9, tpidr_el0
    [0x43c1c] 0x7352b8dc1c:	movk     w26, #0xe225, lsl #16
    [0x43c20] 0x7352b8dc20:	movk     w27, #0xef9e, lsl #16
    [0x43c24] 0x7352b8dc24:	mov      w28, #0xc357
    [0x43c28] 0x7352b8dc28:	adrp     x8, #0x7352bb1000
    [0x43c2c] 0x7352b8dc2c:	cset     w0, eq
    [0x43c30] 0x7352b8dc30:	cmp      x5, #0
    [0x43c34] 0x7352b8dc34:	movk     w28, #0x8dc9, lsl #16
    [0x43c38] 0x7352b8dc38:	mov      w10, #0x7497
    [0x43c3c] 0x7352b8dc3c:	str      x9, [x19]
    [0x43c40] 0x7352b8dc40:	ldr      q0, [x8, #0x470]
    [0x43c44] 0x7352b8dc44:	csel     w8, w26, w27, eq
    [0x43c48] 0x7352b8dc48:	movk     w10, #0x80c0, lsl #16
    [0x43c4c] 0x7352b8dc4c:	mov      w11, #0x44dd
    [0x43c50] 0x7352b8dc50:	mov      w12, #0x95d2
    [0x43c54] 0x7352b8dc54:	ldr      x9, [x9, #0x28]
    [0x43c58] 0x7352b8dc58:	str      w8, [x19, #0x6c]
    [0x43c5c] 0x7352b8dc5c:	csel     w8, w26, w28, eq
    [0x43c60] 0x7352b8dc60:	movk     w11, #0x2e86, lsl #16
    [0x43c64] 0x7352b8dc64:	movk     w12, #0x9ed0, lsl #16
    [0x43c68] 0x7352b8dc68:	mov      w13, #0x2d8f
    [0x43c6c] 0x7352b8dc6c:	mov      w14, #0xd103
    [0x43c70] 0x7352b8dc70:	str      w8, [x19, #0x68]
    [0x43c74] 0x7352b8dc74:	csel     w8, w26, w10, eq
    [0x43c78] 0x7352b8dc78:	movk     w13, #0xe49d, lsl #16
    [0x43c7c] 0x7352b8dc7c:	movk     w14, #0x25fc, lsl #16
    [0x43c80] 0x7352b8dc80:	mov      w15, #0xb6ae
    [0x43c84] 0x7352b8dc84:	str      w8, [x19, #0x64]
    [0x43c88] 0x7352b8dc88:	csel     w10, w26, w11, eq
    [0x43c8c] 0x7352b8dc8c:	csel     w8, w26, w12, eq
    [0x43c90] 0x7352b8dc90:	movk     w15, #0x15f5, lsl #16
    [0x43c94] 0x7352b8dc94:	mov      w16, #0xff4e
    [0x43c98] 0x7352b8dc98:	mov      w17, #0xcee7
    [0x43c9c] 0x7352b8dc9c:	stp      w8, w10, [x19, #0x5c]
    [0x43ca0] 0x7352b8dca0:	csel     w10, w26, w13, eq
    [0x43ca4] 0x7352b8dca4:	csel     w8, w26, w14, eq
    [0x43ca8] 0x7352b8dca8:	movk     w16, #0x1674, lsl #16
    [0x43cac] 0x7352b8dcac:	movk     w17, #0xbf09, lsl #16
    [0x43cb0] 0x7352b8dcb0:	stp      w8, w10, [x19, #0x54]
    [0x43cb4] 0x7352b8dcb4:	csel     w8, w26, w15, eq
    [0x43cb8] 0x7352b8dcb8:	cmp      w4, #0x1d
    [0x43cbc] 0x7352b8dcbc:	str      w8, [x19, #0x50]
    [0x43cc0] 0x7352b8dcc0:	csel     w8, w17, w16, eq
    [0x43cc4] 0x7352b8dcc4:	str      w0, [x19, #0x8c]
    [0x43cc8] 0x7352b8dcc8:	str      q0, [x19, #0x70]
    [0x43ccc] 0x7352b8dccc:	stur     x9, [x29, #-0x10]
    [0x43cd0] 0x7352b8dcd0:	str      w8, [x19, #0x104]
    [0x43cd4] 0x7352b8dcd4:	mov      w8, #0x87bf
    [0x43cd8] 0x7352b8dcd8:	mov      w9, #0x90a8
    [0x43cdc] 0x7352b8dcdc:	cmp      w4, #0x1e
    [0x43ce0] 0x7352b8dce0:	movk     w8, #0x1794, lsl #16
    [0x43ce4] 0x7352b8dce4:	movk     w9, #0x4209, lsl #16
    [0x43ce8] 0x7352b8dce8:	csel     w8, w9, w8, eq
    [0x43cec] 0x7352b8dcec:	str      w8, [x19, #0x10c]
    [0x43cf0] 0x7352b8dcf0:	mov      w8, #0x4200
    [0x43cf4] 0x7352b8dcf4:	mov      w9, #0x4a83
    [0x43cf8] 0x7352b8dcf8:	cmp      w4, #0x22
    [0x43cfc] 0x7352b8dcfc:	movk     w8, #0x72f9, lsl #16
    [0x43d00] 0x7352b8dd00:	movk     w9, #0x1bf9, lsl #16
    [0x43d04] 0x7352b8dd04:	csel     w10, w9, w8, gt
    [0x43d08] 0x7352b8dd08:	mov      w8, #0x9009
    [0x43d0c] 0x7352b8dd0c:	mov      w9, #0x7e5b
    [0x43d10] 0x7352b8dd10:	cmp      x2, #0
    [0x43d14] 0x7352b8dd14:	movk     w8, #0xa50b, lsl #16
    [0x43d18] 0x7352b8dd18:	movk     w9, #0x6f3f, lsl #16
    [0x43d1c] 0x7352b8dd1c:	csel     w8, w9, w8, eq
    [0x43d20] 0x7352b8dd20:	stp      w8, w10, [x19, #0xf0]
    [0x43d24] 0x7352b8dd24:	mov      w8, #0x4205
    [0x43d28] 0x7352b8dd28:	mov      w9, #0x3fa4
    [0x43d2c] 0x7352b8dd2c:	cmp      w3, #0
    [0x43d30] 0x7352b8dd30:	movk     w8, #0xa2d5, lsl #16
    [0x43d34] 0x7352b8dd34:	movk     w9, #0xd4, lsl #16
    [0x43d38] 0x7352b8dd38:	csel     w11, w9, w8, eq
    [0x43d3c] 0x7352b8dd3c:	mov      w9, #0x7eca
    [0x43d40] 0x7352b8dd40:	mov      w10, #0x9b4f
    [0x43d44] 0x7352b8dd44:	cmp      w3, #1
    [0x43d48] 0x7352b8dd48:	movk     w9, #0xa3cf, lsl #16
    [0x43d4c] 0x7352b8dd4c:	movk     w10, #0xd417, lsl #16
    [0x43d50] 0x7352b8dd50:	csel     w9, w10, w9, lt
    [0x43d54] 0x7352b8dd54:	stp      w9, w11, [x19, #0x48]
    [0x43d58] 0x7352b8dd58:	mov      w9, #0x9011
    [0x43d5c] 0x7352b8dd5c:	mov      w10, #0x8ba4
    [0x43d60] 0x7352b8dd60:	cmp      w3, #3
    [0x43d64] 0x7352b8dd64:	movk     w9, #0x19f8, lsl #16
    [0x43d68] 0x7352b8dd68:	movk     w10, #0xd20a, lsl #16
    [0x43d6c] 0x7352b8dd6c:	csel     w9, w10, w9, lt
    [0x43d70] 0x7352b8dd70:	str      w9, [x19, #0xbc]
    [0x43d74] 0x7352b8dd74:	mov      w9, #0x6209
    [0x43d78] 0x7352b8dd78:	mov      w10, #0x97c8
    [0x43d7c] 0x7352b8dd7c:	cmp      w3, #2
    [0x43d80] 0x7352b8dd80:	movk     w9, #0xdb, lsl #16
    [0x43d84] 0x7352b8dd84:	movk     w10, #0xe380, lsl #16
    [0x43d88] 0x7352b8dd88:	csel     w11, w10, w9, lt
    [0x43d8c] 0x7352b8dd8c:	mov      w9, #0xe9e0
    [0x43d90] 0x7352b8dd90:	mov      w10, #0x1e61
    [0x43d94] 0x7352b8dd94:	cmp      w3, #5
    [0x43d98] 0x7352b8dd98:	movk     w9, #0xf085, lsl #16
    [0x43d9c] 0x7352b8dd9c:	movk     w10, #0xb524, lsl #16
    [0x43da0] 0x7352b8dda0:	csel     w9, w10, w9, lt
    [0x43da4] 0x7352b8dda4:	str      w9, [x19, #0xd8]
    [0x43da8] 0x7352b8dda8:	mov      w9, #0x5b0c
    [0x43dac] 0x7352b8ddac:	mov      w10, #0xd6ba
    [0x43db0] 0x7352b8ddb0:	cmp      w3, #8
    [0x43db4] 0x7352b8ddb4:	movk     w9, #0x53d4, lsl #16
    [0x43db8] 0x7352b8ddb8:	movk     w10, #0xb8e5, lsl #16
    [0x43dbc] 0x7352b8ddbc:	csel     w9, w10, w9, lt
    [0x43dc0] 0x7352b8ddc0:	stp      w9, w11, [x19, #0x40]
    [0x43dc4] 0x7352b8ddc4:	mov      w9, #0xd99f
    [0x43dc8] 0x7352b8ddc8:	mov      w10, #0x3f55
    [0x43dcc] 0x7352b8ddcc:	cmp      w3, #7
    [0x43dd0] 0x7352b8ddd0:	movk     w9, #0x2580, lsl #16
    [0x43dd4] 0x7352b8ddd4:	movk     w10, #0x877c, lsl #16
    [0x43dd8] 0x7352b8ddd8:	csel     w11, w10, w9, lt
    [0x43ddc] 0x7352b8dddc:	mov      w9, #0x1045
    [0x43de0] 0x7352b8dde0:	mov      w10, #0x540e
    [0x43de4] 0x7352b8dde4:	cmp      w3, #4
    [0x43de8] 0x7352b8dde8:	movk     w9, #0x1803, lsl #16
    [0x43dec] 0x7352b8ddec:	movk     w10, #0xcd4e, lsl #16
    [0x43df0] 0x7352b8ddf0:	csel     w9, w10, w9, lt
    [0x43df4] 0x7352b8ddf4:	stp      w9, w11, [x19, #0x38]
    [0x43df8] 0x7352b8ddf8:	mov      w9, #0xa969
    [0x43dfc] 0x7352b8ddfc:	mov      w10, #0xe256
    [0x43e00] 0x7352b8de00:	cmp      w3, #0xb
    [0x43e04] 0x7352b8de04:	movk     w9, #0xd91a, lsl #16
    [0x43e08] 0x7352b8de08:	movk     w10, #0x3289, lsl #16
    [0x43e0c] 0x7352b8de0c:	csel     w11, w10, w9, lt
    [0x43e10] 0x7352b8de10:	mov      w9, #0x6cc8
    [0x43e14] 0x7352b8de14:	mov      w10, #0x9d97
    [0x43e18] 0x7352b8de18:	cmp      w3, #0xd
    [0x43e1c] 0x7352b8de1c:	movk     w9, #0xade, lsl #16
    [0x43e20] 0x7352b8de20:	movk     w10, #0x93a0, lsl #16
    [0x43e24] 0x7352b8de24:	csel     w9, w10, w9, lt
    [0x43e28] 0x7352b8de28:	str      w9, [x19, #0xd4]
    [0x43e2c] 0x7352b8de2c:	mov      w9, #0xd954
    [0x43e30] 0x7352b8de30:	mov      w10, #0x89b6
    [0x43e34] 0x7352b8de34:	cmp      w3, #0xc
    [0x43e38] 0x7352b8de38:	movk     w9, #0xab8a, lsl #16
    [0x43e3c] 0x7352b8de3c:	movk     w10, #0xde7c, lsl #16
    [0x43e40] 0x7352b8de40:	csel     w9, w10, w9, lt
    [0x43e44] 0x7352b8de44:	stp      w9, w11, [x19, #0x30]
    [0x43e48] 0x7352b8de48:	mov      w9, #0xb041
    [0x43e4c] 0x7352b8de4c:	mov      w10, #0xf015
    [0x43e50] 0x7352b8de50:	cmp      w3, #0xf
    [0x43e54] 0x7352b8de54:	movk     w9, #0x6550, lsl #16
    [0x43e58] 0x7352b8de58:	movk     w10, #0x4a57, lsl #16
    [0x43e5c] 0x7352b8de5c:	csel     w12, w10, w9, lt
    [0x43e60] 0x7352b8de60:	mov      w10, #0x50e8
    [0x43e64] 0x7352b8de64:	cmp      w3, #0x12
    [0x43e68] 0x7352b8de68:	mov      w9, #0x8039
    [0x43e6c] 0x7352b8de6c:	movk     w10, #0x353a, lsl #16
    [0x43e70] 0x7352b8de70:	mov      w11, #0x2889
    [0x43e74] 0x7352b8de74:	movk     w9, #0x8940, lsl #16
    [0x43e78] 0x7352b8de78:	movk     w11, #0xf59, lsl #16
    [0x43e7c] 0x7352b8de7c:	csel     w8, w10, w8, eq
    [0x43e80] 0x7352b8de80:	stp      w8, w12, [x19, #0xb4]
    [0x43e84] 0x7352b8de84:	csel     w10, w9, w11, lt
    [0x43e88] 0x7352b8de88:	mov      w8, #0xc45c
    [0x43e8c] 0x7352b8de8c:	mov      w9, #0xd35f
    [0x43e90] 0x7352b8de90:	cmp      w3, #0x11
    [0x43e94] 0x7352b8de94:	movk     w8, #0x959c, lsl #16
    [0x43e98] 0x7352b8de98:	movk     w9, #0x21fd, lsl #16
    [0x43e9c] 0x7352b8de9c:	csel     w8, w8, w9, lt
    [0x43ea0] 0x7352b8dea0:	stp      w8, w10, [x19, #0x28]
    [0x43ea4] 0x7352b8dea4:	mov      w8, #0xfd54
    [0x43ea8] 0x7352b8dea8:	mov      w9, #0x9c9f
    [0x43eac] 0x7352b8deac:	cmp      w3, #0x10
    [0x43eb0] 0x7352b8deb0:	movk     w8, #0xddd1, lsl #16
    [0x43eb4] 0x7352b8deb4:	movk     w9, #0x2530, lsl #16
    [0x43eb8] 0x7352b8deb8:	csel     w8, w9, w8, lt
    [0x43ebc] 0x7352b8debc:	str      w8, [x19, #0x24]
    [0x43ec0] 0x7352b8dec0:	mov      w8, #0x53ed
    [0x43ec4] 0x7352b8dec4:	mov      w9, #0xc79
    [0x43ec8] 0x7352b8dec8:	cmp      w3, #0xe
    [0x43ecc] 0x7352b8decc:	movk     w8, #0x4234, lsl #16
    [0x43ed0] 0x7352b8ded0:	movk     w9, #0xf7f4, lsl #16
    [0x43ed4] 0x7352b8ded4:	csel     w8, w9, w8, lt
    [0x43ed8] 0x7352b8ded8:	add      x9, x5, #1
    [0x43edc] 0x7352b8dedc:	str      w8, [x19, #0xd0]
    [0x43ee0] 0x7352b8dee0:	sub      x8, x29, #0x30
    [0x43ee4] 0x7352b8dee4:	str      x9, [x19, #8]
    [0x43ee8] 0x7352b8dee8:	mov      w9, #0x666b
    [0x43eec] 0x7352b8deec:	mov      w10, #0x4d78
    [0x43ef0] 0x7352b8def0:	cmp      w3, #0xa
    [0x43ef4] 0x7352b8def4:	movk     w9, #0x4999, lsl #16
    [0x43ef8] 0x7352b8def8:	movk     w10, #0x2a6d, lsl #16
    [0x43efc] 0x7352b8defc:	orr      x8, x8, #1
    [0x43f00] 0x7352b8df00:	mov      w21, #0xfba1
    [0x43f04] 0x7352b8df04:	mov      w24, #0x8f91
    [0x43f08] 0x7352b8df08:	mov      w20, #0x1e60
    [0x43f0c] 0x7352b8df0c:	str      x8, [x19, #0x18]
    [0x43f10] 0x7352b8df10:	csel     w8, w10, w9, lt
    [0x43f14] 0x7352b8df14:	mov      w9, #0xd9e6
    [0x43f18] 0x7352b8df18:	mov      x22, x5
    [0x43f1c] 0x7352b8df1c:	movk     w21, #0x71b0, lsl #16
    [0x43f20] 0x7352b8df20:	movk     w24, #0xef9e, lsl #16
    [0x43f24] 0x7352b8df24:	movk     w20, #0xb524, lsl #16
    [0x43f28] 0x7352b8df28:	movk     w9, #0x1088, lsl #16
    [0x43f2c] 0x7352b8df2c:	str      w4, [x19, #0x108]
    [0x43f30] 0x7352b8df30:	str      x2, [x19, #0x110]
    [0x43f34] 0x7352b8df34:	str      w3, [x19, #0xa4]
    [0x43f38] 0x7352b8df38:	str      w8, [x19, #0x14]
    [0x43f3c] 0x7352b8df3c:	str      x25, [x19, #0x128]
    [0x43f40] 0x7352b8df40:	str      x5, [x19, #0xa8]
    [0x43f44] 0x7352b8df44:	str      x23, [x19, #0x90]
    [0x43f48] 0x7352b8df48:	mov      w8, w9
    [0x43f4c] 0x7352b8df4c:	cmp      w9, w24
    [0x43f50] 0x7352b8df50:	b.le     #0x7352b8dff0
    [0x43f54] 0x7352b8df54:	mov      w9, #0xd102
    [0x43f58] 0x7352b8df58:	movk     w9, #0x25fc, lsl #16
    [0x43f5c] 0x7352b8df5c:	cmp      w8, w9
    [0x43f60] 0x7352b8df60:	b.le     #0x7352b8e0a8
    [0x440a8] 0x7352b8e0a8:	mov      w9, #0xd742
    [0x440ac] 0x7352b8e0ac:	movk     w9, #0x146b, lsl #16
    [0x440b0] 0x7352b8e0b0:	cmp      w8, w9
    [0x440b4] 0x7352b8e0b4:	b.gt     #0x7352b8e250
    [0x440b8] 0x7352b8e0b8:	mov      w9, #0x3fa3
    [0x440bc] 0x7352b8e0bc:	movk     w9, #0xd4, lsl #16
    [0x440c0] 0x7352b8e0c0:	cmp      w8, w9
    [0x440c4] 0x7352b8e0c4:	b.gt     #0x7352b8e330
    [0x44330] 0x7352b8e330:	mov      w9, #0x6cc7
    [0x44334] 0x7352b8e334:	movk     w9, #0xade, lsl #16
    [0x44338] 0x7352b8e338:	cmp      w8, w9
    [0x4433c] 0x7352b8e33c:	b.le     #0x7352b8e718
    [0x44340] 0x7352b8e340:	mov      w9, #0x2888
    [0x44344] 0x7352b8e344:	movk     w9, #0xf59, lsl #16
    [0x44348] 0x7352b8e348:	cmp      w8, w9
    [0x4434c] 0x7352b8e34c:	b.gt     #0x7352b8eb28
    [0x44b28] 0x7352b8eb28:	mov      w9, #0x2889
    [0x44b2c] 0x7352b8eb2c:	movk     w9, #0xf59, lsl #16
    [0x44b30] 0x7352b8eb30:	cmp      w8, w9
    [0x44b34] 0x7352b8eb34:	ldr      w9, [x19, #0xb4]
    [0x44b38] 0x7352b8eb38:	b.eq     #0x7352b8df48
    [0x44b3c] 0x7352b8eb3c:	mov      w9, #0xd9e6
    [0x44b40] 0x7352b8eb40:	movk     w9, #0x1088, lsl #16
    [0x44b44] 0x7352b8eb44:	cmp      w8, w9
    [0x44b48] 0x7352b8eb48:	mov      w9, w8
    [0x44b4c] 0x7352b8eb4c:	b.ne     #0x7352b8df48
    [0x44b50] 0x7352b8eb50:	sub      x8, sp, #0x20
    [0x44b54] 0x7352b8eb54:	mov      sp, x8
    [0x44b58] 0x7352b8eb58:	str      x8, [x19, #0x170]
    [0x44b5c] 0x7352b8eb5c:	sub      x8, sp, #0x20
    [0x44b60] 0x7352b8eb60:	mov      sp, x8
    [0x44b64] 0x7352b8eb64:	str      x8, [x19, #0x178]
    [0x44b68] 0x7352b8eb68:	sub      x8, sp, #0x20
    [0x44b6c] 0x7352b8eb6c:	mov      sp, x8
    [0x44b70] 0x7352b8eb70:	str      x8, [x19, #0x180]
    [0x44b74] 0x7352b8eb74:	sub      x8, sp, #0x20
    [0x44b78] 0x7352b8eb78:	mov      sp, x8
    [0x44b7c] 0x7352b8eb7c:	str      x8, [x19, #0x188]
    [0x44b80] 0x7352b8eb80:	sub      x8, sp, #0x20
    [0x44b84] 0x7352b8eb84:	mov      sp, x8
    [0x44b88] 0x7352b8eb88:	str      x8, [x19, #0x190]
    [0x44b8c] 0x7352b8eb8c:	sub      x8, sp, #0x20
    [0x44b90] 0x7352b8eb90:	mov      sp, x8
    [0x44b94] 0x7352b8eb94:	str      x8, [x19, #0x198]
    [0x44b98] 0x7352b8eb98:	sub      x8, sp, #0x20
    [0x44b9c] 0x7352b8eb9c:	mov      sp, x8
    [0x44ba0] 0x7352b8eba0:	str      x8, [x19, #0x1a0]
    [0x44ba4] 0x7352b8eba4:	sub      x8, sp, #0x20
    [0x44ba8] 0x7352b8eba8:	mov      sp, x8
    [0x44bac] 0x7352b8ebac:	str      x8, [x19, #0x1a8]
    [0x44bb0] 0x7352b8ebb0:	sub      x8, sp, #0x20
    [0x44bb4] 0x7352b8ebb4:	mov      sp, x8
    [0x44bb8] 0x7352b8ebb8:	str      x8, [x19, #0x1b0]
    [0x44bbc] 0x7352b8ebbc:	sub      x8, sp, #0x20
    [0x44bc0] 0x7352b8ebc0:	mov      sp, x8
    [0x44bc4] 0x7352b8ebc4:	str      x8, [x19, #0x1b8]
    [0x44bc8] 0x7352b8ebc8:	sub      x8, sp, #0x20
    [0x44bcc] 0x7352b8ebcc:	mov      sp, x8
    [0x44bd0] 0x7352b8ebd0:	str      x8, [x19, #0x1c0]
    [0x44bd4] 0x7352b8ebd4:	sub      x8, sp, #0x20
    [0x44bd8] 0x7352b8ebd8:	mov      sp, x8
    [0x44bdc] 0x7352b8ebdc:	mov      w9, #0xf54
    [0x44be0] 0x7352b8ebe0:	str      x8, [x19, #0x1c8]
    [0x44be4] 0x7352b8ebe4:	movk     w9, #0x9e49, lsl #16
    [0x44be8] 0x7352b8ebe8:	b        #0x7352b8df48
    [0x43f48] 0x7352b8df48:	mov      w8, w9
    [0x43f4c] 0x7352b8df4c:	cmp      w9, w24
    [0x43f50] 0x7352b8df50:	b.le     #0x7352b8dff0
    [0x43ff0] 0x7352b8dff0:	cmp      w8, w20
    [0x43ff4] 0x7352b8dff4:	b.le     #0x7352b8e114
    [0x44114] 0x7352b8e114:	mov      w9, #0xf53
    [0x44118] 0x7352b8e118:	movk     w9, #0x9e49, lsl #16
    [0x4411c] 0x7352b8e11c:	cmp      w8, w9
    [0x44120] 0x7352b8e120:	b.le     #0x7352b8e2b0
    [0x44124] 0x7352b8e124:	mov      w9, #0xd953
    [0x44128] 0x7352b8e128:	movk     w9, #0xab8a, lsl #16
    [0x4412c] 0x7352b8e12c:	cmp      w8, w9
    [0x44130] 0x7352b8e130:	b.gt     #0x7352b8e438
    [0x44134] 0x7352b8e134:	mov      w9, #0x7ec9
    [0x44138] 0x7352b8e138:	movk     w9, #0xa3cf, lsl #16
    [0x4413c] 0x7352b8e13c:	cmp      w8, w9
    [0x44140] 0x7352b8e140:	b.le     #0x7352b8e8d8
    [0x448d8] 0x7352b8e8d8:	mov      w9, #0xf54
    [0x448dc] 0x7352b8e8dc:	movk     w9, #0x9e49, lsl #16
    [0x448e0] 0x7352b8e8e0:	cmp      w8, w9
    [0x448e4] 0x7352b8e8e4:	b.eq     #0x7352b90cec
    [0x46cec] 0x7352b90cec:	sub      x8, sp, #0x20
    [0x46cf0] 0x7352b90cf0:	mov      sp, x8
    [0x46cf4] 0x7352b90cf4:	str      x8, [x19, #0x1d0]
    [0x46cf8] 0x7352b90cf8:	sub      x8, sp, #0x20
    [0x46cfc] 0x7352b90cfc:	mov      sp, x8
    [0x46d00] 0x7352b90d00:	str      x8, [x19, #0x1d8]
    [0x46d04] 0x7352b90d04:	sub      x8, sp, #0x20
    [0x46d08] 0x7352b90d08:	mov      sp, x8
    [0x46d0c] 0x7352b90d0c:	str      x8, [x19, #0x1e0]
    [0x46d10] 0x7352b90d10:	sub      x8, sp, #0x20
    [0x46d14] 0x7352b90d14:	mov      sp, x8
    [0x46d18] 0x7352b90d18:	str      x8, [x19, #0x1e8]
    [0x46d1c] 0x7352b90d1c:	sub      x8, sp, #0x20
    [0x46d20] 0x7352b90d20:	mov      sp, x8
    [0x46d24] 0x7352b90d24:	str      x8, [x19, #0x1f0]
    [0x46d28] 0x7352b90d28:	sub      x8, sp, #0x20
    [0x46d2c] 0x7352b90d2c:	mov      sp, x8
    [0x46d30] 0x7352b90d30:	str      x8, [x19, #0x1f8]
    [0x46d34] 0x7352b90d34:	sub      x8, sp, #0x20
    [0x46d38] 0x7352b90d38:	mov      sp, x8
    [0x46d3c] 0x7352b90d3c:	str      x8, [x19, #0x200]
    [0x46d40] 0x7352b90d40:	sub      x8, sp, #0x20
    [0x46d44] 0x7352b90d44:	mov      sp, x8
    [0x46d48] 0x7352b90d48:	str      x8, [x19, #0x208]
    [0x46d4c] 0x7352b90d4c:	sub      x8, sp, #0x20
    [0x46d50] 0x7352b90d50:	mov      sp, x8
    [0x46d54] 0x7352b90d54:	str      x8, [x19, #0x210]
    [0x46d58] 0x7352b90d58:	sub      x8, sp, #0x10
    [0x46d5c] 0x7352b90d5c:	mov      sp, x8
    [0x46d60] 0x7352b90d60:	str      x8, [x19, #0x218]
    [0x46d64] 0x7352b90d64:	sub      x8, sp, #0x20
    [0x46d68] 0x7352b90d68:	mov      sp, x8
    [0x46d6c] 0x7352b90d6c:	str      x8, [x19, #0x220]
    [0x46d70] 0x7352b90d70:	sub      x8, sp, #0x20
    [0x46d74] 0x7352b90d74:	mov      sp, x8
    [0x46d78] 0x7352b90d78:	str      x8, [x19, #0x228]
    [0x46d7c] 0x7352b90d7c:	sub      x8, sp, #0x20
    [0x46d80] 0x7352b90d80:	mov      sp, x8
    [0x46d84] 0x7352b90d84:	str      x8, [x19, #0x230]
    [0x46d88] 0x7352b90d88:	sub      x8, x29, #0x30
    [0x46d8c] 0x7352b90d8c:	stp      xzr, xzr, [x23]
    [0x46d90] 0x7352b90d90:	str      xzr, [x23, #0x10]
    [0x46d94] 0x7352b90d94:	str      x8, [x19, #0x238]
    [0x46d98] 0x7352b90d98:	ldr      x8, [x19, #0x238]
    [0x46d9c] 0x7352b90d9c:	mov      w0, #0x112d
    [0x46da0] 0x7352b90da0:	mov      w1, #0x1418
âš¡ï¸ CALL >>> [0x46da4] 0x7352b90da4:	bl       #0x7352b5b1e0
    [0x46da8] 0x7352b90da8:	mov      x1, x0
    [0x46dac] 0x7352b90dac:	sub      x0, x29, #0x30
âš¡ï¸ CALL >>> [0x46db0] 0x7352b90db0:	bl       #0x7352b54f08
    [0x46db4] 0x7352b90db4:	ldr      x8, [x19, #0x170]
    [0x46db8] 0x7352b90db8:	mov      w0, #0x113e
    [0x46dbc] 0x7352b90dbc:	mov      w1, #0x142c
    [0x46dc0] 0x7352b90dc0:	str      x8, [x19, #0x240]
    [0x46dc4] 0x7352b90dc4:	ldr      x8, [x19, #0x240]
âš¡ï¸ CALL >>> [0x46dc8] 0x7352b90dc8:	bl       #0x7352b5b1e0
    [0x46dcc] 0x7352b90dcc:	ldr      x8, [x19, #0x170]
    [0x46dd0] 0x7352b90dd0:	mov      x1, x0
    [0x46dd4] 0x7352b90dd4:	mov      x0, x8
âš¡ï¸ CALL >>> [0x46dd8] 0x7352b90dd8:	bl       #0x7352b54f08
    [0x46ddc] 0x7352b90ddc:	mov      w9, #0x419b
    [0x46de0] 0x7352b90de0:	movk     w9, #0x837f, lsl #16
    [0x46de4] 0x7352b90de4:	b        #0x7352b8df48
    [0x442b0] 0x7352b8e2b0:	mov      w9, #0xc356
    [0x442b4] 0x7352b8e2b4:	movk     w9, #0x8dc9, lsl #16
    [0x442b8] 0x7352b8e2b8:	cmp      w8, w9
    [0x442bc] 0x7352b8e2bc:	b.le     #0x7352b8e584
    [0x44584] 0x7352b8e584:	mov      w9, #0x3f54
    [0x44588] 0x7352b8e588:	movk     w9, #0x877c, lsl #16
    [0x4458c] 0x7352b8e58c:	cmp      w8, w9
    [0x44590] 0x7352b8e590:	b.gt     #0x7352b8e62c
    [0x44594] 0x7352b8e594:	mov      w9, #0x7497
    [0x44598] 0x7352b8e598:	movk     w9, #0x80c0, lsl #16
    [0x4459c] 0x7352b8e59c:	cmp      w8, w9
    [0x445a0] 0x7352b8e5a0:	b.eq     #0x7352b90960
    [0x445a4] 0x7352b8e5a4:	mov      w9, #0x75f5
    [0x445a8] 0x7352b8e5a8:	movk     w9, #0x81b4, lsl #16
    [0x445ac] 0x7352b8e5ac:	cmp      w8, w9
    [0x445b0] 0x7352b8e5b0:	b.eq     #0x7352b906d8
    [0x445b4] 0x7352b8e5b4:	mov      w9, #0x419b
    [0x445b8] 0x7352b8e5b8:	movk     w9, #0x837f, lsl #16
    [0x445bc] 0x7352b8e5bc:	cmp      w8, w9
    [0x445c0] 0x7352b8e5c0:	mov      w9, w8
    [0x445c4] 0x7352b8e5c4:	b.ne     #0x7352b8df48
    [0x445c8] 0x7352b8e5c8:	ldr      w9, [x19, #0x14]
    [0x445cc] 0x7352b8e5cc:	b        #0x7352b8df48
    [0x43f64] 0x7352b8df64:	mov      w9, #0x666a
    [0x43f68] 0x7352b8df68:	movk     w9, #0x4999, lsl #16
    [0x43f6c] 0x7352b8df6c:	cmp      w8, w9
    [0x43f70] 0x7352b8df70:	b.gt     #0x7352b8e1f0
    [0x43f74] 0x7352b8df74:	mov      w9, #0xe255
    [0x43f78] 0x7352b8df78:	movk     w9, #0x3289, lsl #16
    [0x43f7c] 0x7352b8df7c:	cmp      w8, w9
    [0x43f80] 0x7352b8df80:	b.gt     #0x7352b8e488
    [0x43f84] 0x7352b8df84:	mov      w9, #0x3bb1
    [0x43f88] 0x7352b8df88:	movk     w9, #0x2b5d, lsl #16
    [0x43f8c] 0x7352b8df8c:	cmp      w8, w9
    [0x43f90] 0x7352b8df90:	b.le     #0x7352b8e998
    [0x44998] 0x7352b8e998:	mov      w9, #0xd103
    [0x4499c] 0x7352b8e99c:	movk     w9, #0x25fc, lsl #16
    [0x449a0] 0x7352b8e9a0:	cmp      w8, w9
    [0x449a4] 0x7352b8e9a4:	b.eq     #0x7352b90de8
    [0x449a8] 0x7352b8e9a8:	mov      w9, #0xb59a
    [0x449ac] 0x7352b8e9ac:	movk     w9, #0x2786, lsl #16
    [0x449b0] 0x7352b8e9b0:	cmp      w8, w9
    [0x449b4] 0x7352b8e9b4:	b.eq     #0x7352b90b3c
    [0x449b8] 0x7352b8e9b8:	mov      w9, #0x4d78
    [0x449bc] 0x7352b8e9bc:	movk     w9, #0x2a6d, lsl #16
    [0x449c0] 0x7352b8e9c0:	cmp      w8, w9
    [0x449c4] 0x7352b8e9c4:	mov      w9, w8
    [0x449c8] 0x7352b8e9c8:	b.ne     #0x7352b8df48
    [0x449cc] 0x7352b8e9cc:	ldr      w9, [x19, #0x38]
    [0x449d0] 0x7352b8e9d0:	b        #0x7352b8df48
    [0x43ff8] 0x7352b8dff8:	mov      w9, #0x7c5f
    [0x43ffc] 0x7352b8dffc:	movk     w9, #0xce47, lsl #16
    [0x44000] 0x7352b8e000:	cmp      w8, w9
    [0x44004] 0x7352b8e004:	b.gt     #0x7352b8e194
    [0x44008] 0x7352b8e008:	mov      w9, #0x348
    [0x4400c] 0x7352b8e00c:	movk     w9, #0xc92b, lsl #16
    [0x44010] 0x7352b8e010:	cmp      w8, w9
    [0x44014] 0x7352b8e014:	b.gt     #0x7352b8e388
    [0x44388] 0x7352b8e388:	mov      w9, #0x6732
    [0x4438c] 0x7352b8e38c:	movk     w9, #0xcc80, lsl #16
    [0x44390] 0x7352b8e390:	cmp      w8, w9
    [0x44394] 0x7352b8e394:	b.le     #0x7352b8e848
    [0x44398] 0x7352b8e398:	mov      w9, #0xd834
    [0x4439c] 0x7352b8e39c:	movk     w9, #0xcce0, lsl #16
    [0x443a0] 0x7352b8e3a0:	cmp      w8, w9
    [0x443a4] 0x7352b8e3a4:	b.gt     #0x7352b8ecb4
    [0x44cb4] 0x7352b8ecb4:	mov      w9, #0xd835
    [0x44cb8] 0x7352b8ecb8:	movk     w9, #0xcce0, lsl #16
    [0x44cbc] 0x7352b8ecbc:	cmp      w8, w9
    [0x44cc0] 0x7352b8ecc0:	b.eq     #0x7352b90934
    [0x44cc4] 0x7352b8ecc4:	mov      w9, #0x540e
    [0x44cc8] 0x7352b8ecc8:	movk     w9, #0xcd4e, lsl #16
    [0x44ccc] 0x7352b8eccc:	cmp      w8, w9
    [0x44cd0] 0x7352b8ecd0:	mov      w9, w8
    [0x44cd4] 0x7352b8ecd4:	b.ne     #0x7352b8df48
    [0x44cd8] 0x7352b8ecd8:	ldr      w9, [x19, #0x44]
    [0x44cdc] 0x7352b8ecdc:	b        #0x7352b8df48
    [0x44194] 0x7352b8e194:	mov      w9, #0xd637
    [0x44198] 0x7352b8e198:	movk     w9, #0xdc89, lsl #16
    [0x4419c] 0x7352b8e19c:	cmp      w8, w9
    [0x441a0] 0x7352b8e1a0:	b.gt     #0x7352b8e3f4
    [0x443f4] 0x7352b8e3f4:	mov      w9, #0x901b
    [0x443f8] 0x7352b8e3f8:	movk     w9, #0xe225, lsl #16
    [0x443fc] 0x7352b8e3fc:	cmp      w8, w9
    [0x44400] 0x7352b8e400:	b.le     #0x7352b8e89c
    [0x44404] 0x7352b8e404:	mov      w9, #0xf447
    [0x44408] 0x7352b8e408:	movk     w9, #0xe387, lsl #16
    [0x4440c] 0x7352b8e40c:	cmp      w8, w9
    [0x44410] 0x7352b8e410:	b.gt     #0x7352b8ece0
    [0x44414] 0x7352b8e414:	cmp      w8, w26
    [0x44418] 0x7352b8e418:	b.eq     #0x7352b908e4
    [0x4441c] 0x7352b8e41c:	mov      w9, #0x97c8
    [0x44420] 0x7352b8e420:	movk     w9, #0xe380, lsl #16
    [0x44424] 0x7352b8e424:	cmp      w8, w9
    [0x44428] 0x7352b8e428:	mov      w9, w8
    [0x4442c] 0x7352b8e42c:	b.ne     #0x7352b8df48
    [0x44430] 0x7352b8e430:	ldr      w9, [x19, #0x48]
    [0x44434] 0x7352b8e434:	b        #0x7352b8df48
    [0x441a4] 0x7352b8e1a4:	mov      w9, #0x2dc
    [0x441a8] 0x7352b8e1a8:	movk     w9, #0xd3c8, lsl #16
    [0x441ac] 0x7352b8e1ac:	cmp      w8, w9
    [0x441b0] 0x7352b8e1b0:	b.le     #0x7352b8e7f4
    [0x441b4] 0x7352b8e1b4:	mov      w9, #0xa968
    [0x441b8] 0x7352b8e1b8:	movk     w9, #0xd91a, lsl #16
    [0x441bc] 0x7352b8e1bc:	cmp      w8, w9
    [0x441c0] 0x7352b8e1c0:	b.gt     #0x7352b8ec68
    [0x441c4] 0x7352b8e1c4:	mov      w9, #0x2dd
    [0x441c8] 0x7352b8e1c8:	movk     w9, #0xd3c8, lsl #16
    [0x441cc] 0x7352b8e1cc:	cmp      w8, w9
    [0x441d0] 0x7352b8e1d0:	b.eq     #0x7352b90854
    [0x441d4] 0x7352b8e1d4:	mov      w9, #0x9b4f
    [0x441d8] 0x7352b8e1d8:	movk     w9, #0xd417, lsl #16
    [0x441dc] 0x7352b8e1dc:	cmp      w8, w9
    [0x441e0] 0x7352b8e1e0:	mov      w9, w8
    [0x441e4] 0x7352b8e1e4:	b.ne     #0x7352b8df48
    [0x441e8] 0x7352b8e1e8:	ldr      w9, [x19, #0x4c]
    [0x441ec] 0x7352b8e1ec:	b        #0x7352b8df48
    [0x44718] 0x7352b8e718:	mov      w9, #0x3fa4
    [0x4471c] 0x7352b8e71c:	movk     w9, #0xd4, lsl #16
    [0x44720] 0x7352b8e720:	cmp      w8, w9
    [0x44724] 0x7352b8e724:	b.eq     #0x7352b90980
    [0x46980] 0x7352b90980:	mov      w8, #1
    [0x46984] 0x7352b90984:	str      w8, [x19, #0xcc]
    [0x46988] 0x7352b90988:	mov      w8, #1
    [0x4698c] 0x7352b9098c:	mov      w9, #0xc45c
    [0x46990] 0x7352b90990:	str      w8, [x19, #0xc4]
    [0x46994] 0x7352b90994:	movk     w9, #0x959c, lsl #16
    [0x46998] 0x7352b90998:	b        #0x7352b8df48
    [0x442c0] 0x7352b8e2c0:	mov      w9, #0xc45b
    [0x442c4] 0x7352b8e2c4:	movk     w9, #0x959c, lsl #16
    [0x442c8] 0x7352b8e2c8:	cmp      w8, w9
    [0x442cc] 0x7352b8e2cc:	b.le     #0x7352b8eab4
    [0x442d0] 0x7352b8e2d0:	mov      w9, #0xafdb
    [0x442d4] 0x7352b8e2d4:	movk     w9, #0x9c3f, lsl #16
    [0x442d8] 0x7352b8e2d8:	cmp      w8, w9
    [0x442dc] 0x7352b8e2dc:	b.gt     #0x7352b8eeac
    [0x442e0] 0x7352b8e2e0:	mov      w9, #0xc45c
    [0x442e4] 0x7352b8e2e4:	movk     w9, #0x959c, lsl #16
    [0x442e8] 0x7352b8e2e8:	cmp      w8, w9
    [0x442ec] 0x7352b8e2ec:	b.eq     #0x7352b90cac
    [0x46cac] 0x7352b90cac:	ldr      x8, [x19, #0x180]
    [0x46cb0] 0x7352b90cb0:	ldr      x8, [x19, #0x180]
    [0x46cb4] 0x7352b90cb4:	ldr      x2, [x19, #0x110]
    [0x46cb8] 0x7352b90cb8:	mov      w0, #1
    [0x46cbc] 0x7352b90cbc:	mov      x1, x25
âš¡ï¸ CALL >>> [0x46cc0] 0x7352b90cc0:	bl       #0x7352b59da8
